<?xml version="1.0" encoding="UTF-8"?>
<testsuites name="ProAcc_Suite" time="2745.463" tests="22" failures="0" skips="0" errors="0">
   <testsuite name="ProAcc_Suite" tests="22" failures="0" errors="0" time="2745.463" skips="0" timestamp="2021-02-22 16:08:28" hostname="Group10 - Group10-PC" id="Test Suites/ProAcc_Suite">
      <properties>
         <property name="deviceName" value=""/>
         <property name="devicePlatform" value=""/>
         <property name="logFolder" value="C:\\Users\\Group10\\Desktop\\ProAcc_Test\\ProAcc_Test_New\\Reports\\20210222_160822\\ProAcc_Suite\\20210222_160822"/>
         <property name="logFiles" value="C:\\Users\\Group10\\Desktop\\ProAcc_Test\\ProAcc_Test_New\\Reports\\20210222_160822\\ProAcc_Suite\\20210222_160822\\execution0.log"/>
         <property name="attachments" value="C:\\Users\\Group10\\Desktop\\ProAcc_Test\\ProAcc_Test_New\\Reports\\20210222_160822\\ProAcc_Suite\\20210222_160822\\1613991463758.png, C:\Users\Group10\Desktop\ProAcc_Test\ProAcc_Test_New\screenshots\Mon_Feb_22_16_27_44_IST_2021.png, C:\\Users\\Group10\\Desktop\\ProAcc_Test\\ProAcc_Test_New\\Reports\\20210222_160822\\ProAcc_Suite\\20210222_160822\\1613991468689.png, C:\Users\Group10\Desktop\ProAcc_Test\ProAcc_Test_New\screenshots\Mon_Feb_22_16_27_49_IST_2021.png"/>
         <property name="hostName" value="Group10 - Group10-PC"/>
         <property name="os" value="Windows 7 64bit"/>
         <property name="katalonVersion" value="7.9.1.208"/>
         <property name="browser" value="Chrome 88.0.4324.182"/>
         <property name="hostAddress" value="192.168.1.3"/>
         <property name="sessionId" value="a8fa1f3c9df6ae5c80b6dee8a457ead8"/>
         <property name="seleniumVersion" value="3.141.59"/>
         <property name="proxyInformation" value="ProxyInformation { proxyOption=NO_PROXY, proxyServerType=HTTP, username=, password=********, proxyServerAddress=, proxyServerPort=0, executionList=&quot;&quot;, isApplyToDesiredCapabilities=true }"/>
         <property name="platform" value="Windows 7"/>
      </properties>
      <testcase name="Test Cases/Tc_ProAcc_Login/Login" time="24.025" classname="Test Cases/Tc_ProAcc_Login/Login" status="PASSED">
         <system-out><![CDATA[2021-02-22 16:08:30 - [TEST_CASE][PASSED] - Test Cases/Tc_ProAcc_Login/Login: Test Cases/Tc_ProAcc_Login/Login

2021-02-22 16:08:31 - [TEST_STEP][PASSED] - runWithCucumberRunner(testRunner.Login_Runner): Run with 'testRunner.Login_Runner' was passed

2021-02-22 16:08:34 - [MESSAGE][INFO] - Starting 'Chrome' driver

2021-02-22 16:08:34 - [MESSAGE][INFO] - Action delay is set to 0 milliseconds

2021-02-22 16:08:37 - [MESSAGE][PASSED] - Browser is opened with url: ''

2021-02-22 16:08:37 - [MESSAGE][PASSED] - Current window maximized

2021-02-22 16:08:42 - [MESSAGE][PASSED] - Delayed 5 second(s)

2021-02-22 16:08:43 - [MESSAGE][PASSED] - Navigate to 'http://123.176.34.15:4041/PROACC2QA/' successfully

2021-02-22 16:08:44 - [MESSAGE][PASSED] - Text 'admin' is set on object 'Object Repository/ProAcc_Login/input_User Name_Username'

2021-02-22 16:08:46 - [MESSAGE][PASSED] - Delayed 2 second(s)

2021-02-22 16:08:47 - [MESSAGE][PASSED] - Text 'admin@12' is set on object 'Object Repository/ProAcc_Login/input_Password_Password'

2021-02-22 16:08:49 - [MESSAGE][PASSED] - Delayed 2 second(s)

2021-02-22 16:08:51 - [MESSAGE][PASSED] - Object: 'Object Repository/ProAcc_Login/button_Sign In' is clicked on

2021-02-22 16:08:54 - [MESSAGE][PASSED] - Delayed 3 second(s)

2021-02-22 16:08:54 - [MESSAGE][PASSED] - Run with 'testRunner.Login_Runner' was passed]]></system-out>
         <system-err><![CDATA[]]></system-err>
      </testcase>
      <testcase name="Test Cases/Tc_ProAcc_Admin/Tc_Customer" time="14.987" classname="Test Cases/Tc_ProAcc_Admin/Tc_Customer" status="PASSED">
         <system-out><![CDATA[2021-02-22 16:08:54 - [TEST_CASE][PASSED] - Test Cases/Tc_ProAcc_Admin/Tc_Customer: Test Cases/Tc_ProAcc_Admin/Tc_Customer

2021-02-22 16:08:54 - [TEST_STEP][PASSED] - runWithCucumberRunner(testRunner.Customer_Runner): Run with 'testRunner.Customer_Runner' was passed

2021-02-22 16:08:57 - [MESSAGE][PASSED] - Object: 'Object Repository/ProAcc_Admin/ProAcc_Customer/span_Configuration' is clicked on

2021-02-22 16:08:58 - [MESSAGE][PASSED] - Object: 'Object Repository/ProAcc_Admin/ProAcc_Customer/a_Customer' is clicked on

2021-02-22 16:09:00 - [MESSAGE][PASSED] - Delayed 2 second(s)

2021-02-22 16:09:01 - [MESSAGE][PASSED] - Object: 'Object Repository/ProAcc_Admin/ProAcc_Customer/button_Add Customer' is clicked on

2021-02-22 16:09:02 - [MESSAGE][PASSED] - Delayed 1 second(s)

2021-02-22 16:09:02 - [MESSAGE][PASSED] - Object: 'Object Repository/ProAcc_Admin/ProAcc_Customer/input_Customer Name_txtCompanyName' is clicked on

2021-02-22 16:09:04 - [MESSAGE][PASSED] - Text 'Cipla Industries' is set on object 'Object Repository/ProAcc_Admin/ProAcc_Customer/input_Customer Name_txtCompanyName'

2021-02-22 16:09:05 - [MESSAGE][PASSED] - All options with label 'Pharmaceuticals' are selected in object 'Object Repository/ProAcc_Admin/ProAcc_Customer/select_Select IndustrySector               _9609f9'  using regular expression

2021-02-22 16:09:06 - [MESSAGE][PASSED] - Text 'sai' is set on object 'Object Repository/ProAcc_Admin/ProAcc_Customer/input_Contact Person_txtContact'

2021-02-22 16:09:07 - [MESSAGE][PASSED] - Text 'Test@promantus.com' is set on object 'Object Repository/ProAcc_Admin/ProAcc_Customer/input_Email_txtCustomerEmail'

2021-02-22 16:09:08 - [MESSAGE][PASSED] - Text '7013955452' is set on object 'Object Repository/ProAcc_Admin/ProAcc_Customer/input_Phone_txtCustomerPhone'

2021-02-22 16:09:09 - [MESSAGE][PASSED] - Object: 'Object Repository/ProAcc_Admin/ProAcc_Customer/button_Save' is clicked on

2021-02-22 16:09:09 - [MESSAGE][PASSED] - Run with 'testRunner.Customer_Runner' was passed]]></system-out>
         <system-err><![CDATA[]]></system-err>
      </testcase>
      <testcase name="Test Cases/Tc_ProAcc_Admin/Tc_User" time="101.211" classname="Test Cases/Tc_ProAcc_Admin/Tc_User" status="PASSED">
         <system-out><![CDATA[2021-02-22 16:09:09 - [TEST_CASE][PASSED] - Test Cases/Tc_ProAcc_Admin/Tc_User: Test Cases/Tc_ProAcc_Admin/Tc_User

2021-02-22 16:09:10 - [TEST_STEP][PASSED] - runWithCucumberRunner(testRunner.Users_Runner): Run with 'testRunner.Users_Runner' was passed

2021-02-22 16:09:17 - [MESSAGE][PASSED] - Object: 'Object Repository/ProAcc_Admin/ProAcc_Users/usersetting' is clicked on

2021-02-22 16:09:19 - [MESSAGE][PASSED] - Object: 'Object Repository/ProAcc_Admin/ProAcc_Users/click_user' is clicked on

2021-02-22 16:09:20 - [MESSAGE][PASSED] - Delayed 1 second(s)

2021-02-22 16:09:21 - [MESSAGE][PASSED] - Delayed 1 second(s)

2021-02-22 16:09:21 - [MESSAGE][PASSED] - Object: 'Object Repository/ProAcc_Admin/ProAcc_Users/adduser' is clicked on

2021-02-22 16:09:23 - [MESSAGE][PASSED] - Text 'TestAdmin' is set on object 'Object Repository/ProAcc_Admin/ProAcc_Users/name'

2021-02-22 16:09:24 - [MESSAGE][PASSED] - Delayed 1 second(s)

2021-02-22 16:09:25 - [MESSAGE][PASSED] - Text 'TestAdmin' is set on object 'Object Repository/ProAcc_Admin/ProAcc_Users/loginid'

2021-02-22 16:09:26 - [MESSAGE][PASSED] - Delayed 1 second(s)

2021-02-22 16:09:26 - [MESSAGE][PASSED] - Text 'a12345@' is set on object 'Object Repository/ProAcc_Admin/ProAcc_Users/password'

2021-02-22 16:09:27 - [MESSAGE][PASSED] - Delayed 1 second(s)

2021-02-22 16:09:28 - [MESSAGE][PASSED] - Text 'a12345@' is set on object 'Object Repository/ProAcc_Admin/ProAcc_Users/confirmpassword'

2021-02-22 16:09:29 - [MESSAGE][PASSED] - Delayed 1 second(s)

2021-02-22 16:09:30 - [MESSAGE][PASSED] - Text '7013955452' is set on object 'Object Repository/ProAcc_Admin/ProAcc_Users/phone'

2021-02-22 16:09:31 - [MESSAGE][PASSED] - Delayed 1 second(s)

2021-02-22 16:09:32 - [MESSAGE][PASSED] - Text 'Test@promantus.com' is set on object 'Object Repository/ProAcc_Admin/ProAcc_Users/email'

2021-02-22 16:09:33 - [MESSAGE][PASSED] - Delayed 1 second(s)

2021-02-22 16:09:34 - [MESSAGE][PASSED] - All options with label 'Admin' are selected in object 'Object Repository/ProAcc_Admin/ProAcc_Users/usertypedrp'  using regular expression

2021-02-22 16:09:36 - [MESSAGE][PASSED] - Delayed 2 second(s)

2021-02-22 16:09:38 - [MESSAGE][PASSED] - Delayed 2 second(s)

2021-02-22 16:09:39 - [MESSAGE][PASSED] - Object: 'Object Repository/ProAcc_Admin/ProAcc_Users/btn_save' is clicked on

2021-02-22 16:09:41 - [MESSAGE][PASSED] - Delayed 2 second(s)

2021-02-22 16:09:41 - [MESSAGE][PASSED] - Object: 'Object Repository/ProAcc_Admin/ProAcc_Users/adduser' is clicked on

2021-02-22 16:09:47 - [MESSAGE][PASSED] - Text 'TestPM' is set on object 'Object Repository/ProAcc_Admin/ProAcc_Users/name'

2021-02-22 16:09:48 - [MESSAGE][PASSED] - Delayed 1 second(s)

2021-02-22 16:09:48 - [MESSAGE][PASSED] - Text 'TestPM' is set on object 'Object Repository/ProAcc_Admin/ProAcc_Users/loginid'

2021-02-22 16:09:49 - [MESSAGE][PASSED] - Delayed 1 second(s)

2021-02-22 16:09:50 - [MESSAGE][PASSED] - Text 'a12345@' is set on object 'Object Repository/ProAcc_Admin/ProAcc_Users/password'

2021-02-22 16:09:51 - [MESSAGE][PASSED] - Delayed 1 second(s)

2021-02-22 16:09:52 - [MESSAGE][PASSED] - Text 'a12345@' is set on object 'Object Repository/ProAcc_Admin/ProAcc_Users/confirmpassword'

2021-02-22 16:09:53 - [MESSAGE][PASSED] - Delayed 1 second(s)

2021-02-22 16:09:54 - [MESSAGE][PASSED] - Text '7013955452' is set on object 'Object Repository/ProAcc_Admin/ProAcc_Users/phone'

2021-02-22 16:09:55 - [MESSAGE][PASSED] - Delayed 1 second(s)

2021-02-22 16:09:56 - [MESSAGE][PASSED] - Text 'Test@promantus.com' is set on object 'Object Repository/ProAcc_Admin/ProAcc_Users/email'

2021-02-22 16:09:57 - [MESSAGE][PASSED] - Delayed 1 second(s)

2021-02-22 16:09:58 - [MESSAGE][PASSED] - All options with label 'Project Manager' are selected in object 'Object Repository/ProAcc_Admin/ProAcc_Users/usertypedrp'  using regular expression

2021-02-22 16:10:00 - [MESSAGE][PASSED] - Delayed 2 second(s)

2021-02-22 16:10:02 - [MESSAGE][PASSED] - Delayed 2 second(s)

2021-02-22 16:10:03 - [MESSAGE][PASSED] - Object: 'Object Repository/ProAcc_Admin/ProAcc_Users/btn_save' is clicked on

2021-02-22 16:10:05 - [MESSAGE][PASSED] - Delayed 2 second(s)

2021-02-22 16:10:05 - [MESSAGE][PASSED] - Object: 'Object Repository/ProAcc_Admin/ProAcc_Users/adduser' is clicked on

2021-02-22 16:10:07 - [MESSAGE][PASSED] - Text 'TestConsultant' is set on object 'Object Repository/ProAcc_Admin/ProAcc_Users/name'

2021-02-22 16:10:08 - [MESSAGE][PASSED] - Delayed 1 second(s)

2021-02-22 16:10:08 - [MESSAGE][PASSED] - Text 'TestConsultant' is set on object 'Object Repository/ProAcc_Admin/ProAcc_Users/loginid'

2021-02-22 16:10:10 - [MESSAGE][PASSED] - Delayed 1 second(s)

2021-02-22 16:10:10 - [MESSAGE][PASSED] - Text 'a12345@' is set on object 'Object Repository/ProAcc_Admin/ProAcc_Users/password'

2021-02-22 16:10:11 - [MESSAGE][PASSED] - Delayed 1 second(s)

2021-02-22 16:10:12 - [MESSAGE][PASSED] - Text 'a12345@' is set on object 'Object Repository/ProAcc_Admin/ProAcc_Users/confirmpassword'

2021-02-22 16:10:13 - [MESSAGE][PASSED] - Delayed 1 second(s)

2021-02-22 16:10:14 - [MESSAGE][PASSED] - Text '7013955452' is set on object 'Object Repository/ProAcc_Admin/ProAcc_Users/phone'

2021-02-22 16:10:15 - [MESSAGE][PASSED] - Delayed 1 second(s)

2021-02-22 16:10:16 - [MESSAGE][PASSED] - Text 'Test@promantus.com' is set on object 'Object Repository/ProAcc_Admin/ProAcc_Users/email'

2021-02-22 16:10:17 - [MESSAGE][PASSED] - Delayed 1 second(s)

2021-02-22 16:10:18 - [MESSAGE][PASSED] - All options with label 'Consultant' are selected in object 'Object Repository/ProAcc_Admin/ProAcc_Users/usertypedrp'  using regular expression

2021-02-22 16:10:20 - [MESSAGE][PASSED] - Delayed 2 second(s)

2021-02-22 16:10:21 - [MESSAGE][PASSED] - All options with label 'Functional Consultant' are selected in object 'Object Repository/ProAcc_Admin/ProAcc_Users/roledrp'  using regular expression

2021-02-22 16:10:22 - [MESSAGE][PASSED] - Delayed 1 second(s)

2021-02-22 16:10:24 - [MESSAGE][PASSED] - Delayed 2 second(s)

2021-02-22 16:10:25 - [MESSAGE][PASSED] - Object: 'Object Repository/ProAcc_Admin/ProAcc_Users/btn_save' is clicked on

2021-02-22 16:10:27 - [MESSAGE][PASSED] - Delayed 2 second(s)

2021-02-22 16:10:27 - [MESSAGE][PASSED] - Object: 'Object Repository/ProAcc_Admin/ProAcc_Users/adduser' is clicked on

2021-02-22 16:10:29 - [MESSAGE][PASSED] - Text 'TestCustomer' is set on object 'Object Repository/ProAcc_Admin/ProAcc_Users/name'

2021-02-22 16:10:30 - [MESSAGE][PASSED] - Delayed 1 second(s)

2021-02-22 16:10:31 - [MESSAGE][PASSED] - Text 'TestCustomer' is set on object 'Object Repository/ProAcc_Admin/ProAcc_Users/loginid'

2021-02-22 16:10:32 - [MESSAGE][PASSED] - Delayed 1 second(s)

2021-02-22 16:10:33 - [MESSAGE][PASSED] - Text 'a12345@' is set on object 'Object Repository/ProAcc_Admin/ProAcc_Users/password'

2021-02-22 16:10:34 - [MESSAGE][PASSED] - Delayed 1 second(s)

2021-02-22 16:10:34 - [MESSAGE][PASSED] - Text 'a12345@' is set on object 'Object Repository/ProAcc_Admin/ProAcc_Users/confirmpassword'

2021-02-22 16:10:35 - [MESSAGE][PASSED] - Delayed 1 second(s)

2021-02-22 16:10:36 - [MESSAGE][PASSED] - Text '7013955452' is set on object 'Object Repository/ProAcc_Admin/ProAcc_Users/phone'

2021-02-22 16:10:37 - [MESSAGE][PASSED] - Delayed 1 second(s)

2021-02-22 16:10:38 - [MESSAGE][PASSED] - Text 'Test@promantus.com' is set on object 'Object Repository/ProAcc_Admin/ProAcc_Users/email'

2021-02-22 16:10:39 - [MESSAGE][PASSED] - Delayed 1 second(s)

2021-02-22 16:10:40 - [MESSAGE][PASSED] - All options with label 'Customer' are selected in object 'Object Repository/ProAcc_Admin/ProAcc_Users/usertypedrp'  using regular expression

2021-02-22 16:10:42 - [MESSAGE][PASSED] - Delayed 2 second(s)

2021-02-22 16:10:44 - [MESSAGE][PASSED] - All options with label 'Functional Consultant' are selected in object 'Object Repository/ProAcc_Admin/ProAcc_Users/roledrp'  using regular expression

2021-02-22 16:10:45 - [MESSAGE][PASSED] - All options with label 'Cipla Industries' are selected in object 'Object Repository/ProAcc_Admin/ProAcc_Users/customerdrp'  using regular expression

2021-02-22 16:10:47 - [MESSAGE][PASSED] - Delayed 2 second(s)

2021-02-22 16:10:47 - [MESSAGE][PASSED] - Object: 'Object Repository/ProAcc_Admin/ProAcc_Users/btn_save' is clicked on

2021-02-22 16:10:49 - [MESSAGE][PASSED] - Delayed 2 second(s)

2021-02-22 16:10:50 - [MESSAGE][PASSED] - Delayed 1 second(s)

2021-02-22 16:10:50 - [MESSAGE][PASSED] - Run with 'testRunner.Users_Runner' was passed]]></system-out>
         <system-err><![CDATA[]]></system-err>
      </testcase>
      <testcase name="Test Cases/Tc_ProAcc_Admin/Tc_Projects" time="23.034" classname="Test Cases/Tc_ProAcc_Admin/Tc_Projects" status="PASSED">
         <system-out><![CDATA[2021-02-22 16:10:50 - [TEST_CASE][PASSED] - Test Cases/Tc_ProAcc_Admin/Tc_Projects: Test Cases/Tc_ProAcc_Admin/Tc_Projects

2021-02-22 16:10:51 - [TEST_STEP][PASSED] - runWithCucumberRunner(testRunner.Project_Runner): Run with 'testRunner.Project_Runner' was passed

2021-02-22 16:10:53 - [MESSAGE][PASSED] - Object: 'Object Repository/ProAcc_Admin/ProAcc_Project/click_config' is clicked on

2021-02-22 16:10:55 - [MESSAGE][PASSED] - Delayed 2 second(s)

2021-02-22 16:10:55 - [MESSAGE][PASSED] - Object: 'Object Repository/ProAcc_Admin/ProAcc_Project/click_AddnewPrj' is clicked on

2021-02-22 16:10:57 - [MESSAGE][PASSED] - Delayed 2 second(s)

2021-02-22 16:10:58 - [MESSAGE][PASSED] - Text 'TestProject' is set on object 'Object Repository/ProAcc_Admin/ProAcc_Project/btn_prjname'

2021-02-22 16:11:00 - [MESSAGE][PASSED] - Delayed 2 second(s)

2021-02-22 16:11:01 - [MESSAGE][PASSED] - All options with label 'TestPM' are selected in object 'Object Repository/ProAcc_Admin/ProAcc_Project/drp_prjmanager'  using regular expression

2021-02-22 16:11:03 - [MESSAGE][PASSED] - Delayed 2 second(s)

2021-02-22 16:11:05 - [MESSAGE][PASSED] - All options with label 'Cipla Industries' are selected in object 'Object Repository/ProAcc_Admin/ProAcc_Project/drp_customer'  using regular expression

2021-02-22 16:11:07 - [MESSAGE][PASSED] - Delayed 2 second(s)

2021-02-22 16:11:08 - [MESSAGE][PASSED] - All options with label 'MERGE' are selected in object 'Object Repository/ProAcc_Admin/ProAcc_Project/drp_scenario'  using regular expression

2021-02-22 16:11:10 - [MESSAGE][PASSED] - Delayed 2 second(s)

2021-02-22 16:11:11 - [MESSAGE][PASSED] - Text 'Pro acc Inprogress' is set on object 'Object Repository/ProAcc_Admin/ProAcc_Project/txt_description'

2021-02-22 16:11:13 - [MESSAGE][PASSED] - Delayed 2 second(s)

2021-02-22 16:11:13 - [MESSAGE][PASSED] - Object: 'Object Repository/ProAcc_Admin/ProAcc_Project/btn_save' is clicked on

2021-02-22 16:11:13 - [MESSAGE][PASSED] - Run with 'testRunner.Project_Runner' was passed]]></system-out>
         <system-err><![CDATA[]]></system-err>
      </testcase>
      <testcase name="Test Cases/Tc_ProAcc_Admin/Tc_Instance" time="7.399" classname="Test Cases/Tc_ProAcc_Admin/Tc_Instance" status="PASSED">
         <system-out><![CDATA[2021-02-22 16:11:13 - [TEST_CASE][PASSED] - Test Cases/Tc_ProAcc_Admin/Tc_Instance: Test Cases/Tc_ProAcc_Admin/Tc_Instance

2021-02-22 16:11:14 - [TEST_STEP][PASSED] - runWithCucumberRunner(testRunner.Instance_Runner): Run with 'testRunner.Instance_Runner' was passed

2021-02-22 16:11:16 - [MESSAGE][PASSED] - Object: 'Object Repository/ProAcc_Admin/ProAcc_Instance/Config_Btn' is clicked on

2021-02-22 16:11:17 - [MESSAGE][PASSED] - Object: 'Object Repository/ProAcc_Admin/ProAcc_Instance/AddInstance_Btn' is clicked on

2021-02-22 16:11:18 - [MESSAGE][PASSED] - Text 'TP1' is set on object 'Object Repository/ProAcc_Admin/ProAcc_Instance/InstanceName'

2021-02-22 16:11:19 - [MESSAGE][PASSED] - All options with label 'TestProject' are selected in object 'Object Repository/ProAcc_Admin/ProAcc_Instance/PrjName'  using regular expression

2021-02-22 16:11:20 - [MESSAGE][PASSED] - Text 'Testing Analysis' is set on object 'Object Repository/ProAcc_Admin/ProAcc_Instance/Description_Instance'

2021-02-22 16:11:21 - [MESSAGE][PASSED] - Object: 'Object Repository/ProAcc_Admin/ProAcc_Instance/BtnInstanceCreate' is clicked on

2021-02-22 16:11:21 - [MESSAGE][PASSED] - Run with 'testRunner.Instance_Runner' was passed]]></system-out>
         <system-err><![CDATA[]]></system-err>
      </testcase>
      <testcase name="Test Cases/Tc_ProAcc_Admin/Tc_PmTask" time="11.26" classname="Test Cases/Tc_ProAcc_Admin/Tc_PmTask" status="PASSED">
         <system-out><![CDATA[2021-02-22 16:11:21 - [TEST_CASE][PASSED] - Test Cases/Tc_ProAcc_Admin/Tc_PmTask: Test Cases/Tc_ProAcc_Admin/Tc_PmTask

2021-02-22 16:11:21 - [TEST_STEP][PASSED] - runWithCucumberRunner(testRunner.PmTask_Runner): Run with 'testRunner.PmTask_Runner' was passed

2021-02-22 16:11:23 - [MESSAGE][PASSED] - Object: 'Object Repository/ProAcc_Admin/Pm-Task/a_PM-Task' is clicked on

2021-02-22 16:11:24 - [MESSAGE][PASSED] - Object: 'Object Repository/ProAcc_Admin/Pm-Task/button_Add New PM Task' is clicked on

2021-02-22 16:11:26 - [MESSAGE][PASSED] - Delayed 2 second(s)

2021-02-22 16:11:26 - [MESSAGE][PASSED] - Object: 'Object Repository/ProAcc_Admin/Pm-Task/Select Task' is clicked on

2021-02-22 16:11:27 - [MESSAGE][PASSED] - Text 'Plan Project' is set on object 'Object Repository/ProAcc_Admin/Pm-Task/TaskCategory'

2021-02-22 16:11:28 - [MESSAGE][PASSED] - Keys 'CONTROL + ENTER + ' sent to object: 'Object Repository/ProAcc_Admin/Pm-Task/TaskCategory'

2021-02-22 16:11:28 - [MESSAGE][PASSED] - Text 'Task is going to be completed' is set on object 'Object Repository/ProAcc_Admin/Pm-Task/textarea__TaskName'

2021-02-22 16:11:30 - [MESSAGE][PASSED] - Delayed 2 second(s)

2021-02-22 16:11:31 - [MESSAGE][PASSED] - Text '11:00:00 AM' is set on object 'Object Repository/ProAcc_Admin/Pm-Task/input__ESTDHours'

2021-02-22 16:11:32 - [MESSAGE][PASSED] - Object: 'Object Repository/ProAcc_Admin/Pm-Task/button_Save' is clicked on

2021-02-22 16:11:32 - [MESSAGE][PASSED] - Run with 'testRunner.PmTask_Runner' was passed]]></system-out>
         <system-err><![CDATA[]]></system-err>
      </testcase>
      <testcase name="Test Cases/Tc_ProAcc_Admin/Tc_Activity" time="65.522" classname="Test Cases/Tc_ProAcc_Admin/Tc_Activity" status="PASSED">
         <system-out><![CDATA[2021-02-22 16:11:32 - [TEST_CASE][PASSED] - Test Cases/Tc_ProAcc_Admin/Tc_Activity: Test Cases/Tc_ProAcc_Admin/Tc_Activity

2021-02-22 16:11:32 - [TEST_STEP][PASSED] - runWithCucumberRunner(testRunner.Activity_Runner): Run with 'testRunner.Activity_Runner' was passed

2021-02-22 16:11:34 - [MESSAGE][PASSED] - Object: 'Object Repository/ProAcc_Admin/ProAcc_Activity/a_Activity' is clicked on

2021-02-22 16:11:35 - [MESSAGE][PASSED] - Object: 'Object Repository/ProAcc_Admin/ProAcc_Activity/button_Add Activity' is clicked on

2021-02-22 16:11:37 - [MESSAGE][PASSED] - Delayed 2 second(s)

2021-02-22 16:11:38 - [MESSAGE][PASSED] - Object: 'Object Repository/ProAcc_Admin/ProAcc_Activity/input__txtTask' is clicked on

2021-02-22 16:11:39 - [MESSAGE][PASSED] - Text 'Alexa_Assessment' is set on object 'Object Repository/ProAcc_Admin/ProAcc_Activity/input__txtTask'

2021-02-22 16:11:40 - [MESSAGE][PASSED] - All options with label 'Logistics' are selected in object 'Object Repository/ProAcc_Admin/ProAcc_Activity/Select Application Area'  using regular expression

2021-02-22 16:11:41 - [MESSAGE][PASSED] - All options with label 'Assessment' are selected in object 'Object Repository/ProAcc_Admin/ProAcc_Activity/Select Phase'  using regular expression

2021-02-22 16:11:42 - [MESSAGE][PASSED] - All options with label 'Basis Consultant' are selected in object 'Object Repository/ProAcc_Admin/ProAcc_Activity/Select Role'  using regular expression

2021-02-22 16:11:43 - [MESSAGE][PASSED] - All options with label 'Application Overview' are selected in object 'Object Repository/ProAcc_Admin/ProAcc_Activity/Select Building Block'  using regular expression

2021-02-22 16:11:44 - [MESSAGE][PASSED] - Text '12:22' is set on object 'Object Repository/ProAcc_Admin/ProAcc_Activity/input__txtEstimated'

2021-02-22 16:11:45 - [MESSAGE][PASSED] - All options with label 'Sequential' are selected in object 'Object Repository/ProAcc_Admin/ProAcc_Activity/Select Task Type'  using regular expression

2021-02-22 16:11:47 - [MESSAGE][PASSED] - Delayed 2 second(s)

2021-02-22 16:11:48 - [MESSAGE][PASSED] - Object: 'Object Repository/ProAcc_Admin/ProAcc_Activity/button_Save' is clicked on

2021-02-22 16:11:49 - [MESSAGE][PASSED] - Object: 'Object Repository/ProAcc_Admin/ProAcc_Activity/button_Save_1' is clicked on

2021-02-22 16:11:51 - [MESSAGE][PASSED] - Delayed 2 second(s)

2021-02-22 16:11:51 - [MESSAGE][PASSED] - Object: 'Object Repository/ProAcc_Admin/ProAcc_Activity/button_Add Activity' is clicked on

2021-02-22 16:11:53 - [MESSAGE][PASSED] - Delayed 2 second(s)

2021-02-22 16:11:54 - [MESSAGE][PASSED] - Object: 'Object Repository/ProAcc_Admin/ProAcc_Activity/input__txtTask' is clicked on

2021-02-22 16:11:54 - [MESSAGE][PASSED] - Text 'Alexa_Pre' is set on object 'Object Repository/ProAcc_Admin/ProAcc_Activity/input__txtTask'

2021-02-22 16:11:56 - [MESSAGE][PASSED] - All options with label 'Technical - BASIS' are selected in object 'Object Repository/ProAcc_Admin/ProAcc_Activity/Select Application Area'  using regular expression

2021-02-22 16:11:57 - [MESSAGE][PASSED] - All options with label 'Pre Conversion' are selected in object 'Object Repository/ProAcc_Admin/ProAcc_Activity/Select Phase'  using regular expression

2021-02-22 16:11:58 - [MESSAGE][PASSED] - All options with label 'Basis Consultant' are selected in object 'Object Repository/ProAcc_Admin/ProAcc_Activity/Select Role'  using regular expression

2021-02-22 16:11:59 - [MESSAGE][PASSED] - All options with label 'Application Overview' are selected in object 'Object Repository/ProAcc_Admin/ProAcc_Activity/Select Building Block'  using regular expression

2021-02-22 16:12:00 - [MESSAGE][PASSED] - Text '12:22' is set on object 'Object Repository/ProAcc_Admin/ProAcc_Activity/input__txtEstimated'

2021-02-22 16:12:01 - [MESSAGE][PASSED] - All options with label 'Sequential' are selected in object 'Object Repository/ProAcc_Admin/ProAcc_Activity/Select Task Type'  using regular expression

2021-02-22 16:12:03 - [MESSAGE][PASSED] - Delayed 2 second(s)

2021-02-22 16:12:03 - [MESSAGE][PASSED] - Object: 'Object Repository/ProAcc_Admin/ProAcc_Activity/button_Save' is clicked on

2021-02-22 16:12:04 - [MESSAGE][PASSED] - Object: 'Object Repository/ProAcc_Admin/ProAcc_Activity/button_Save_1' is clicked on

2021-02-22 16:12:06 - [MESSAGE][PASSED] - Delayed 2 second(s)

2021-02-22 16:12:07 - [MESSAGE][PASSED] - Object: 'Object Repository/ProAcc_Admin/ProAcc_Activity/button_Add Activity' is clicked on

2021-02-22 16:12:09 - [MESSAGE][PASSED] - Delayed 2 second(s)

2021-02-22 16:12:09 - [MESSAGE][PASSED] - Object: 'Object Repository/ProAcc_Admin/ProAcc_Activity/input__txtTask' is clicked on

2021-02-22 16:12:10 - [MESSAGE][PASSED] - Text 'Alexa_Con' is set on object 'Object Repository/ProAcc_Admin/ProAcc_Activity/input__txtTask'

2021-02-22 16:12:11 - [MESSAGE][PASSED] - All options with label 'Technical - BASIS' are selected in object 'Object Repository/ProAcc_Admin/ProAcc_Activity/Select Application Area'  using regular expression

2021-02-22 16:12:12 - [MESSAGE][PASSED] - All options with label 'Conversion' are selected in object 'Object Repository/ProAcc_Admin/ProAcc_Activity/Select Phase'  using regular expression

2021-02-22 16:12:13 - [MESSAGE][PASSED] - All options with label 'Basis Consultant' are selected in object 'Object Repository/ProAcc_Admin/ProAcc_Activity/Select Role'  using regular expression

2021-02-22 16:12:15 - [MESSAGE][PASSED] - All options with label 'Application Overview' are selected in object 'Object Repository/ProAcc_Admin/ProAcc_Activity/Select Building Block'  using regular expression

2021-02-22 16:12:15 - [MESSAGE][PASSED] - Text '12:22' is set on object 'Object Repository/ProAcc_Admin/ProAcc_Activity/input__txtEstimated'

2021-02-22 16:12:17 - [MESSAGE][PASSED] - All options with label 'Sequential' are selected in object 'Object Repository/ProAcc_Admin/ProAcc_Activity/Select Task Type'  using regular expression

2021-02-22 16:12:19 - [MESSAGE][PASSED] - Delayed 2 second(s)

2021-02-22 16:12:19 - [MESSAGE][PASSED] - Object: 'Object Repository/ProAcc_Admin/ProAcc_Activity/button_Save' is clicked on

2021-02-22 16:12:20 - [MESSAGE][PASSED] - Object: 'Object Repository/ProAcc_Admin/ProAcc_Activity/button_Save_1' is clicked on

2021-02-22 16:12:22 - [MESSAGE][PASSED] - Delayed 2 second(s)

2021-02-22 16:12:22 - [MESSAGE][PASSED] - Object: 'Object Repository/ProAcc_Admin/ProAcc_Activity/button_Add Activity' is clicked on

2021-02-22 16:12:24 - [MESSAGE][PASSED] - Delayed 2 second(s)

2021-02-22 16:12:25 - [MESSAGE][PASSED] - Object: 'Object Repository/ProAcc_Admin/ProAcc_Activity/input__txtTask' is clicked on

2021-02-22 16:12:26 - [MESSAGE][PASSED] - Text 'Alexa_Post' is set on object 'Object Repository/ProAcc_Admin/ProAcc_Activity/input__txtTask'

2021-02-22 16:12:27 - [MESSAGE][PASSED] - All options with label 'Technical - BASIS' are selected in object 'Object Repository/ProAcc_Admin/ProAcc_Activity/Select Application Area'  using regular expression

2021-02-22 16:12:28 - [MESSAGE][PASSED] - All options with label 'Post Conversion' are selected in object 'Object Repository/ProAcc_Admin/ProAcc_Activity/Select Phase'  using regular expression

2021-02-22 16:12:29 - [MESSAGE][PASSED] - All options with label 'Basis Consultant' are selected in object 'Object Repository/ProAcc_Admin/ProAcc_Activity/Select Role'  using regular expression

2021-02-22 16:12:30 - [MESSAGE][PASSED] - All options with label 'Application Overview' are selected in object 'Object Repository/ProAcc_Admin/ProAcc_Activity/Select Building Block'  using regular expression

2021-02-22 16:12:31 - [MESSAGE][PASSED] - Text '12:22' is set on object 'Object Repository/ProAcc_Admin/ProAcc_Activity/input__txtEstimated'

2021-02-22 16:12:32 - [MESSAGE][PASSED] - All options with label 'Sequential' are selected in object 'Object Repository/ProAcc_Admin/ProAcc_Activity/Select Task Type'  using regular expression

2021-02-22 16:12:34 - [MESSAGE][PASSED] - Delayed 2 second(s)

2021-02-22 16:12:35 - [MESSAGE][PASSED] - Object: 'Object Repository/ProAcc_Admin/ProAcc_Activity/button_Save' is clicked on

2021-02-22 16:12:35 - [MESSAGE][PASSED] - Object: 'Object Repository/ProAcc_Admin/ProAcc_Activity/button_Save_1' is clicked on

2021-02-22 16:12:37 - [MESSAGE][PASSED] - Delayed 2 second(s)

2021-02-22 16:12:38 - [MESSAGE][PASSED] - Run with 'testRunner.Activity_Runner' was passed]]></system-out>
         <system-err><![CDATA[]]></system-err>
      </testcase>
      <testcase name="Test Cases/Tc_ProAcc_PM/Tc_PmTaskMonitor" time="48.486" classname="Test Cases/Tc_ProAcc_PM/Tc_PmTaskMonitor" status="PASSED">
         <system-out><![CDATA[2021-02-22 16:12:38 - [TEST_CASE][PASSED] - Test Cases/Tc_ProAcc_PM/Tc_PmTaskMonitor: Test Cases/Tc_ProAcc_PM/Tc_PmTaskMonitor

2021-02-22 16:12:38 - [TEST_STEP][PASSED] - runWithCucumberRunner(testRunner.PmTaskMonitor_Runner): Run with 'testRunner.PmTaskMonitor_Runner' was passed

2021-02-22 16:12:39 - [MESSAGE][WARNING] - A browser is already opened. Closing browser and opening a new one

2021-02-22 16:12:40 - [MESSAGE][INFO] - Starting 'Chrome' driver

2021-02-22 16:12:40 - [MESSAGE][INFO] - Action delay is set to 0 milliseconds

2021-02-22 16:12:43 - [MESSAGE][PASSED] - Browser is opened with url: ''

2021-02-22 16:12:43 - [MESSAGE][PASSED] - Current window maximized

2021-02-22 16:12:48 - [MESSAGE][PASSED] - Delayed 5 second(s)

2021-02-22 16:12:49 - [MESSAGE][PASSED] - Navigate to 'http://123.176.34.15:4041/PROACC2QA/' successfully

2021-02-22 16:12:50 - [MESSAGE][PASSED] - Text 'TestPM' is set on object 'Object Repository/ProAcc_Login/input_User Name_Username'

2021-02-22 16:12:52 - [MESSAGE][PASSED] - Delayed 2 second(s)

2021-02-22 16:12:53 - [MESSAGE][PASSED] - Text 'a12345@' is set on object 'Object Repository/ProAcc_Login/input_Password_Password'

2021-02-22 16:12:55 - [MESSAGE][PASSED] - Object: 'Object Repository/ProAcc_Login/button_Sign In' is clicked on

2021-02-22 16:12:56 - [MESSAGE][PASSED] - Object: 'Object Repository/ProAcc_Pm/ProAcc_PmTaskMonitor/span_PM' is clicked on

2021-02-22 16:12:57 - [MESSAGE][PASSED] - Object: 'Object Repository/ProAcc_Pm/ProAcc_PmTaskMonitor/a_Click' is clicked on

2021-02-22 16:12:58 - [MESSAGE][PASSED] - All options with label 'TestProject' are selected in object 'Object Repository/ProAcc_Pm/ProAcc_PmTaskMonitor/select_Select Project'  using regular expression

2021-02-22 16:12:59 - [MESSAGE][PASSED] - Object: 'Object Repository/ProAcc_Pm/ProAcc_ResourceAllocation/Pull_Data_Btn' is clicked on

2021-02-22 16:13:01 - [MESSAGE][PASSED] - Object: 'Object Repository/ProAcc_Pm/ProAcc_PmTaskMonitor/i_Yet To Start_EditPMtask' is clicked on

2021-02-22 16:13:02 - [MESSAGE][PASSED] - Text '2:00' is set on object 'Object Repository/ProAcc_Pm/ProAcc_PmTaskMonitor/input_Actual Hours HHMM_txtAct'

2021-02-22 16:13:03 - [MESSAGE][PASSED] - All options with value '1' are selected in object 'Object Repository/ProAcc_Pm/ProAcc_PmTaskMonitor/select_CompletedWork In ProgressNot Applica_e58779'  using regular expression

2021-02-22 16:13:03 - [MESSAGE][PASSED] - Text 'Test' is set on object 'Object Repository/ProAcc_Pm/ProAcc_PmTaskMonitor/input_Comments_txtPMTaskComments'

2021-02-22 16:13:04 - [MESSAGE][PASSED] - Object: 'Object Repository/ProAcc_Pm/ProAcc_PmTaskMonitor/Save' is clicked on

2021-02-22 16:13:05 - [MESSAGE][PASSED] - Object: 'Object Repository/ProAcc_Pm/ProAcc_PmTaskMonitor/i_Yet To Start_EditPMtask' is clicked on

2021-02-22 16:13:06 - [MESSAGE][PASSED] - Text '2:00' is set on object 'Object Repository/ProAcc_Pm/ProAcc_PmTaskMonitor/input_Actual Hours HHMM_txtAct'

2021-02-22 16:13:07 - [MESSAGE][PASSED] - All options with value '1' are selected in object 'Object Repository/ProAcc_Pm/ProAcc_PmTaskMonitor/select_CompletedWork In ProgressNot Applica_e58779'  using regular expression

2021-02-22 16:13:07 - [MESSAGE][PASSED] - Text 'Test' is set on object 'Object Repository/ProAcc_Pm/ProAcc_PmTaskMonitor/input_Comments_txtPMTaskComments'

2021-02-22 16:13:08 - [MESSAGE][PASSED] - Object: 'Object Repository/ProAcc_Pm/ProAcc_PmTaskMonitor/Save' is clicked on

2021-02-22 16:13:09 - [MESSAGE][PASSED] - Object: 'Object Repository/ProAcc_Pm/ProAcc_PmTaskMonitor/i_Yet To Start_EditPMtask' is clicked on

2021-02-22 16:13:10 - [MESSAGE][PASSED] - Text '2:00' is set on object 'Object Repository/ProAcc_Pm/ProAcc_PmTaskMonitor/input_Actual Hours HHMM_txtAct'

2021-02-22 16:13:11 - [MESSAGE][PASSED] - All options with value '1' are selected in object 'Object Repository/ProAcc_Pm/ProAcc_PmTaskMonitor/select_CompletedWork In ProgressNot Applica_e58779'  using regular expression

2021-02-22 16:13:12 - [MESSAGE][PASSED] - Text 'Test' is set on object 'Object Repository/ProAcc_Pm/ProAcc_PmTaskMonitor/input_Comments_txtPMTaskComments'

2021-02-22 16:13:12 - [MESSAGE][PASSED] - Object: 'Object Repository/ProAcc_Pm/ProAcc_PmTaskMonitor/Save' is clicked on

2021-02-22 16:13:14 - [MESSAGE][PASSED] - Object: 'Object Repository/ProAcc_Pm/ProAcc_PmTaskMonitor/i_Yet To Start_EditPMtask' is clicked on

2021-02-22 16:13:15 - [MESSAGE][PASSED] - Text '2:00' is set on object 'Object Repository/ProAcc_Pm/ProAcc_PmTaskMonitor/input_Actual Hours HHMM_txtAct'

2021-02-22 16:13:16 - [MESSAGE][PASSED] - All options with value '1' are selected in object 'Object Repository/ProAcc_Pm/ProAcc_PmTaskMonitor/select_CompletedWork In ProgressNot Applica_e58779'  using regular expression

2021-02-22 16:13:17 - [MESSAGE][PASSED] - Text 'Test' is set on object 'Object Repository/ProAcc_Pm/ProAcc_PmTaskMonitor/input_Comments_txtPMTaskComments'

2021-02-22 16:13:17 - [MESSAGE][PASSED] - Object: 'Object Repository/ProAcc_Pm/ProAcc_PmTaskMonitor/Save' is clicked on

2021-02-22 16:13:18 - [MESSAGE][PASSED] - Object: 'Object Repository/ProAcc_Pm/ProAcc_PmTaskMonitor/i_Yet To Start_EditPMtask' is clicked on

2021-02-22 16:13:19 - [MESSAGE][PASSED] - Text '2:00' is set on object 'Object Repository/ProAcc_Pm/ProAcc_PmTaskMonitor/input_Actual Hours HHMM_txtAct'

2021-02-22 16:13:20 - [MESSAGE][PASSED] - All options with value '1' are selected in object 'Object Repository/ProAcc_Pm/ProAcc_PmTaskMonitor/select_CompletedWork In ProgressNot Applica_e58779'  using regular expression

2021-02-22 16:13:21 - [MESSAGE][PASSED] - Text 'Test' is set on object 'Object Repository/ProAcc_Pm/ProAcc_PmTaskMonitor/input_Comments_txtPMTaskComments'

2021-02-22 16:13:22 - [MESSAGE][PASSED] - Object: 'Object Repository/ProAcc_Pm/ProAcc_PmTaskMonitor/Save' is clicked on

2021-02-22 16:13:23 - [MESSAGE][PASSED] - Object: 'Object Repository/ProAcc_Pm/ProAcc_PmTaskMonitor/i_Yet To Start_EditPMtask' is clicked on

2021-02-22 16:13:24 - [MESSAGE][PASSED] - Text '2:00' is set on object 'Object Repository/ProAcc_Pm/ProAcc_PmTaskMonitor/input_Actual Hours HHMM_txtAct'

2021-02-22 16:13:25 - [MESSAGE][PASSED] - All options with value '1' are selected in object 'Object Repository/ProAcc_Pm/ProAcc_PmTaskMonitor/select_CompletedWork In ProgressNot Applica_e58779'  using regular expression

2021-02-22 16:13:26 - [MESSAGE][PASSED] - Text 'Test' is set on object 'Object Repository/ProAcc_Pm/ProAcc_PmTaskMonitor/input_Comments_txtPMTaskComments'

2021-02-22 16:13:26 - [MESSAGE][PASSED] - Object: 'Object Repository/ProAcc_Pm/ProAcc_PmTaskMonitor/Save' is clicked on

2021-02-22 16:13:26 - [MESSAGE][PASSED] - Run with 'testRunner.PmTaskMonitor_Runner' was passed]]></system-out>
         <system-err><![CDATA[]]></system-err>
      </testcase>
      <testcase name="Test Cases/Tc_ProAcc_PM/Tc_PmFileUpload" time="18.851" classname="Test Cases/Tc_ProAcc_PM/Tc_PmFileUpload" status="PASSED">
         <system-out><![CDATA[2021-02-22 16:13:26 - [TEST_CASE][PASSED] - Test Cases/Tc_ProAcc_PM/Tc_PmFileUpload: Test Cases/Tc_ProAcc_PM/Tc_PmFileUpload

2021-02-22 16:13:27 - [TEST_STEP][PASSED] - runWithCucumberRunner(testRunner.PmFileUpload_Runner): Run with 'testRunner.PmFileUpload_Runner' was passed

2021-02-22 16:13:29 - [MESSAGE][PASSED] - Object: 'Object Repository/ProAcc_Pm/PmFileUpload/PmFileUpload_Click' is clicked on

2021-02-22 16:13:31 - [MESSAGE][PASSED] - All options with label 'TestProject' are selected in object 'Object Repository/ProAcc_Pm/PmFileUpload/Select Project'  using regular expression

2021-02-22 16:13:33 - [MESSAGE][PASSED] - Delayed 2 second(s)

2021-02-22 16:13:34 - [MESSAGE][PASSED] - All options with label 'TP1' are selected in object 'Object Repository/ProAcc_Pm/PmFileUpload/Select Instance'  using regular expression

2021-02-22 16:13:36 - [MESSAGE][PASSED] - Delayed 2 second(s)

2021-02-22 16:13:36 - [MESSAGE][PASSED] - File 'C:/Users/Group10/Desktop/ProAcc_Test/ProAcc_Test_New/Include/ProAcc_InputFile/SAP Readiness Check.pdf' sent to object: 'Object Repository/ProAcc_Pm/PmFileUpload/Comprehensive_Choose File'

2021-02-22 16:13:37 - [MESSAGE][PASSED] - File 'C:/Users/Group10/Desktop/ProAcc_Test/ProAcc_Test_New/Include/ProAcc_InputFile/SAP Readiness Check.pdf' sent to object: 'Object Repository/ProAcc_Pm/PmFileUpload/CustomCode_File'

2021-02-22 16:13:37 - [MESSAGE][PASSED] - File 'C:/Users/Group10/Desktop/ProAcc_Test/ProAcc_Test_New/Include/ProAcc_InputFile/SAP Readiness Check.pdf' sent to object: 'Object Repository/ProAcc_Pm/PmFileUpload/Landscape_File'

2021-02-22 16:13:37 - [MESSAGE][PASSED] - File 'C:/Users/Group10/Desktop/ProAcc_Test/ProAcc_Test_New/Include/ProAcc_InputFile/SAP Readiness Check.pdf' sent to object: 'Object Repository/ProAcc_Pm/PmFileUpload/License_File'

2021-02-22 16:13:39 - [MESSAGE][PASSED] - Delayed 2 second(s)

2021-02-22 16:13:40 - [MESSAGE][PASSED] - Object: 'Object Repository/ProAcc_Pm/PmFileUpload/Add_update_Button' is clicked on

2021-02-22 16:13:45 - [MESSAGE][PASSED] - Delayed 5 second(s)

2021-02-22 16:13:45 - [MESSAGE][PASSED] - Run with 'testRunner.PmFileUpload_Runner' was passed]]></system-out>
         <system-err><![CDATA[]]></system-err>
      </testcase>
      <testcase name="Test Cases/Tc_ProAcc_PM/Tc_ResourceAllocation" time="38.319" classname="Test Cases/Tc_ProAcc_PM/Tc_ResourceAllocation" status="PASSED">
         <system-out><![CDATA[2021-02-22 16:13:45 - [TEST_CASE][PASSED] - Test Cases/Tc_ProAcc_PM/Tc_ResourceAllocation: Test Cases/Tc_ProAcc_PM/Tc_ResourceAllocation

2021-02-22 16:13:45 - [TEST_STEP][PASSED] - runWithCucumberRunner(testRunner.ResourceAllocation_pm_Runner): Run with 'testRunner.ResourceAllocation_pm_Runner' was passed

2021-02-22 16:13:47 - [MESSAGE][WARNING] - A browser is already opened. Closing browser and opening a new one

2021-02-22 16:13:48 - [MESSAGE][INFO] - Starting 'Chrome' driver

2021-02-22 16:13:48 - [MESSAGE][INFO] - Action delay is set to 0 milliseconds

2021-02-22 16:13:51 - [MESSAGE][PASSED] - Browser is opened with url: ''

2021-02-22 16:13:51 - [MESSAGE][PASSED] - Current window maximized

2021-02-22 16:13:56 - [MESSAGE][PASSED] - Delayed 5 second(s)

2021-02-22 16:13:57 - [MESSAGE][PASSED] - Navigate to 'http://123.176.34.15:4041/PROACC2QA/' successfully

2021-02-22 16:13:57 - [MESSAGE][PASSED] - Text 'TestPM' is set on object 'Object Repository/ProAcc_Login/input_User Name_Username'

2021-02-22 16:13:59 - [MESSAGE][PASSED] - Delayed 2 second(s)

2021-02-22 16:14:00 - [MESSAGE][PASSED] - Text 'a12345@' is set on object 'Object Repository/ProAcc_Login/input_Password_Password'

2021-02-22 16:14:02 - [MESSAGE][PASSED] - Object: 'Object Repository/ProAcc_Login/button_Sign In' is clicked on

2021-02-22 16:14:03 - [MESSAGE][PASSED] - Object: 'Object Repository/ProAcc_Pm/ProAcc_ResourceAllocation/span_Task Monitoring' is clicked on

2021-02-22 16:14:05 - [MESSAGE][PASSED] - Object: 'Object Repository/ProAcc_Pm/ProAcc_ResourceAllocation/a_Click' is clicked on

2021-02-22 16:14:07 - [MESSAGE][PASSED] - Delayed 2 second(s)

2021-02-22 16:14:07 - [MESSAGE][PASSED] - Object: 'Object Repository/ProAcc_Pm/ProAcc_ResourceAllocation/Select_Project' is clicked on

2021-02-22 16:14:08 - [MESSAGE][PASSED] - All options with label 'TestProject' are selected in object 'Object Repository/ProAcc_Pm/ProAcc_ResourceAllocation/Select_Project'  using regular expression

2021-02-22 16:14:10 - [MESSAGE][PASSED] - All options with label 'TP1' are selected in object 'Object Repository/ProAcc_Pm/ProAcc_ResourceAllocation/Select Instance'  using regular expression

2021-02-22 16:14:10 - [MESSAGE][PASSED] - Object: 'Object Repository/ProAcc_Pm/ProAcc_ResourceAllocation/Pull_Data_Btn' is clicked on

2021-02-22 16:14:11 - [MESSAGE][PASSED] - Object: 'Object Repository/ProAcc_Pm/ProAcc_ResourceAllocation/button_Bulk Allocation' is clicked on

2021-02-22 16:14:12 - [MESSAGE][PASSED] - Object: 'Object Repository/ProAcc_Pm/ProAcc_ResourceAllocation/BulkBtn_Cancel' is clicked on

2021-02-22 16:14:13 - [MESSAGE][PASSED] - Object: 'Object Repository/ProAcc_Pm/ProAcc_ResourceAllocation/button_Bulk Allocation' is clicked on

2021-02-22 16:14:14 - [MESSAGE][PASSED] - Text of object '' is: 'Basis Consultant'

2021-02-22 16:14:15 - [MESSAGE][PASSED] - All options with label 'Basis Consultant' are selected in object 'Object Repository/ProAcc_Pm/ProAcc_ResourceAllocation/Select RoleBasis'  using regular expression

2021-02-22 16:14:15 - [MESSAGE][PASSED] - Text of object '' is: 'Seena '

2021-02-22 16:14:16 - [MESSAGE][PASSED] - All options with label 'Seena ' are selected in object 'Object Repository/ProAcc_Pm/ProAcc_ResourceAllocation/Select Ownercon'  using regular expression

2021-02-22 16:14:17 - [MESSAGE][PASSED] - Object: 'Object Repository/ProAcc_Pm/ProAcc_ResourceAllocation/button_Save' is clicked on

2021-02-22 16:14:19 - [MESSAGE][PASSED] - Object: 'Object Repository/ProAcc_Pm/ProAcc_ResourceAllocation/button_Bulk Allocation' is clicked on

2021-02-22 16:14:20 - [MESSAGE][PASSED] - Text of object '' is: 'Functional Consultant'

2021-02-22 16:14:21 - [MESSAGE][PASSED] - All options with label 'Functional Consultant' are selected in object 'Object Repository/ProAcc_Pm/ProAcc_ResourceAllocation/Select RoleBasis'  using regular expression

2021-02-22 16:14:22 - [MESSAGE][PASSED] - Text of object '' is: 'Akhil '

2021-02-22 16:14:23 - [MESSAGE][PASSED] - All options with label 'Akhil ' are selected in object 'Object Repository/ProAcc_Pm/ProAcc_ResourceAllocation/Select Ownercon'  using regular expression

2021-02-22 16:14:23 - [MESSAGE][PASSED] - Object: 'Object Repository/ProAcc_Pm/ProAcc_ResourceAllocation/button_Save' is clicked on

2021-02-22 16:14:23 - [MESSAGE][PASSED] - Run with 'testRunner.ResourceAllocation_pm_Runner' was passed]]></system-out>
         <system-err><![CDATA[]]></system-err>
      </testcase>
      <testcase name="Test Cases/Tc_ProAcc_PM/Tc_ProgressMonitor" time="34.603" classname="Test Cases/Tc_ProAcc_PM/Tc_ProgressMonitor" status="PASSED">
         <system-out><![CDATA[2021-02-22 16:14:23 - [TEST_CASE][PASSED] - Test Cases/Tc_ProAcc_PM/Tc_ProgressMonitor: Test Cases/Tc_ProAcc_PM/Tc_ProgressMonitor

2021-02-22 16:14:24 - [TEST_STEP][PASSED] - runWithCucumberRunner(testRunner.Progressmonitor_pm): Run with 'testRunner.Progressmonitor_pm' was passed

2021-02-22 16:14:26 - [MESSAGE][PASSED] - Object: 'Object Repository/ProAcc_Pm/ProAcc_ResourceAllocation/ProgressMonitor' is clicked on

2021-02-22 16:14:28 - [MESSAGE][PASSED] - Text of object '' is: 'Seena'

2021-02-22 16:14:29 - [MESSAGE][PASSED] - Text of object '' is: 'Akhil'

2021-02-22 16:14:30 - [MESSAGE][PASSED] - Text of object '' is: 'Seena'

2021-02-22 16:14:30 - [MESSAGE][PASSED] - Text of object '' is: 'Seena'

2021-02-22 16:14:31 - [MESSAGE][PASSED] - Object: 'Object Repository/ProAcc_Pm/ProAcc_ProjectMonitor/Mail_Icon' is clicked on

2021-02-22 16:14:32 - [MESSAGE][PASSED] - Text 'sainath@promantus.com' is set on object 'Object Repository/ProAcc_Pm/ProAcc_ProjectMonitor/input__Emailid'

2021-02-22 16:14:32 - [MESSAGE][PASSED] - Text 'Test' is set on object 'Object Repository/ProAcc_Pm/ProAcc_ProjectMonitor/input__Subject'

2021-02-22 16:14:33 - [MESSAGE][PASSED] - Text 'Testing' is set on object 'Object Repository/ProAcc_Pm/ProAcc_ProjectMonitor/textarea__Body'

2021-02-22 16:14:34 - [MESSAGE][PASSED] - Object: 'Object Repository/ProAcc_Pm/ProAcc_ProjectMonitor/button_Send Mail' is clicked on

2021-02-22 16:14:35 - [MESSAGE][PASSED] - Object: 'Object Repository/ProAcc_Pm/ProAcc_ProjectMonitor/button_Add Activity' is clicked on

2021-02-22 16:14:35 - [MESSAGE][PASSED] - Object: 'Object Repository/ProAcc_Admin/ProAcc_Activity/input__txtTask' is clicked on

2021-02-22 16:14:36 - [MESSAGE][PASSED] - Text 'proAssMonila' is set on object 'Object Repository/ProAcc_Admin/ProAcc_Activity/input__txtTask'

2021-02-22 16:14:36 - [MESSAGE][PASSED] - Object: 'Object Repository/ProAcc_Admin/ProAcc_Activity/Select Application Area' is clicked on

2021-02-22 16:14:37 - [MESSAGE][PASSED] - All options with label 'Testing' are selected in object 'Object Repository/ProAcc_Admin/ProAcc_Activity/Select Application Area'  using regular expression

2021-02-22 16:14:39 - [MESSAGE][PASSED] - All options with label 'Basis Consultant' are selected in object 'Object Repository/ProAcc_Admin/ProAcc_Activity/Select Role'  using regular expression

2021-02-22 16:14:39 - [MESSAGE][PASSED] - Object: 'Object Repository/ProAcc_Pm/ProAcc_ProjectMonitor/Select_Owner' is clicked on

2021-02-22 16:14:40 - [MESSAGE][PASSED] - All options with label 'Seena' are selected in object 'Object Repository/ProAcc_Pm/ProAcc_ProjectMonitor/Select_Owner' 

2021-02-22 16:14:41 - [MESSAGE][PASSED] - All options with label 'Assessment Reports' are selected in object 'Object Repository/ProAcc_Admin/ProAcc_Activity/Select Building Block'  using regular expression

2021-02-22 16:14:42 - [MESSAGE][PASSED] - Text '11:23' is set on object 'Object Repository/ProAcc_Admin/ProAcc_Activity/input__txtEstimated'

2021-02-22 16:14:43 - [MESSAGE][PASSED] - All options with label 'Sequential' are selected in object 'Object Repository/ProAcc_Admin/ProAcc_Activity/Select Task Type'  using regular expression

2021-02-22 16:14:45 - [MESSAGE][PASSED] - Delayed 2 second(s)

2021-02-22 16:14:46 - [MESSAGE][PASSED] - Object: 'Object Repository/ProAcc_Pm/ProAcc_ProjectMonitor/button_CreateActivity' is clicked on

2021-02-22 16:14:46 - [MESSAGE][PASSED] - Object: 'Object Repository/ProAcc_Pm/ProAcc_ProjectMonitor/btnSeq' is clicked on

2021-02-22 16:14:48 - [MESSAGE][PASSED] - Delayed 2 second(s)

2021-02-22 16:14:49 - [MESSAGE][PASSED] - Object: 'Object Repository/ProAcc_Pm/ProAcc_ProjectMonitor/i_Yet To Start_Edittask' is clicked on

2021-02-22 16:14:51 - [MESSAGE][PASSED] - All options with value '3' are selected in object 'Object Repository/ProAcc_Pm/ProAcc_ProjectMonitor/select_Not Applicable'  using regular expression

2021-02-22 16:14:51 - [MESSAGE][PASSED] - Object: 'Object Repository/ProAcc_Pm/ProAcc_ProjectMonitor/button_Save' is clicked on

2021-02-22 16:14:52 - [MESSAGE][PASSED] - Text 'Test' is set on object 'Object Repository/ProAcc_Pm/ProAcc_ProjectMonitor/textarea_Add Comments_Comments'

2021-02-22 16:14:53 - [MESSAGE][PASSED] - Object: 'Object Repository/ProAcc_Pm/ProAcc_ProjectMonitor/button_SaveComments' is clicked on

2021-02-22 16:14:55 - [MESSAGE][PASSED] - Delayed 2 second(s)

2021-02-22 16:14:56 - [MESSAGE][PASSED] - Text 'proAssMonila' is set on object 'Object Repository/ProAcc_Pm/ProAcc_ProjectMonitor/Search_Task'

2021-02-22 16:14:58 - [MESSAGE][PASSED] - Delayed 2 second(s)

2021-02-22 16:14:58 - [MESSAGE][PASSED] - Run with 'testRunner.Progressmonitor_pm' was passed]]></system-out>
         <system-err><![CDATA[]]></system-err>
      </testcase>
      <testcase name="Test Cases/Tc_ProAcc_Consultant/Tc_ProgressMonitorConsultant_Assessment" time="161.69" classname="Test Cases/Tc_ProAcc_Consultant/Tc_ProgressMonitorConsultant_Assessment" status="PASSED">
         <system-out><![CDATA[2021-02-22 16:14:58 - [TEST_CASE][PASSED] - Test Cases/Tc_ProAcc_Consultant/Tc_ProgressMonitorConsultant_Assessment: Test Cases/Tc_ProAcc_Consultant/Tc_ProgressMonitorConsultant_Assessment

2021-02-22 16:14:58 - [TEST_STEP][PASSED] - runWithCucumberRunner(testRunner.ProgressMonitorConsultant_Runner): Run with 'testRunner.ProgressMonitorConsultant_Runner' was passed

2021-02-22 16:15:05 - [MESSAGE][PASSED] - Delayed 5 second(s)

2021-02-22 16:15:05 - [MESSAGE][WARNING] - A browser is already opened. Closing browser and opening a new one

2021-02-22 16:15:06 - [MESSAGE][INFO] - Starting 'Chrome' driver

2021-02-22 16:15:06 - [MESSAGE][INFO] - Action delay is set to 0 milliseconds

2021-02-22 16:15:08 - [MESSAGE][PASSED] - Browser is opened with url: ''

2021-02-22 16:15:08 - [MESSAGE][PASSED] - Current window maximized

2021-02-22 16:15:09 - [MESSAGE][PASSED] - Navigate to 'http://123.176.34.15:4041/ProAcc2QA' successfully

2021-02-22 16:15:10 - [MESSAGE][PASSED] - Text 'Seena' is set on object 'Object Repository/ProAcc_Login/input_User Name_Username'

2021-02-22 16:15:10 - [MESSAGE][PASSED] - Text 'a12345@' is set on object 'Object Repository/ProAcc_Login/input_Password_Password'

2021-02-22 16:15:13 - [MESSAGE][PASSED] - Object: 'Object Repository/ProAcc_Login/button_Sign In' is clicked on

2021-02-22 16:15:15 - [MESSAGE][PASSED] - Delayed 2 second(s)

2021-02-22 16:15:16 - [MESSAGE][PASSED] - Text of object '' is: 'Consultant'

2021-02-22 16:15:18 - [MESSAGE][PASSED] - Object: '' is clicked on

2021-02-22 16:15:18 - [MESSAGE][PASSED] - Object: 'Object Repository/ProAcc_Consultant/ProgressMonitor/report_Btn' is clicked on

2021-02-22 16:15:20 - [MESSAGE][PASSED] - All options with label 'Assessment' are selected in object 'Object Repository/ProAcc_Pm/ProAcc_ResourceAllocation/PhaseName'  using regular expression

2021-02-22 16:15:22 - [MESSAGE][PASSED] - Delayed 2 second(s)

2021-02-22 16:15:22 - [MESSAGE][PASSED] - Text of object '' is: 'Consultant'

2021-02-22 16:15:23 - [MESSAGE][PASSED] - All options with label 'Cipla Industries' are selected in object 'Object Repository/ProAcc_Consultant/ProgressMonitor/Select_Customer'  using regular expression

2021-02-22 16:15:24 - [MESSAGE][PASSED] - All options with label 'TestProject' are selected in object 'Object Repository/ProAcc_Consultant/ProgressMonitor/Select_Project'  using regular expression

2021-02-22 16:15:25 - [MESSAGE][PASSED] - All options with label 'TP1' are selected in object 'Object Repository/ProAcc_Consultant/ProgressMonitor/Select_Instance'  using regular expression

2021-02-22 16:15:27 - [MESSAGE][PASSED] - Delayed 2 second(s)

2021-02-22 16:15:28 - [MESSAGE][PASSED] - Object: 'Object Repository/ProAcc_Consultant/ProgressMonitor/edit' is clicked on

2021-02-22 16:15:30 - [MESSAGE][PASSED] - Delayed 2 second(s)

2021-02-22 16:15:33 - [MESSAGE][PASSED] - Delayed 3 second(s)

2021-02-22 16:15:34 - [MESSAGE][PASSED] - Delayed 1 second(s)

2021-02-22 16:15:35 - [MESSAGE][PASSED] - Delayed 1 second(s)

2021-02-22 16:15:36 - [MESSAGE][PASSED] - Delayed 1 second(s)

2021-02-22 16:15:37 - [MESSAGE][PASSED] - Delayed 1 second(s)

2021-02-22 16:15:41 - [MESSAGE][PASSED] - Delayed 3 second(s)

2021-02-22 16:15:43 - [MESSAGE][PASSED] - Delayed 2 second(s)

2021-02-22 16:15:44 - [MESSAGE][WARNING] - A browser is already opened. Closing browser and opening a new one

2021-02-22 16:15:45 - [MESSAGE][INFO] - Starting 'Chrome' driver

2021-02-22 16:15:45 - [MESSAGE][INFO] - Action delay is set to 0 milliseconds

2021-02-22 16:15:47 - [MESSAGE][PASSED] - Browser is opened with url: ''

2021-02-22 16:15:47 - [MESSAGE][PASSED] - Current window maximized

2021-02-22 16:15:48 - [MESSAGE][PASSED] - Navigate to 'http://123.176.34.15:4041/ProAcc2QA' successfully

2021-02-22 16:15:49 - [MESSAGE][PASSED] - Text 'Akhil' is set on object 'Object Repository/ProAcc_Login/input_User Name_Username'

2021-02-22 16:15:49 - [MESSAGE][PASSED] - Text 'a12345@' is set on object 'Object Repository/ProAcc_Login/input_Password_Password'

2021-02-22 16:15:52 - [MESSAGE][PASSED] - Object: 'Object Repository/ProAcc_Login/button_Sign In' is clicked on

2021-02-22 16:15:54 - [MESSAGE][PASSED] - Delayed 2 second(s)

2021-02-22 16:15:54 - [MESSAGE][PASSED] - Text of object '' is: 'Consultant'

2021-02-22 16:15:56 - [MESSAGE][PASSED] - Object: '' is clicked on

2021-02-22 16:15:57 - [MESSAGE][PASSED] - Object: 'Object Repository/ProAcc_Consultant/ProgressMonitor/report_Btn' is clicked on

2021-02-22 16:15:58 - [MESSAGE][PASSED] - All options with label 'Assessment' are selected in object 'Object Repository/ProAcc_Pm/ProAcc_ResourceAllocation/PhaseName'  using regular expression

2021-02-22 16:16:00 - [MESSAGE][PASSED] - Delayed 2 second(s)

2021-02-22 16:16:00 - [MESSAGE][PASSED] - Text of object '' is: 'Consultant'

2021-02-22 16:16:01 - [MESSAGE][PASSED] - All options with label 'Cipla Industries' are selected in object 'Object Repository/ProAcc_Consultant/ProgressMonitor/Select_Customer'  using regular expression

2021-02-22 16:16:02 - [MESSAGE][PASSED] - All options with label 'TestProject' are selected in object 'Object Repository/ProAcc_Consultant/ProgressMonitor/Select_Project'  using regular expression

2021-02-22 16:16:03 - [MESSAGE][PASSED] - All options with label 'TP1' are selected in object 'Object Repository/ProAcc_Consultant/ProgressMonitor/Select_Instance'  using regular expression

2021-02-22 16:16:05 - [MESSAGE][PASSED] - Delayed 2 second(s)

2021-02-22 16:16:06 - [MESSAGE][PASSED] - Object: 'Object Repository/ProAcc_Consultant/ProgressMonitor/edit' is clicked on

2021-02-22 16:16:08 - [MESSAGE][PASSED] - Delayed 2 second(s)

2021-02-22 16:16:11 - [MESSAGE][PASSED] - Delayed 3 second(s)

2021-02-22 16:16:12 - [MESSAGE][PASSED] - Delayed 1 second(s)

2021-02-22 16:16:13 - [MESSAGE][PASSED] - Delayed 1 second(s)

2021-02-22 16:16:14 - [MESSAGE][PASSED] - Delayed 1 second(s)

2021-02-22 16:16:15 - [MESSAGE][PASSED] - Delayed 1 second(s)

2021-02-22 16:16:19 - [MESSAGE][PASSED] - Delayed 3 second(s)

2021-02-22 16:16:21 - [MESSAGE][PASSED] - Delayed 2 second(s)

2021-02-22 16:16:23 - [MESSAGE][WARNING] - A browser is already opened. Closing browser and opening a new one

2021-02-22 16:16:24 - [MESSAGE][INFO] - Starting 'Chrome' driver

2021-02-22 16:16:24 - [MESSAGE][INFO] - Action delay is set to 0 milliseconds

2021-02-22 16:16:26 - [MESSAGE][PASSED] - Browser is opened with url: ''

2021-02-22 16:16:26 - [MESSAGE][PASSED] - Current window maximized

2021-02-22 16:16:27 - [MESSAGE][PASSED] - Navigate to 'http://123.176.34.15:4041/ProAcc2QA' successfully

2021-02-22 16:16:27 - [MESSAGE][PASSED] - Text 'Seena' is set on object 'Object Repository/ProAcc_Login/input_User Name_Username'

2021-02-22 16:16:28 - [MESSAGE][PASSED] - Text 'a12345@' is set on object 'Object Repository/ProAcc_Login/input_Password_Password'

2021-02-22 16:16:31 - [MESSAGE][PASSED] - Object: 'Object Repository/ProAcc_Login/button_Sign In' is clicked on

2021-02-22 16:16:33 - [MESSAGE][PASSED] - Delayed 2 second(s)

2021-02-22 16:16:33 - [MESSAGE][PASSED] - Text of object '' is: 'Consultant'

2021-02-22 16:16:35 - [MESSAGE][PASSED] - Object: '' is clicked on

2021-02-22 16:16:36 - [MESSAGE][PASSED] - Object: 'Object Repository/ProAcc_Consultant/ProgressMonitor/report_Btn' is clicked on

2021-02-22 16:16:37 - [MESSAGE][PASSED] - All options with label 'Assessment' are selected in object 'Object Repository/ProAcc_Pm/ProAcc_ResourceAllocation/PhaseName'  using regular expression

2021-02-22 16:16:39 - [MESSAGE][PASSED] - Delayed 2 second(s)

2021-02-22 16:16:39 - [MESSAGE][PASSED] - Text of object '' is: 'Consultant'

2021-02-22 16:16:40 - [MESSAGE][PASSED] - All options with label 'Cipla Industries' are selected in object 'Object Repository/ProAcc_Consultant/ProgressMonitor/Select_Customer'  using regular expression

2021-02-22 16:16:41 - [MESSAGE][PASSED] - All options with label 'TestProject' are selected in object 'Object Repository/ProAcc_Consultant/ProgressMonitor/Select_Project'  using regular expression

2021-02-22 16:16:42 - [MESSAGE][PASSED] - All options with label 'TP1' are selected in object 'Object Repository/ProAcc_Consultant/ProgressMonitor/Select_Instance'  using regular expression

2021-02-22 16:16:44 - [MESSAGE][PASSED] - Delayed 2 second(s)

2021-02-22 16:16:45 - [MESSAGE][PASSED] - Object: 'Object Repository/ProAcc_Consultant/ProgressMonitor/edit' is clicked on

2021-02-22 16:16:47 - [MESSAGE][PASSED] - Delayed 2 second(s)

2021-02-22 16:16:50 - [MESSAGE][PASSED] - Delayed 3 second(s)

2021-02-22 16:16:51 - [MESSAGE][PASSED] - Delayed 1 second(s)

2021-02-22 16:16:52 - [MESSAGE][PASSED] - Delayed 1 second(s)

2021-02-22 16:16:53 - [MESSAGE][PASSED] - Delayed 1 second(s)

2021-02-22 16:16:54 - [MESSAGE][PASSED] - Delayed 1 second(s)

2021-02-22 16:16:58 - [MESSAGE][PASSED] - Delayed 3 second(s)

2021-02-22 16:17:00 - [MESSAGE][PASSED] - Delayed 2 second(s)

2021-02-22 16:17:01 - [MESSAGE][WARNING] - A browser is already opened. Closing browser and opening a new one

2021-02-22 16:17:02 - [MESSAGE][INFO] - Starting 'Chrome' driver

2021-02-22 16:17:02 - [MESSAGE][INFO] - Action delay is set to 0 milliseconds

2021-02-22 16:17:04 - [MESSAGE][PASSED] - Browser is opened with url: ''

2021-02-22 16:17:04 - [MESSAGE][PASSED] - Current window maximized

2021-02-22 16:17:05 - [MESSAGE][PASSED] - Navigate to 'http://123.176.34.15:4041/ProAcc2QA' successfully

2021-02-22 16:17:06 - [MESSAGE][PASSED] - Text 'Seena' is set on object 'Object Repository/ProAcc_Login/input_User Name_Username'

2021-02-22 16:17:06 - [MESSAGE][PASSED] - Text 'a12345@' is set on object 'Object Repository/ProAcc_Login/input_Password_Password'

2021-02-22 16:17:09 - [MESSAGE][PASSED] - Object: 'Object Repository/ProAcc_Login/button_Sign In' is clicked on

2021-02-22 16:17:11 - [MESSAGE][PASSED] - Delayed 2 second(s)

2021-02-22 16:17:12 - [MESSAGE][PASSED] - Text of object '' is: 'Consultant'

2021-02-22 16:17:13 - [MESSAGE][PASSED] - Object: '' is clicked on

2021-02-22 16:17:14 - [MESSAGE][PASSED] - Object: 'Object Repository/ProAcc_Consultant/ProgressMonitor/report_Btn' is clicked on

2021-02-22 16:17:15 - [MESSAGE][PASSED] - All options with label 'Assessment' are selected in object 'Object Repository/ProAcc_Pm/ProAcc_ResourceAllocation/PhaseName'  using regular expression

2021-02-22 16:17:17 - [MESSAGE][PASSED] - Delayed 2 second(s)

2021-02-22 16:17:18 - [MESSAGE][PASSED] - Text of object '' is: 'Consultant'

2021-02-22 16:17:19 - [MESSAGE][PASSED] - All options with label 'Cipla Industries' are selected in object 'Object Repository/ProAcc_Consultant/ProgressMonitor/Select_Customer'  using regular expression

2021-02-22 16:17:20 - [MESSAGE][PASSED] - All options with label 'TestProject' are selected in object 'Object Repository/ProAcc_Consultant/ProgressMonitor/Select_Project'  using regular expression

2021-02-22 16:17:21 - [MESSAGE][PASSED] - All options with label 'TP1' are selected in object 'Object Repository/ProAcc_Consultant/ProgressMonitor/Select_Instance'  using regular expression

2021-02-22 16:17:23 - [MESSAGE][PASSED] - Delayed 2 second(s)

2021-02-22 16:17:23 - [MESSAGE][PASSED] - Object: 'Object Repository/ProAcc_Consultant/ProgressMonitor/edit' is clicked on

2021-02-22 16:17:25 - [MESSAGE][PASSED] - Delayed 2 second(s)

2021-02-22 16:17:28 - [MESSAGE][PASSED] - Delayed 3 second(s)

2021-02-22 16:17:29 - [MESSAGE][PASSED] - Delayed 1 second(s)

2021-02-22 16:17:30 - [MESSAGE][PASSED] - Delayed 1 second(s)

2021-02-22 16:17:31 - [MESSAGE][PASSED] - Delayed 1 second(s)

2021-02-22 16:17:33 - [MESSAGE][PASSED] - Delayed 1 second(s)

2021-02-22 16:17:36 - [MESSAGE][PASSED] - Delayed 3 second(s)

2021-02-22 16:17:38 - [MESSAGE][PASSED] - Delayed 2 second(s)

2021-02-22 16:17:40 - [MESSAGE][PASSED] - Run with 'testRunner.ProgressMonitorConsultant_Runner' was passed]]></system-out>
         <system-err><![CDATA[]]></system-err>
      </testcase>
      <testcase name="Test Cases/Tc_ProAcc_Consultant/Tc_CreateAnalysis" time="47.279" classname="Test Cases/Tc_ProAcc_Consultant/Tc_CreateAnalysis" status="PASSED">
         <system-out><![CDATA[2021-02-22 16:17:40 - [TEST_CASE][PASSED] - Test Cases/Tc_ProAcc_Consultant/Tc_CreateAnalysis: Test Cases/Tc_ProAcc_Consultant/Tc_CreateAnalysis

2021-02-22 16:17:40 - [TEST_STEP][PASSED] - runWithCucumberRunner(testRunner.CreateAnalysis_Runner): Run with 'testRunner.CreateAnalysis_Runner' was passed

2021-02-22 16:17:42 - [MESSAGE][WARNING] - A browser is already opened. Closing browser and opening a new one

2021-02-22 16:17:42 - [MESSAGE][INFO] - Starting 'Chrome' driver

2021-02-22 16:17:42 - [MESSAGE][INFO] - Action delay is set to 0 milliseconds

2021-02-22 16:17:45 - [MESSAGE][PASSED] - Browser is opened with url: ''

2021-02-22 16:17:45 - [MESSAGE][PASSED] - Current window maximized

2021-02-22 16:17:50 - [MESSAGE][PASSED] - Delayed 5 second(s)

2021-02-22 16:17:50 - [MESSAGE][PASSED] - Navigate to 'http://123.176.34.15:4041/PROACC2QA/' successfully

2021-02-22 16:17:51 - [MESSAGE][PASSED] - Text 'seena' is set on object 'Object Repository/ProAcc_Login/input_User Name_Username'

2021-02-22 16:17:52 - [MESSAGE][PASSED] - Text 'a12345@' is set on object 'Object Repository/ProAcc_Login/input_Password_Password'

2021-02-22 16:17:54 - [MESSAGE][PASSED] - Object: 'Object Repository/ProAcc_Login/button_Sign In' is clicked on

2021-02-22 16:17:56 - [MESSAGE][PASSED] - Delayed 2 second(s)

2021-02-22 16:17:58 - [MESSAGE][PASSED] - Object: 'Object Repository/ProAcc_Consultant/ProAcc_CreateAnalysis/CreateAnalysis_Click' is clicked on

2021-02-22 16:17:58 - [MESSAGE][PASSED] - Object: 'Object Repository/ProAcc_Consultant/ProgressMonitor/report_Btn' is clicked on

2021-02-22 16:18:00 - [MESSAGE][PASSED] - All options with label 'Cipla Industries' are selected in object 'Object Repository/ProAcc_Consultant/ProgressMonitor/Select_Customer'  using regular expression

2021-02-22 16:18:01 - [MESSAGE][PASSED] - All options with label 'TestProject' are selected in object 'Object Repository/ProAcc_Consultant/ProgressMonitor/Select_Project'  using regular expression

2021-02-22 16:18:02 - [MESSAGE][PASSED] - All options with label 'TP1' are selected in object 'Object Repository/ProAcc_Consultant/ProgressMonitor/Select_Instance'  using regular expression

2021-02-22 16:18:03 - [MESSAGE][PASSED] - File 'C:/Users/Group10/Desktop/ProAcc_Test/ProAcc_Test_New/Include/ProAcc_InputFile/Activities.xlsx' sent to object: 'Object Repository/ProAcc_Consultant/ProAcc_CreateAnalysis/FileUpload_Btn'

2021-02-22 16:18:05 - [MESSAGE][PASSED] - Delayed 2 second(s)

2021-02-22 16:18:05 - [MESSAGE][PASSED] - File 'C:/Users/Group10/Desktop/ProAcc_Test/ProAcc_Test_New/Include/ProAcc_InputFile/Bwextractors.xlsx' sent to object: 'Object Repository/ProAcc_Consultant/ProAcc_CreateAnalysis/FileUpload_Btn'

2021-02-22 16:18:07 - [MESSAGE][PASSED] - Delayed 2 second(s)

2021-02-22 16:18:08 - [MESSAGE][PASSED] - File 'C:/Users/Group10/Desktop/ProAcc_Test/ProAcc_Test_New/Include/ProAcc_InputFile/CustomCode.xlsx' sent to object: 'Object Repository/ProAcc_Consultant/ProAcc_CreateAnalysis/FileUpload_Btn'

2021-02-22 16:18:10 - [MESSAGE][PASSED] - Delayed 2 second(s)

2021-02-22 16:18:10 - [MESSAGE][PASSED] - File 'C:/Users/Group10/Desktop/ProAcc_Test/ProAcc_Test_New/Include/ProAcc_InputFile/HanaDatabaseTables.xlsx' sent to object: 'Object Repository/ProAcc_Consultant/ProAcc_CreateAnalysis/FileUpload_Btn'

2021-02-22 16:18:12 - [MESSAGE][PASSED] - Delayed 2 second(s)

2021-02-22 16:18:12 - [MESSAGE][PASSED] - File 'C:/Users/Group10/Desktop/ProAcc_Test/ProAcc_Test_New/Include/ProAcc_InputFile/RecommendedFioriApps.xlsx' sent to object: 'Object Repository/ProAcc_Consultant/ProAcc_CreateAnalysis/FileUpload_Btn'

2021-02-22 16:18:14 - [MESSAGE][PASSED] - Delayed 2 second(s)

2021-02-22 16:18:15 - [MESSAGE][PASSED] - File 'C:/Users/Group10/Desktop/ProAcc_Test/ProAcc_Test_New/Include/ProAcc_InputFile/RelevantSimplificationItems.xlsx' sent to object: 'Object Repository/ProAcc_Consultant/ProAcc_CreateAnalysis/FileUpload_Btn'

2021-02-22 16:18:17 - [MESSAGE][PASSED] - Delayed 2 second(s)

2021-02-22 16:18:17 - [MESSAGE][PASSED] - File 'C:/Users/Group10/Desktop/ProAcc_Test/ProAcc_Test_New/Include/ProAcc_InputFile/SAP Readiness Check.pdf' sent to object: 'Object Repository/ProAcc_Consultant/ProAcc_CreateAnalysis/FileUpload_Btn'

2021-02-22 16:18:19 - [MESSAGE][PASSED] - Delayed 2 second(s)

2021-02-22 16:18:20 - [MESSAGE][PASSED] - Object: 'Object Repository/ProAcc_Consultant/ProAcc_CreateAnalysis/ReadinessCheck_Checkbox' is clicked on

2021-02-22 16:18:20 - [MESSAGE][PASSED] - Object: 'Object Repository/ProAcc_Consultant/ProAcc_CreateAnalysis/AcknowldgeCheck_Checkbox' is clicked on

2021-02-22 16:18:21 - [MESSAGE][PASSED] - Object: 'Object Repository/ProAcc_Consultant/ProAcc_CreateAnalysis/StartAnalysis' is clicked on

2021-02-22 16:18:27 - [MESSAGE][PASSED] - Delayed 6 second(s)

2021-02-22 16:18:27 - [MESSAGE][PASSED] - Run with 'testRunner.CreateAnalysis_Runner' was passed]]></system-out>
         <system-err><![CDATA[]]></system-err>
      </testcase>
      <testcase name="Test Cases/Tc_ProAcc_PM/Tc_ResourceAllocation_PreConversion" time="35.756" classname="Test Cases/Tc_ProAcc_PM/Tc_ResourceAllocation_PreConversion" status="PASSED">
         <system-out><![CDATA[2021-02-22 16:18:27 - [TEST_CASE][PASSED] - Test Cases/Tc_ProAcc_PM/Tc_ResourceAllocation_PreConversion: Test Cases/Tc_ProAcc_PM/Tc_ResourceAllocation_PreConversion

2021-02-22 16:18:27 - [TEST_STEP][PASSED] - runWithCucumberRunner(phase_runner.ResourceAllocation_PreConversion_Runner): Run with 'phase_runner.ResourceAllocation_PreConversion_Runner' was passed

2021-02-22 16:18:30 - [MESSAGE][WARNING] - A browser is already opened. Closing browser and opening a new one

2021-02-22 16:18:31 - [MESSAGE][INFO] - Starting 'Chrome' driver

2021-02-22 16:18:31 - [MESSAGE][INFO] - Action delay is set to 0 milliseconds

2021-02-22 16:18:33 - [MESSAGE][PASSED] - Browser is opened with url: ''

2021-02-22 16:18:33 - [MESSAGE][PASSED] - Current window maximized

2021-02-22 16:18:38 - [MESSAGE][PASSED] - Delayed 5 second(s)

2021-02-22 16:18:41 - [MESSAGE][PASSED] - Navigate to 'http://123.176.34.15:4041/PROACC2QA/' successfully

2021-02-22 16:18:42 - [MESSAGE][PASSED] - Text 'TestPM' is set on object 'Object Repository/ProAcc_Login/input_User Name_Username'

2021-02-22 16:18:44 - [MESSAGE][PASSED] - Delayed 2 second(s)

2021-02-22 16:18:44 - [MESSAGE][PASSED] - Text 'a12345@' is set on object 'Object Repository/ProAcc_Login/input_Password_Password'

2021-02-22 16:18:46 - [MESSAGE][PASSED] - Object: 'Object Repository/ProAcc_Login/button_Sign In' is clicked on

2021-02-22 16:18:48 - [MESSAGE][PASSED] - Object: 'Object Repository/ProAcc_Pm/ProAcc_ResourceAllocation/span_Task Monitoring' is clicked on

2021-02-22 16:18:49 - [MESSAGE][PASSED] - Object: 'Object Repository/ProAcc_Pm/ProAcc_ResourceAllocation/a_Click' is clicked on

2021-02-22 16:18:51 - [MESSAGE][PASSED] - Delayed 2 second(s)

2021-02-22 16:18:52 - [MESSAGE][PASSED] - All options with label 'Pre Conversion' are selected in object 'Object Repository/ProAcc_Pm/ProAcc_ResourceAllocation/PhaseName'  using regular expression

2021-02-22 16:18:53 - [MESSAGE][PASSED] - Object: 'Object Repository/ProAcc_Pm/ProAcc_ResourceAllocation/Select_Project' is clicked on

2021-02-22 16:18:54 - [MESSAGE][PASSED] - All options with label 'TestProject' are selected in object 'Object Repository/ProAcc_Pm/ProAcc_ResourceAllocation/Select_Project'  using regular expression

2021-02-22 16:18:55 - [MESSAGE][PASSED] - All options with label 'TP1' are selected in object 'Object Repository/ProAcc_Pm/ProAcc_ResourceAllocation/Select Instance'  using regular expression

2021-02-22 16:18:56 - [MESSAGE][PASSED] - Object: 'Object Repository/ProAcc_Pm/ProAcc_ResourceAllocation/Pull_Data_Btn' is clicked on

2021-02-22 16:18:57 - [MESSAGE][PASSED] - Object: 'Object Repository/ProAcc_Pm/ProAcc_ResourceAllocation/button_Bulk Allocation' is clicked on

2021-02-22 16:18:58 - [MESSAGE][PASSED] - Object: 'Object Repository/ProAcc_Pm/ProAcc_ResourceAllocation/BulkBtn_Cancel' is clicked on

2021-02-22 16:18:59 - [MESSAGE][PASSED] - Object: 'Object Repository/ProAcc_Pm/ProAcc_ResourceAllocation/button_Bulk Allocation' is clicked on

2021-02-22 16:18:59 - [MESSAGE][PASSED] - Text of object '' is: 'Basis Consultant'

2021-02-22 16:19:01 - [MESSAGE][PASSED] - All options with label 'Basis Consultant' are selected in object 'Object Repository/ProAcc_Pm/ProAcc_ResourceAllocation/Select RoleBasis'  using regular expression

2021-02-22 16:19:01 - [MESSAGE][PASSED] - Text of object '' is: 'Seena '

2021-02-22 16:19:02 - [MESSAGE][PASSED] - All options with label 'Seena ' are selected in object 'Object Repository/ProAcc_Pm/ProAcc_ResourceAllocation/Select Ownercon'  using regular expression

2021-02-22 16:19:02 - [MESSAGE][PASSED] - Object: 'Object Repository/ProAcc_Pm/ProAcc_ResourceAllocation/button_Save' is clicked on

2021-02-22 16:19:03 - [MESSAGE][PASSED] - Run with 'phase_runner.ResourceAllocation_PreConversion_Runner' was passed]]></system-out>
         <system-err><![CDATA[]]></system-err>
      </testcase>
      <testcase name="Test Cases/Tc_ProAcc_PM/Tc_ProgressMonitor_PreConversion" time="34.359" classname="Test Cases/Tc_ProAcc_PM/Tc_ProgressMonitor_PreConversion" status="PASSED">
         <system-out><![CDATA[2021-02-22 16:19:03 - [TEST_CASE][PASSED] - Test Cases/Tc_ProAcc_PM/Tc_ProgressMonitor_PreConversion: Test Cases/Tc_ProAcc_PM/Tc_ProgressMonitor_PreConversion

2021-02-22 16:19:03 - [TEST_STEP][PASSED] - runWithCucumberRunner(phase_runner.ProgressMonitor_Pm_PreCon_Runner): Run with 'phase_runner.ProgressMonitor_Pm_PreCon_Runner' was passed

2021-02-22 16:19:05 - [MESSAGE][PASSED] - Object: 'Object Repository/ProAcc_Pm/ProAcc_ResourceAllocation/ProgressMonitor' is clicked on

2021-02-22 16:19:08 - [MESSAGE][PASSED] - Text of object '' is: 'Seena'

2021-02-22 16:19:08 - [MESSAGE][PASSED] - Text of object '' is: 'Seena'

2021-02-22 16:19:09 - [MESSAGE][PASSED] - Text of object '' is: 'Seena'

2021-02-22 16:19:09 - [MESSAGE][PASSED] - Text of object '' is: 'Seena'

2021-02-22 16:19:10 - [MESSAGE][PASSED] - Object: 'Object Repository/ProAcc_Pm/ProAcc_ProjectMonitor/Mail_Icon' is clicked on

2021-02-22 16:19:11 - [MESSAGE][PASSED] - Text 'sainath@promantus.com' is set on object 'Object Repository/ProAcc_Pm/ProAcc_ProjectMonitor/input__Emailid'

2021-02-22 16:19:12 - [MESSAGE][PASSED] - Text 'Test' is set on object 'Object Repository/ProAcc_Pm/ProAcc_ProjectMonitor/input__Subject'

2021-02-22 16:19:12 - [MESSAGE][PASSED] - Text 'Testing' is set on object 'Object Repository/ProAcc_Pm/ProAcc_ProjectMonitor/textarea__Body'

2021-02-22 16:19:13 - [MESSAGE][PASSED] - Object: 'Object Repository/ProAcc_Pm/ProAcc_ProjectMonitor/button_Send Mail' is clicked on

2021-02-22 16:19:14 - [MESSAGE][PASSED] - Object: 'Object Repository/ProAcc_Pm/ProAcc_ProjectMonitor/button_Add Activity' is clicked on

2021-02-22 16:19:14 - [MESSAGE][PASSED] - Object: 'Object Repository/ProAcc_Admin/ProAcc_Activity/input__txtTask' is clicked on

2021-02-22 16:19:15 - [MESSAGE][PASSED] - Text 'PreConMoni' is set on object 'Object Repository/ProAcc_Admin/ProAcc_Activity/input__txtTask'

2021-02-22 16:19:15 - [MESSAGE][PASSED] - Object: 'Object Repository/ProAcc_Admin/ProAcc_Activity/Select Application Area' is clicked on

2021-02-22 16:19:17 - [MESSAGE][PASSED] - All options with label 'Testing' are selected in object 'Object Repository/ProAcc_Admin/ProAcc_Activity/Select Application Area'  using regular expression

2021-02-22 16:19:18 - [MESSAGE][PASSED] - All options with label 'Basis Consultant' are selected in object 'Object Repository/ProAcc_Admin/ProAcc_Activity/Select Role'  using regular expression

2021-02-22 16:19:19 - [MESSAGE][PASSED] - Object: 'Object Repository/ProAcc_Pm/ProAcc_ProjectMonitor/Select_Owner' is clicked on

2021-02-22 16:19:19 - [MESSAGE][PASSED] - All options with label 'Seena' are selected in object 'Object Repository/ProAcc_Pm/ProAcc_ProjectMonitor/Select_Owner' 

2021-02-22 16:19:20 - [MESSAGE][PASSED] - All options with label 'Assessment Reports' are selected in object 'Object Repository/ProAcc_Admin/ProAcc_Activity/Select Building Block'  using regular expression

2021-02-22 16:19:21 - [MESSAGE][PASSED] - Text '11:23' is set on object 'Object Repository/ProAcc_Admin/ProAcc_Activity/input__txtEstimated'

2021-02-22 16:19:22 - [MESSAGE][PASSED] - All options with label 'Sequential' are selected in object 'Object Repository/ProAcc_Admin/ProAcc_Activity/Select Task Type'  using regular expression

2021-02-22 16:19:24 - [MESSAGE][PASSED] - Delayed 2 second(s)

2021-02-22 16:19:25 - [MESSAGE][PASSED] - Object: 'Object Repository/ProAcc_Pm/ProAcc_ProjectMonitor/button_CreateActivity' is clicked on

2021-02-22 16:19:26 - [MESSAGE][PASSED] - Object: 'Object Repository/ProAcc_Pm/ProAcc_ProjectMonitor/btnSeq' is clicked on

2021-02-22 16:19:28 - [MESSAGE][PASSED] - Delayed 2 second(s)

2021-02-22 16:19:28 - [MESSAGE][PASSED] - Object: 'Object Repository/ProAcc_Pm/ProAcc_ProjectMonitor/i_Yet To Start_Edittask' is clicked on

2021-02-22 16:19:30 - [MESSAGE][PASSED] - All options with value '3' are selected in object 'Object Repository/ProAcc_Pm/ProAcc_ProjectMonitor/select_Not Applicable'  using regular expression

2021-02-22 16:19:31 - [MESSAGE][PASSED] - Object: 'Object Repository/ProAcc_Pm/ProAcc_ProjectMonitor/button_Save' is clicked on

2021-02-22 16:19:31 - [MESSAGE][PASSED] - Text 'Test' is set on object 'Object Repository/ProAcc_Pm/ProAcc_ProjectMonitor/textarea_Add Comments_Comments'

2021-02-22 16:19:32 - [MESSAGE][PASSED] - Object: 'Object Repository/ProAcc_Pm/ProAcc_ProjectMonitor/button_SaveComments' is clicked on

2021-02-22 16:19:34 - [MESSAGE][PASSED] - Delayed 2 second(s)

2021-02-22 16:19:35 - [MESSAGE][PASSED] - Text 'PreConMoni' is set on object 'Object Repository/ProAcc_Pm/ProAcc_ProjectMonitor/Search_Task'

2021-02-22 16:19:37 - [MESSAGE][PASSED] - Delayed 2 second(s)

2021-02-22 16:19:37 - [MESSAGE][PASSED] - Run with 'phase_runner.ProgressMonitor_Pm_PreCon_Runner' was passed]]></system-out>
         <system-err><![CDATA[]]></system-err>
      </testcase>
      <testcase name="Test Cases/Tc_ProAcc_Consultant/Tc_ProgressMonitorConsultant_PreConversion" time="165.826" classname="Test Cases/Tc_ProAcc_Consultant/Tc_ProgressMonitorConsultant_PreConversion" status="PASSED">
         <system-out><![CDATA[2021-02-22 16:19:37 - [TEST_CASE][PASSED] - Test Cases/Tc_ProAcc_Consultant/Tc_ProgressMonitorConsultant_PreConversion: Test Cases/Tc_ProAcc_Consultant/Tc_ProgressMonitorConsultant_PreConversion

2021-02-22 16:19:37 - [TEST_STEP][PASSED] - runWithCucumberRunner(phase_runner.ProgressMonitor_Consultant_PreCon_Runner): Run with 'phase_runner.ProgressMonitor_Consultant_PreCon_Runner' was passed

2021-02-22 16:19:44 - [MESSAGE][PASSED] - Delayed 5 second(s)

2021-02-22 16:19:44 - [MESSAGE][WARNING] - A browser is already opened. Closing browser and opening a new one

2021-02-22 16:19:45 - [MESSAGE][INFO] - Starting 'Chrome' driver

2021-02-22 16:19:45 - [MESSAGE][INFO] - Action delay is set to 0 milliseconds

2021-02-22 16:19:47 - [MESSAGE][PASSED] - Browser is opened with url: ''

2021-02-22 16:19:48 - [MESSAGE][PASSED] - Current window maximized

2021-02-22 16:19:48 - [MESSAGE][PASSED] - Navigate to 'http://123.176.34.15:4041/ProAcc2QA' successfully

2021-02-22 16:19:49 - [MESSAGE][PASSED] - Text 'Seena' is set on object 'Object Repository/ProAcc_Login/input_User Name_Username'

2021-02-22 16:19:50 - [MESSAGE][PASSED] - Text 'a12345@' is set on object 'Object Repository/ProAcc_Login/input_Password_Password'

2021-02-22 16:19:53 - [MESSAGE][PASSED] - Object: 'Object Repository/ProAcc_Login/button_Sign In' is clicked on

2021-02-22 16:19:55 - [MESSAGE][PASSED] - Delayed 2 second(s)

2021-02-22 16:19:55 - [MESSAGE][PASSED] - Text of object '' is: 'Consultant'

2021-02-22 16:19:59 - [MESSAGE][PASSED] - Object: '' is clicked on

2021-02-22 16:20:01 - [MESSAGE][PASSED] - Object: 'Object Repository/ProAcc_Consultant/ProgressMonitor/report_Btn' is clicked on

2021-02-22 16:20:02 - [MESSAGE][PASSED] - All options with label 'Pre Conversion' are selected in object 'Object Repository/ProAcc_Pm/ProAcc_ResourceAllocation/PhaseName'  using regular expression

2021-02-22 16:20:04 - [MESSAGE][PASSED] - Delayed 2 second(s)

2021-02-22 16:20:05 - [MESSAGE][PASSED] - Text of object '' is: 'Consultant'

2021-02-22 16:20:06 - [MESSAGE][PASSED] - All options with label 'Cipla Industries' are selected in object 'Object Repository/ProAcc_Consultant/ProgressMonitor/Select_Customer'  using regular expression

2021-02-22 16:20:07 - [MESSAGE][PASSED] - All options with label 'TestProject' are selected in object 'Object Repository/ProAcc_Consultant/ProgressMonitor/Select_Project'  using regular expression

2021-02-22 16:20:08 - [MESSAGE][PASSED] - All options with label 'TP1' are selected in object 'Object Repository/ProAcc_Consultant/ProgressMonitor/Select_Instance'  using regular expression

2021-02-22 16:20:10 - [MESSAGE][PASSED] - Delayed 2 second(s)

2021-02-22 16:20:10 - [MESSAGE][PASSED] - Object: 'Object Repository/ProAcc_Consultant/ProgressMonitor/edit' is clicked on

2021-02-22 16:20:12 - [MESSAGE][PASSED] - Delayed 2 second(s)

2021-02-22 16:20:16 - [MESSAGE][PASSED] - Delayed 3 second(s)

2021-02-22 16:20:17 - [MESSAGE][PASSED] - Delayed 1 second(s)

2021-02-22 16:20:18 - [MESSAGE][PASSED] - Delayed 1 second(s)

2021-02-22 16:20:19 - [MESSAGE][PASSED] - Delayed 1 second(s)

2021-02-22 16:20:20 - [MESSAGE][PASSED] - Delayed 1 second(s)

2021-02-22 16:20:23 - [MESSAGE][PASSED] - Delayed 3 second(s)

2021-02-22 16:20:25 - [MESSAGE][PASSED] - Delayed 2 second(s)

2021-02-22 16:20:27 - [MESSAGE][WARNING] - A browser is already opened. Closing browser and opening a new one

2021-02-22 16:20:28 - [MESSAGE][INFO] - Starting 'Chrome' driver

2021-02-22 16:20:28 - [MESSAGE][INFO] - Action delay is set to 0 milliseconds

2021-02-22 16:20:30 - [MESSAGE][PASSED] - Browser is opened with url: ''

2021-02-22 16:20:30 - [MESSAGE][PASSED] - Current window maximized

2021-02-22 16:20:31 - [MESSAGE][PASSED] - Navigate to 'http://123.176.34.15:4041/ProAcc2QA' successfully

2021-02-22 16:20:32 - [MESSAGE][PASSED] - Text 'Seena' is set on object 'Object Repository/ProAcc_Login/input_User Name_Username'

2021-02-22 16:20:32 - [MESSAGE][PASSED] - Text 'a12345@' is set on object 'Object Repository/ProAcc_Login/input_Password_Password'

2021-02-22 16:20:35 - [MESSAGE][PASSED] - Object: 'Object Repository/ProAcc_Login/button_Sign In' is clicked on

2021-02-22 16:20:37 - [MESSAGE][PASSED] - Delayed 2 second(s)

2021-02-22 16:20:37 - [MESSAGE][PASSED] - Text of object '' is: 'Consultant'

2021-02-22 16:20:39 - [MESSAGE][PASSED] - Object: '' is clicked on

2021-02-22 16:20:40 - [MESSAGE][PASSED] - Object: 'Object Repository/ProAcc_Consultant/ProgressMonitor/report_Btn' is clicked on

2021-02-22 16:20:41 - [MESSAGE][PASSED] - All options with label 'Pre Conversion' are selected in object 'Object Repository/ProAcc_Pm/ProAcc_ResourceAllocation/PhaseName'  using regular expression

2021-02-22 16:20:43 - [MESSAGE][PASSED] - Delayed 2 second(s)

2021-02-22 16:20:43 - [MESSAGE][PASSED] - Text of object '' is: 'Consultant'

2021-02-22 16:20:44 - [MESSAGE][PASSED] - All options with label 'Cipla Industries' are selected in object 'Object Repository/ProAcc_Consultant/ProgressMonitor/Select_Customer'  using regular expression

2021-02-22 16:20:46 - [MESSAGE][PASSED] - All options with label 'TestProject' are selected in object 'Object Repository/ProAcc_Consultant/ProgressMonitor/Select_Project'  using regular expression

2021-02-22 16:20:47 - [MESSAGE][PASSED] - All options with label 'TP1' are selected in object 'Object Repository/ProAcc_Consultant/ProgressMonitor/Select_Instance'  using regular expression

2021-02-22 16:20:49 - [MESSAGE][PASSED] - Delayed 2 second(s)

2021-02-22 16:20:49 - [MESSAGE][PASSED] - Object: 'Object Repository/ProAcc_Consultant/ProgressMonitor/edit' is clicked on

2021-02-22 16:20:51 - [MESSAGE][PASSED] - Delayed 2 second(s)

2021-02-22 16:20:54 - [MESSAGE][PASSED] - Delayed 3 second(s)

2021-02-22 16:20:55 - [MESSAGE][PASSED] - Delayed 1 second(s)

2021-02-22 16:20:56 - [MESSAGE][PASSED] - Delayed 1 second(s)

2021-02-22 16:20:57 - [MESSAGE][PASSED] - Delayed 1 second(s)

2021-02-22 16:20:59 - [MESSAGE][PASSED] - Delayed 1 second(s)

2021-02-22 16:21:03 - [MESSAGE][PASSED] - Delayed 3 second(s)

2021-02-22 16:21:05 - [MESSAGE][PASSED] - Delayed 2 second(s)

2021-02-22 16:21:07 - [MESSAGE][WARNING] - A browser is already opened. Closing browser and opening a new one

2021-02-22 16:21:08 - [MESSAGE][INFO] - Starting 'Chrome' driver

2021-02-22 16:21:08 - [MESSAGE][INFO] - Action delay is set to 0 milliseconds

2021-02-22 16:21:10 - [MESSAGE][PASSED] - Browser is opened with url: ''

2021-02-22 16:21:10 - [MESSAGE][PASSED] - Current window maximized

2021-02-22 16:21:11 - [MESSAGE][PASSED] - Navigate to 'http://123.176.34.15:4041/ProAcc2QA' successfully

2021-02-22 16:21:12 - [MESSAGE][PASSED] - Text 'Seena' is set on object 'Object Repository/ProAcc_Login/input_User Name_Username'

2021-02-22 16:21:12 - [MESSAGE][PASSED] - Text 'a12345@' is set on object 'Object Repository/ProAcc_Login/input_Password_Password'

2021-02-22 16:21:15 - [MESSAGE][PASSED] - Object: 'Object Repository/ProAcc_Login/button_Sign In' is clicked on

2021-02-22 16:21:17 - [MESSAGE][PASSED] - Delayed 2 second(s)

2021-02-22 16:21:17 - [MESSAGE][PASSED] - Text of object '' is: 'Consultant'

2021-02-22 16:21:19 - [MESSAGE][PASSED] - Object: '' is clicked on

2021-02-22 16:21:19 - [MESSAGE][PASSED] - Object: 'Object Repository/ProAcc_Consultant/ProgressMonitor/report_Btn' is clicked on

2021-02-22 16:21:21 - [MESSAGE][PASSED] - All options with label 'Pre Conversion' are selected in object 'Object Repository/ProAcc_Pm/ProAcc_ResourceAllocation/PhaseName'  using regular expression

2021-02-22 16:21:23 - [MESSAGE][PASSED] - Delayed 2 second(s)

2021-02-22 16:21:23 - [MESSAGE][PASSED] - Text of object '' is: 'Consultant'

2021-02-22 16:21:24 - [MESSAGE][PASSED] - All options with label 'Cipla Industries' are selected in object 'Object Repository/ProAcc_Consultant/ProgressMonitor/Select_Customer'  using regular expression

2021-02-22 16:21:25 - [MESSAGE][PASSED] - All options with label 'TestProject' are selected in object 'Object Repository/ProAcc_Consultant/ProgressMonitor/Select_Project'  using regular expression

2021-02-22 16:21:26 - [MESSAGE][PASSED] - All options with label 'TP1' are selected in object 'Object Repository/ProAcc_Consultant/ProgressMonitor/Select_Instance'  using regular expression

2021-02-22 16:21:28 - [MESSAGE][PASSED] - Delayed 2 second(s)

2021-02-22 16:21:29 - [MESSAGE][PASSED] - Object: 'Object Repository/ProAcc_Consultant/ProgressMonitor/edit' is clicked on

2021-02-22 16:21:31 - [MESSAGE][PASSED] - Delayed 2 second(s)

2021-02-22 16:21:34 - [MESSAGE][PASSED] - Delayed 3 second(s)

2021-02-22 16:21:35 - [MESSAGE][PASSED] - Delayed 1 second(s)

2021-02-22 16:21:36 - [MESSAGE][PASSED] - Delayed 1 second(s)

2021-02-22 16:21:37 - [MESSAGE][PASSED] - Delayed 1 second(s)

2021-02-22 16:21:38 - [MESSAGE][PASSED] - Delayed 1 second(s)

2021-02-22 16:21:42 - [MESSAGE][PASSED] - Delayed 3 second(s)

2021-02-22 16:21:44 - [MESSAGE][PASSED] - Delayed 2 second(s)

2021-02-22 16:21:45 - [MESSAGE][WARNING] - A browser is already opened. Closing browser and opening a new one

2021-02-22 16:21:46 - [MESSAGE][INFO] - Starting 'Chrome' driver

2021-02-22 16:21:46 - [MESSAGE][INFO] - Action delay is set to 0 milliseconds

2021-02-22 16:21:48 - [MESSAGE][PASSED] - Browser is opened with url: ''

2021-02-22 16:21:48 - [MESSAGE][PASSED] - Current window maximized

2021-02-22 16:21:49 - [MESSAGE][PASSED] - Navigate to 'http://123.176.34.15:4041/ProAcc2QA' successfully

2021-02-22 16:21:50 - [MESSAGE][PASSED] - Text 'Seena' is set on object 'Object Repository/ProAcc_Login/input_User Name_Username'

2021-02-22 16:21:50 - [MESSAGE][PASSED] - Text 'a12345@' is set on object 'Object Repository/ProAcc_Login/input_Password_Password'

2021-02-22 16:21:53 - [MESSAGE][PASSED] - Object: 'Object Repository/ProAcc_Login/button_Sign In' is clicked on

2021-02-22 16:21:55 - [MESSAGE][PASSED] - Delayed 2 second(s)

2021-02-22 16:21:55 - [MESSAGE][PASSED] - Text of object '' is: 'Consultant'

2021-02-22 16:21:57 - [MESSAGE][PASSED] - Object: '' is clicked on

2021-02-22 16:21:57 - [MESSAGE][PASSED] - Object: 'Object Repository/ProAcc_Consultant/ProgressMonitor/report_Btn' is clicked on

2021-02-22 16:21:58 - [MESSAGE][PASSED] - All options with label 'Pre Conversion' are selected in object 'Object Repository/ProAcc_Pm/ProAcc_ResourceAllocation/PhaseName'  using regular expression

2021-02-22 16:22:00 - [MESSAGE][PASSED] - Delayed 2 second(s)

2021-02-22 16:22:01 - [MESSAGE][PASSED] - Text of object '' is: 'Consultant'

2021-02-22 16:22:02 - [MESSAGE][PASSED] - All options with label 'Cipla Industries' are selected in object 'Object Repository/ProAcc_Consultant/ProgressMonitor/Select_Customer'  using regular expression

2021-02-22 16:22:03 - [MESSAGE][PASSED] - All options with label 'TestProject' are selected in object 'Object Repository/ProAcc_Consultant/ProgressMonitor/Select_Project'  using regular expression

2021-02-22 16:22:04 - [MESSAGE][PASSED] - All options with label 'TP1' are selected in object 'Object Repository/ProAcc_Consultant/ProgressMonitor/Select_Instance'  using regular expression

2021-02-22 16:22:06 - [MESSAGE][PASSED] - Delayed 2 second(s)

2021-02-22 16:22:07 - [MESSAGE][PASSED] - Object: 'Object Repository/ProAcc_Consultant/ProgressMonitor/edit' is clicked on

2021-02-22 16:22:09 - [MESSAGE][PASSED] - Delayed 2 second(s)

2021-02-22 16:22:12 - [MESSAGE][PASSED] - Delayed 3 second(s)

2021-02-22 16:22:13 - [MESSAGE][PASSED] - Delayed 1 second(s)

2021-02-22 16:22:14 - [MESSAGE][PASSED] - Delayed 1 second(s)

2021-02-22 16:22:15 - [MESSAGE][PASSED] - Delayed 1 second(s)

2021-02-22 16:22:16 - [MESSAGE][PASSED] - Delayed 1 second(s)

2021-02-22 16:22:20 - [MESSAGE][PASSED] - Delayed 3 second(s)

2021-02-22 16:22:22 - [MESSAGE][PASSED] - Delayed 2 second(s)

2021-02-22 16:22:23 - [MESSAGE][PASSED] - Run with 'phase_runner.ProgressMonitor_Consultant_PreCon_Runner' was passed]]></system-out>
         <system-err><![CDATA[]]></system-err>
      </testcase>
      <testcase name="Test Cases/Tc_ProAcc_PM/Tc_ResourceAllocation_Conversion" time="39.256" classname="Test Cases/Tc_ProAcc_PM/Tc_ResourceAllocation_Conversion" status="PASSED">
         <system-out><![CDATA[2021-02-22 16:22:23 - [TEST_CASE][PASSED] - Test Cases/Tc_ProAcc_PM/Tc_ResourceAllocation_Conversion: Test Cases/Tc_ProAcc_PM/Tc_ResourceAllocation_Conversion

2021-02-22 16:22:23 - [TEST_STEP][PASSED] - runWithCucumberRunner(phase_runner.ResourceAllocation_Conversion_Runner): Run with 'phase_runner.ResourceAllocation_Conversion_Runner' was passed

2021-02-22 16:22:25 - [MESSAGE][WARNING] - A browser is already opened. Closing browser and opening a new one

2021-02-22 16:22:26 - [MESSAGE][INFO] - Starting 'Chrome' driver

2021-02-22 16:22:26 - [MESSAGE][INFO] - Action delay is set to 0 milliseconds

2021-02-22 16:22:28 - [MESSAGE][PASSED] - Browser is opened with url: ''

2021-02-22 16:22:28 - [MESSAGE][PASSED] - Current window maximized

2021-02-22 16:22:33 - [MESSAGE][PASSED] - Delayed 5 second(s)

2021-02-22 16:22:34 - [MESSAGE][PASSED] - Navigate to 'http://123.176.34.15:4041/PROACC2QA/' successfully

2021-02-22 16:22:35 - [MESSAGE][PASSED] - Text 'TestPM' is set on object 'Object Repository/ProAcc_Login/input_User Name_Username'

2021-02-22 16:22:37 - [MESSAGE][PASSED] - Delayed 2 second(s)

2021-02-22 16:22:37 - [MESSAGE][PASSED] - Text 'a12345@' is set on object 'Object Repository/ProAcc_Login/input_Password_Password'

2021-02-22 16:22:40 - [MESSAGE][PASSED] - Object: 'Object Repository/ProAcc_Login/button_Sign In' is clicked on

2021-02-22 16:22:41 - [MESSAGE][PASSED] - Object: 'Object Repository/ProAcc_Pm/ProAcc_ResourceAllocation/span_Task Monitoring' is clicked on

2021-02-22 16:22:42 - [MESSAGE][PASSED] - Object: 'Object Repository/ProAcc_Pm/ProAcc_ResourceAllocation/a_Click' is clicked on

2021-02-22 16:22:44 - [MESSAGE][PASSED] - Delayed 2 second(s)

2021-02-22 16:22:45 - [MESSAGE][PASSED] - All options with label 'Conversion' are selected in object 'Object Repository/ProAcc_Pm/ProAcc_ResourceAllocation/PhaseName'  using regular expression

2021-02-22 16:22:46 - [MESSAGE][PASSED] - Object: 'Object Repository/ProAcc_Pm/ProAcc_ResourceAllocation/Select_Project' is clicked on

2021-02-22 16:22:47 - [MESSAGE][PASSED] - All options with label 'TestProject' are selected in object 'Object Repository/ProAcc_Pm/ProAcc_ResourceAllocation/Select_Project'  using regular expression

2021-02-22 16:22:48 - [MESSAGE][PASSED] - All options with label 'TP1' are selected in object 'Object Repository/ProAcc_Pm/ProAcc_ResourceAllocation/Select Instance'  using regular expression

2021-02-22 16:22:49 - [MESSAGE][PASSED] - Object: 'Object Repository/ProAcc_Pm/ProAcc_ResourceAllocation/Pull_Data_Btn' is clicked on

2021-02-22 16:22:50 - [MESSAGE][PASSED] - Object: 'Object Repository/ProAcc_Pm/ProAcc_ResourceAllocation/button_Bulk Allocation' is clicked on

2021-02-22 16:22:51 - [MESSAGE][PASSED] - Object: 'Object Repository/ProAcc_Pm/ProAcc_ResourceAllocation/BulkBtn_Cancel' is clicked on

2021-02-22 16:22:52 - [MESSAGE][PASSED] - Object: 'Object Repository/ProAcc_Pm/ProAcc_ResourceAllocation/button_Bulk Allocation' is clicked on

2021-02-22 16:22:52 - [MESSAGE][PASSED] - Text of object '' is: 'Basis Consultant'

2021-02-22 16:22:54 - [MESSAGE][PASSED] - All options with label 'Basis Consultant' are selected in object 'Object Repository/ProAcc_Pm/ProAcc_ResourceAllocation/Select RoleBasis'  using regular expression

2021-02-22 16:22:54 - [MESSAGE][PASSED] - Text of object '' is: 'Seena '

2021-02-22 16:22:55 - [MESSAGE][PASSED] - All options with label 'Seena ' are selected in object 'Object Repository/ProAcc_Pm/ProAcc_ResourceAllocation/Select Ownercon'  using regular expression

2021-02-22 16:22:56 - [MESSAGE][PASSED] - Object: 'Object Repository/ProAcc_Pm/ProAcc_ResourceAllocation/button_Save' is clicked on

2021-02-22 16:22:58 - [MESSAGE][PASSED] - Object: 'Object Repository/ProAcc_Pm/ProAcc_ResourceAllocation/button_Bulk Allocation' is clicked on

2021-02-22 16:22:59 - [MESSAGE][PASSED] - Text of object '' is: 'Functional Consultant'

2021-02-22 16:23:00 - [MESSAGE][PASSED] - All options with label 'Functional Consultant' are selected in object 'Object Repository/ProAcc_Pm/ProAcc_ResourceAllocation/Select RoleBasis'  using regular expression

2021-02-22 16:23:01 - [MESSAGE][PASSED] - Text of object '' is: 'Akhil '

2021-02-22 16:23:01 - [MESSAGE][PASSED] - All options with label 'Akhil ' are selected in object 'Object Repository/ProAcc_Pm/ProAcc_ResourceAllocation/Select Ownercon'  using regular expression

2021-02-22 16:23:02 - [MESSAGE][PASSED] - Object: 'Object Repository/ProAcc_Pm/ProAcc_ResourceAllocation/button_Save' is clicked on

2021-02-22 16:23:02 - [MESSAGE][PASSED] - Run with 'phase_runner.ResourceAllocation_Conversion_Runner' was passed]]></system-out>
         <system-err><![CDATA[]]></system-err>
      </testcase>
      <testcase name="Test Cases/Tc_ProAcc_PM/Tc_ProgressMonitor_Conversion" time="34.215" classname="Test Cases/Tc_ProAcc_PM/Tc_ProgressMonitor_Conversion" status="PASSED">
         <system-out><![CDATA[2021-02-22 16:23:02 - [TEST_CASE][PASSED] - Test Cases/Tc_ProAcc_PM/Tc_ProgressMonitor_Conversion: Test Cases/Tc_ProAcc_PM/Tc_ProgressMonitor_Conversion

2021-02-22 16:23:03 - [TEST_STEP][PASSED] - runWithCucumberRunner(phase_runner.ProgressMonitor_Pm_Con_Runner): Run with 'phase_runner.ProgressMonitor_Pm_Con_Runner' was passed

2021-02-22 16:23:05 - [MESSAGE][PASSED] - Object: 'Object Repository/ProAcc_Pm/ProAcc_ResourceAllocation/ProgressMonitor' is clicked on

2021-02-22 16:23:08 - [MESSAGE][PASSED] - Text of object '' is: 'Seena'

2021-02-22 16:23:08 - [MESSAGE][PASSED] - Text of object '' is: 'Seena'

2021-02-22 16:23:08 - [MESSAGE][PASSED] - Text of object '' is: 'Seena'

2021-02-22 16:23:09 - [MESSAGE][PASSED] - Text of object '' is: 'Akhil'

2021-02-22 16:23:09 - [MESSAGE][PASSED] - Object: 'Object Repository/ProAcc_Pm/ProAcc_ProjectMonitor/Mail_Icon' is clicked on

2021-02-22 16:23:10 - [MESSAGE][PASSED] - Text 'sainath@promantus.com' is set on object 'Object Repository/ProAcc_Pm/ProAcc_ProjectMonitor/input__Emailid'

2021-02-22 16:23:11 - [MESSAGE][PASSED] - Text 'Test' is set on object 'Object Repository/ProAcc_Pm/ProAcc_ProjectMonitor/input__Subject'

2021-02-22 16:23:12 - [MESSAGE][PASSED] - Text 'Testing' is set on object 'Object Repository/ProAcc_Pm/ProAcc_ProjectMonitor/textarea__Body'

2021-02-22 16:23:12 - [MESSAGE][PASSED] - Object: 'Object Repository/ProAcc_Pm/ProAcc_ProjectMonitor/button_Send Mail' is clicked on

2021-02-22 16:23:13 - [MESSAGE][PASSED] - Object: 'Object Repository/ProAcc_Pm/ProAcc_ProjectMonitor/button_Add Activity' is clicked on

2021-02-22 16:23:14 - [MESSAGE][PASSED] - Object: 'Object Repository/ProAcc_Admin/ProAcc_Activity/input__txtTask' is clicked on

2021-02-22 16:23:14 - [MESSAGE][PASSED] - Text 'ConMoni' is set on object 'Object Repository/ProAcc_Admin/ProAcc_Activity/input__txtTask'

2021-02-22 16:23:15 - [MESSAGE][PASSED] - Object: 'Object Repository/ProAcc_Admin/ProAcc_Activity/Select Application Area' is clicked on

2021-02-22 16:23:16 - [MESSAGE][PASSED] - All options with label 'Testing' are selected in object 'Object Repository/ProAcc_Admin/ProAcc_Activity/Select Application Area'  using regular expression

2021-02-22 16:23:17 - [MESSAGE][PASSED] - All options with label 'Basis Consultant' are selected in object 'Object Repository/ProAcc_Admin/ProAcc_Activity/Select Role'  using regular expression

2021-02-22 16:23:18 - [MESSAGE][PASSED] - Object: 'Object Repository/ProAcc_Pm/ProAcc_ProjectMonitor/Select_Owner' is clicked on

2021-02-22 16:23:18 - [MESSAGE][PASSED] - All options with label 'Seena' are selected in object 'Object Repository/ProAcc_Pm/ProAcc_ProjectMonitor/Select_Owner' 

2021-02-22 16:23:20 - [MESSAGE][PASSED] - All options with label 'Assessment Reports' are selected in object 'Object Repository/ProAcc_Admin/ProAcc_Activity/Select Building Block'  using regular expression

2021-02-22 16:23:20 - [MESSAGE][PASSED] - Text '11:23' is set on object 'Object Repository/ProAcc_Admin/ProAcc_Activity/input__txtEstimated'

2021-02-22 16:23:21 - [MESSAGE][PASSED] - All options with label 'Sequential' are selected in object 'Object Repository/ProAcc_Admin/ProAcc_Activity/Select Task Type'  using regular expression

2021-02-22 16:23:23 - [MESSAGE][PASSED] - Delayed 2 second(s)

2021-02-22 16:23:24 - [MESSAGE][PASSED] - Object: 'Object Repository/ProAcc_Pm/ProAcc_ProjectMonitor/button_CreateActivity' is clicked on

2021-02-22 16:23:25 - [MESSAGE][PASSED] - Object: 'Object Repository/ProAcc_Pm/ProAcc_ProjectMonitor/btnSeq' is clicked on

2021-02-22 16:23:27 - [MESSAGE][PASSED] - Delayed 2 second(s)

2021-02-22 16:23:27 - [MESSAGE][PASSED] - Object: 'Object Repository/ProAcc_Pm/ProAcc_ProjectMonitor/i_Yet To Start_Edittask' is clicked on

2021-02-22 16:23:29 - [MESSAGE][PASSED] - All options with value '3' are selected in object 'Object Repository/ProAcc_Pm/ProAcc_ProjectMonitor/select_Not Applicable'  using regular expression

2021-02-22 16:23:30 - [MESSAGE][PASSED] - Object: 'Object Repository/ProAcc_Pm/ProAcc_ProjectMonitor/button_Save' is clicked on

2021-02-22 16:23:31 - [MESSAGE][PASSED] - Text 'Test' is set on object 'Object Repository/ProAcc_Pm/ProAcc_ProjectMonitor/textarea_Add Comments_Comments'

2021-02-22 16:23:31 - [MESSAGE][PASSED] - Object: 'Object Repository/ProAcc_Pm/ProAcc_ProjectMonitor/button_SaveComments' is clicked on

2021-02-22 16:23:33 - [MESSAGE][PASSED] - Delayed 2 second(s)

2021-02-22 16:23:34 - [MESSAGE][PASSED] - Text 'ConMoni' is set on object 'Object Repository/ProAcc_Pm/ProAcc_ProjectMonitor/Search_Task'

2021-02-22 16:23:36 - [MESSAGE][PASSED] - Delayed 2 second(s)

2021-02-22 16:23:36 - [MESSAGE][PASSED] - Run with 'phase_runner.ProgressMonitor_Pm_Con_Runner' was passed]]></system-out>
         <system-err><![CDATA[]]></system-err>
      </testcase>
      <testcase name="Test Cases/Tc_ProAcc_Consultant/Tc_ProgressMonitorConsultant_Conversion" time="159.57" classname="Test Cases/Tc_ProAcc_Consultant/Tc_ProgressMonitorConsultant_Conversion" status="PASSED">
         <system-out><![CDATA[2021-02-22 16:23:36 - [TEST_CASE][PASSED] - Test Cases/Tc_ProAcc_Consultant/Tc_ProgressMonitorConsultant_Conversion: Test Cases/Tc_ProAcc_Consultant/Tc_ProgressMonitorConsultant_Conversion

2021-02-22 16:23:37 - [TEST_STEP][PASSED] - runWithCucumberRunner(phase_runner.ProgressMonitor_Consultant_Con_Runner): Run with 'phase_runner.ProgressMonitor_Consultant_Con_Runner' was passed

2021-02-22 16:23:43 - [MESSAGE][PASSED] - Delayed 5 second(s)

2021-02-22 16:23:43 - [MESSAGE][WARNING] - A browser is already opened. Closing browser and opening a new one

2021-02-22 16:23:44 - [MESSAGE][INFO] - Starting 'Chrome' driver

2021-02-22 16:23:44 - [MESSAGE][INFO] - Action delay is set to 0 milliseconds

2021-02-22 16:23:47 - [MESSAGE][PASSED] - Browser is opened with url: ''

2021-02-22 16:23:47 - [MESSAGE][PASSED] - Current window maximized

2021-02-22 16:23:47 - [MESSAGE][PASSED] - Navigate to 'http://123.176.34.15:4041/ProAcc2QA' successfully

2021-02-22 16:23:48 - [MESSAGE][PASSED] - Text 'Seena' is set on object 'Object Repository/ProAcc_Login/input_User Name_Username'

2021-02-22 16:23:49 - [MESSAGE][PASSED] - Text 'a12345@' is set on object 'Object Repository/ProAcc_Login/input_Password_Password'

2021-02-22 16:23:52 - [MESSAGE][PASSED] - Object: 'Object Repository/ProAcc_Login/button_Sign In' is clicked on

2021-02-22 16:23:54 - [MESSAGE][PASSED] - Delayed 2 second(s)

2021-02-22 16:23:54 - [MESSAGE][PASSED] - Text of object '' is: 'Consultant'

2021-02-22 16:23:56 - [MESSAGE][PASSED] - Object: '' is clicked on

2021-02-22 16:23:56 - [MESSAGE][PASSED] - Object: 'Object Repository/ProAcc_Consultant/ProgressMonitor/report_Btn' is clicked on

2021-02-22 16:23:58 - [MESSAGE][PASSED] - All options with label 'Conversion' are selected in object 'Object Repository/ProAcc_Pm/ProAcc_ResourceAllocation/PhaseName'  using regular expression

2021-02-22 16:24:00 - [MESSAGE][PASSED] - Delayed 2 second(s)

2021-02-22 16:24:00 - [MESSAGE][PASSED] - Text of object '' is: 'Consultant'

2021-02-22 16:24:01 - [MESSAGE][PASSED] - All options with label 'Cipla Industries' are selected in object 'Object Repository/ProAcc_Consultant/ProgressMonitor/Select_Customer'  using regular expression

2021-02-22 16:24:02 - [MESSAGE][PASSED] - All options with label 'TestProject' are selected in object 'Object Repository/ProAcc_Consultant/ProgressMonitor/Select_Project'  using regular expression

2021-02-22 16:24:03 - [MESSAGE][PASSED] - All options with label 'TP1' are selected in object 'Object Repository/ProAcc_Consultant/ProgressMonitor/Select_Instance'  using regular expression

2021-02-22 16:24:05 - [MESSAGE][PASSED] - Delayed 2 second(s)

2021-02-22 16:24:06 - [MESSAGE][PASSED] - Object: 'Object Repository/ProAcc_Consultant/ProgressMonitor/edit' is clicked on

2021-02-22 16:24:08 - [MESSAGE][PASSED] - Delayed 2 second(s)

2021-02-22 16:24:11 - [MESSAGE][PASSED] - Delayed 3 second(s)

2021-02-22 16:24:12 - [MESSAGE][PASSED] - Delayed 1 second(s)

2021-02-22 16:24:13 - [MESSAGE][PASSED] - Delayed 1 second(s)

2021-02-22 16:24:14 - [MESSAGE][PASSED] - Delayed 1 second(s)

2021-02-22 16:24:15 - [MESSAGE][PASSED] - Delayed 1 second(s)

2021-02-22 16:24:19 - [MESSAGE][PASSED] - Delayed 3 second(s)

2021-02-22 16:24:21 - [MESSAGE][PASSED] - Delayed 2 second(s)

2021-02-22 16:24:22 - [MESSAGE][WARNING] - A browser is already opened. Closing browser and opening a new one

2021-02-22 16:24:23 - [MESSAGE][INFO] - Starting 'Chrome' driver

2021-02-22 16:24:23 - [MESSAGE][INFO] - Action delay is set to 0 milliseconds

2021-02-22 16:24:25 - [MESSAGE][PASSED] - Browser is opened with url: ''

2021-02-22 16:24:25 - [MESSAGE][PASSED] - Current window maximized

2021-02-22 16:24:26 - [MESSAGE][PASSED] - Navigate to 'http://123.176.34.15:4041/ProAcc2QA' successfully

2021-02-22 16:24:26 - [MESSAGE][PASSED] - Text 'Seena' is set on object 'Object Repository/ProAcc_Login/input_User Name_Username'

2021-02-22 16:24:27 - [MESSAGE][PASSED] - Text 'a12345@' is set on object 'Object Repository/ProAcc_Login/input_Password_Password'

2021-02-22 16:24:30 - [MESSAGE][PASSED] - Object: 'Object Repository/ProAcc_Login/button_Sign In' is clicked on

2021-02-22 16:24:32 - [MESSAGE][PASSED] - Delayed 2 second(s)

2021-02-22 16:24:32 - [MESSAGE][PASSED] - Text of object '' is: 'Consultant'

2021-02-22 16:24:34 - [MESSAGE][PASSED] - Object: '' is clicked on

2021-02-22 16:24:34 - [MESSAGE][PASSED] - Object: 'Object Repository/ProAcc_Consultant/ProgressMonitor/report_Btn' is clicked on

2021-02-22 16:24:36 - [MESSAGE][PASSED] - All options with label 'Conversion' are selected in object 'Object Repository/ProAcc_Pm/ProAcc_ResourceAllocation/PhaseName'  using regular expression

2021-02-22 16:24:38 - [MESSAGE][PASSED] - Delayed 2 second(s)

2021-02-22 16:24:38 - [MESSAGE][PASSED] - Text of object '' is: 'Consultant'

2021-02-22 16:24:39 - [MESSAGE][PASSED] - All options with label 'Cipla Industries' are selected in object 'Object Repository/ProAcc_Consultant/ProgressMonitor/Select_Customer'  using regular expression

2021-02-22 16:24:40 - [MESSAGE][PASSED] - All options with label 'TestProject' are selected in object 'Object Repository/ProAcc_Consultant/ProgressMonitor/Select_Project'  using regular expression

2021-02-22 16:24:41 - [MESSAGE][PASSED] - All options with label 'TP1' are selected in object 'Object Repository/ProAcc_Consultant/ProgressMonitor/Select_Instance'  using regular expression

2021-02-22 16:24:43 - [MESSAGE][PASSED] - Delayed 2 second(s)

2021-02-22 16:24:44 - [MESSAGE][PASSED] - Object: 'Object Repository/ProAcc_Consultant/ProgressMonitor/edit' is clicked on

2021-02-22 16:24:46 - [MESSAGE][PASSED] - Delayed 2 second(s)

2021-02-22 16:24:49 - [MESSAGE][PASSED] - Delayed 3 second(s)

2021-02-22 16:24:50 - [MESSAGE][PASSED] - Delayed 1 second(s)

2021-02-22 16:24:51 - [MESSAGE][PASSED] - Delayed 1 second(s)

2021-02-22 16:24:52 - [MESSAGE][PASSED] - Delayed 1 second(s)

2021-02-22 16:24:53 - [MESSAGE][PASSED] - Delayed 1 second(s)

2021-02-22 16:24:57 - [MESSAGE][PASSED] - Delayed 3 second(s)

2021-02-22 16:24:59 - [MESSAGE][PASSED] - Delayed 2 second(s)

2021-02-22 16:25:00 - [MESSAGE][WARNING] - A browser is already opened. Closing browser and opening a new one

2021-02-22 16:25:01 - [MESSAGE][INFO] - Starting 'Chrome' driver

2021-02-22 16:25:01 - [MESSAGE][INFO] - Action delay is set to 0 milliseconds

2021-02-22 16:25:03 - [MESSAGE][PASSED] - Browser is opened with url: ''

2021-02-22 16:25:03 - [MESSAGE][PASSED] - Current window maximized

2021-02-22 16:25:04 - [MESSAGE][PASSED] - Navigate to 'http://123.176.34.15:4041/ProAcc2QA' successfully

2021-02-22 16:25:05 - [MESSAGE][PASSED] - Text 'Seena' is set on object 'Object Repository/ProAcc_Login/input_User Name_Username'

2021-02-22 16:25:05 - [MESSAGE][PASSED] - Text 'a12345@' is set on object 'Object Repository/ProAcc_Login/input_Password_Password'

2021-02-22 16:25:08 - [MESSAGE][PASSED] - Object: 'Object Repository/ProAcc_Login/button_Sign In' is clicked on

2021-02-22 16:25:10 - [MESSAGE][PASSED] - Delayed 2 second(s)

2021-02-22 16:25:10 - [MESSAGE][PASSED] - Text of object '' is: 'Consultant'

2021-02-22 16:25:12 - [MESSAGE][PASSED] - Object: '' is clicked on

2021-02-22 16:25:13 - [MESSAGE][PASSED] - Object: 'Object Repository/ProAcc_Consultant/ProgressMonitor/report_Btn' is clicked on

2021-02-22 16:25:14 - [MESSAGE][PASSED] - All options with label 'Conversion' are selected in object 'Object Repository/ProAcc_Pm/ProAcc_ResourceAllocation/PhaseName'  using regular expression

2021-02-22 16:25:16 - [MESSAGE][PASSED] - Delayed 2 second(s)

2021-02-22 16:25:16 - [MESSAGE][PASSED] - Text of object '' is: 'Consultant'

2021-02-22 16:25:17 - [MESSAGE][PASSED] - All options with label 'Cipla Industries' are selected in object 'Object Repository/ProAcc_Consultant/ProgressMonitor/Select_Customer'  using regular expression

2021-02-22 16:25:19 - [MESSAGE][PASSED] - All options with label 'TestProject' are selected in object 'Object Repository/ProAcc_Consultant/ProgressMonitor/Select_Project'  using regular expression

2021-02-22 16:25:20 - [MESSAGE][PASSED] - All options with label 'TP1' are selected in object 'Object Repository/ProAcc_Consultant/ProgressMonitor/Select_Instance'  using regular expression

2021-02-22 16:25:22 - [MESSAGE][PASSED] - Delayed 2 second(s)

2021-02-22 16:25:22 - [MESSAGE][PASSED] - Object: 'Object Repository/ProAcc_Consultant/ProgressMonitor/edit' is clicked on

2021-02-22 16:25:24 - [MESSAGE][PASSED] - Delayed 2 second(s)

2021-02-22 16:25:27 - [MESSAGE][PASSED] - Delayed 3 second(s)

2021-02-22 16:25:28 - [MESSAGE][PASSED] - Delayed 1 second(s)

2021-02-22 16:25:29 - [MESSAGE][PASSED] - Delayed 1 second(s)

2021-02-22 16:25:30 - [MESSAGE][PASSED] - Delayed 1 second(s)

2021-02-22 16:25:32 - [MESSAGE][PASSED] - Delayed 1 second(s)

2021-02-22 16:25:35 - [MESSAGE][PASSED] - Delayed 3 second(s)

2021-02-22 16:25:37 - [MESSAGE][PASSED] - Delayed 2 second(s)

2021-02-22 16:25:38 - [MESSAGE][WARNING] - A browser is already opened. Closing browser and opening a new one

2021-02-22 16:25:39 - [MESSAGE][INFO] - Starting 'Chrome' driver

2021-02-22 16:25:39 - [MESSAGE][INFO] - Action delay is set to 0 milliseconds

2021-02-22 16:25:41 - [MESSAGE][PASSED] - Browser is opened with url: ''

2021-02-22 16:25:41 - [MESSAGE][PASSED] - Current window maximized

2021-02-22 16:25:42 - [MESSAGE][PASSED] - Navigate to 'http://123.176.34.15:4041/ProAcc2QA' successfully

2021-02-22 16:25:43 - [MESSAGE][PASSED] - Text 'Akhil' is set on object 'Object Repository/ProAcc_Login/input_User Name_Username'

2021-02-22 16:25:43 - [MESSAGE][PASSED] - Text 'a12345@' is set on object 'Object Repository/ProAcc_Login/input_Password_Password'

2021-02-22 16:25:46 - [MESSAGE][PASSED] - Object: 'Object Repository/ProAcc_Login/button_Sign In' is clicked on

2021-02-22 16:25:48 - [MESSAGE][PASSED] - Delayed 2 second(s)

2021-02-22 16:25:48 - [MESSAGE][PASSED] - Text of object '' is: 'Consultant'

2021-02-22 16:25:50 - [MESSAGE][PASSED] - Object: '' is clicked on

2021-02-22 16:25:50 - [MESSAGE][PASSED] - Object: 'Object Repository/ProAcc_Consultant/ProgressMonitor/report_Btn' is clicked on

2021-02-22 16:25:52 - [MESSAGE][PASSED] - All options with label 'Conversion' are selected in object 'Object Repository/ProAcc_Pm/ProAcc_ResourceAllocation/PhaseName'  using regular expression

2021-02-22 16:25:54 - [MESSAGE][PASSED] - Delayed 2 second(s)

2021-02-22 16:25:54 - [MESSAGE][PASSED] - Text of object '' is: 'Consultant'

2021-02-22 16:25:55 - [MESSAGE][PASSED] - All options with label 'Cipla Industries' are selected in object 'Object Repository/ProAcc_Consultant/ProgressMonitor/Select_Customer'  using regular expression

2021-02-22 16:25:56 - [MESSAGE][PASSED] - All options with label 'TestProject' are selected in object 'Object Repository/ProAcc_Consultant/ProgressMonitor/Select_Project'  using regular expression

2021-02-22 16:25:57 - [MESSAGE][PASSED] - All options with label 'TP1' are selected in object 'Object Repository/ProAcc_Consultant/ProgressMonitor/Select_Instance'  using regular expression

2021-02-22 16:25:59 - [MESSAGE][PASSED] - Delayed 2 second(s)

2021-02-22 16:26:00 - [MESSAGE][PASSED] - Object: 'Object Repository/ProAcc_Consultant/ProgressMonitor/edit' is clicked on

2021-02-22 16:26:02 - [MESSAGE][PASSED] - Delayed 2 second(s)

2021-02-22 16:26:05 - [MESSAGE][PASSED] - Delayed 3 second(s)

2021-02-22 16:26:06 - [MESSAGE][PASSED] - Delayed 1 second(s)

2021-02-22 16:26:07 - [MESSAGE][PASSED] - Delayed 1 second(s)

2021-02-22 16:26:08 - [MESSAGE][PASSED] - Delayed 1 second(s)

2021-02-22 16:26:09 - [MESSAGE][PASSED] - Delayed 1 second(s)

2021-02-22 16:26:13 - [MESSAGE][PASSED] - Delayed 3 second(s)

2021-02-22 16:26:15 - [MESSAGE][PASSED] - Delayed 2 second(s)

2021-02-22 16:26:16 - [MESSAGE][PASSED] - Run with 'phase_runner.ProgressMonitor_Consultant_Con_Runner' was passed]]></system-out>
         <system-err><![CDATA[]]></system-err>
      </testcase>
      <testcase name="Test Cases/Tc_ProAcc_PM/Tc_ResourceAllocation_PostConversion" time="47.985" classname="Test Cases/Tc_ProAcc_PM/Tc_ResourceAllocation_PostConversion" status="PASSED">
         <system-out><![CDATA[2021-02-22 16:26:16 - [TEST_CASE][PASSED] - Test Cases/Tc_ProAcc_PM/Tc_ResourceAllocation_PostConversion: Test Cases/Tc_ProAcc_PM/Tc_ResourceAllocation_PostConversion

2021-02-22 16:26:16 - [TEST_STEP][PASSED] - runWithCucumberRunner(phase_runner.ResourceAllocation_PostConversion_runner): Run with 'phase_runner.ResourceAllocation_PostConversion_runner' was passed

2021-02-22 16:26:18 - [MESSAGE][WARNING] - A browser is already opened. Closing browser and opening a new one

2021-02-22 16:26:19 - [MESSAGE][INFO] - Starting 'Chrome' driver

2021-02-22 16:26:19 - [MESSAGE][INFO] - Action delay is set to 0 milliseconds

2021-02-22 16:26:21 - [MESSAGE][PASSED] - Browser is opened with url: ''

2021-02-22 16:26:21 - [MESSAGE][PASSED] - Current window maximized

2021-02-22 16:26:26 - [MESSAGE][PASSED] - Delayed 5 second(s)

2021-02-22 16:26:27 - [MESSAGE][PASSED] - Navigate to 'http://123.176.34.15:4041/PROACC2QA/' successfully

2021-02-22 16:26:28 - [MESSAGE][PASSED] - Text 'TestPM' is set on object 'Object Repository/ProAcc_Login/input_User Name_Username'

2021-02-22 16:26:30 - [MESSAGE][PASSED] - Delayed 2 second(s)

2021-02-22 16:26:30 - [MESSAGE][PASSED] - Text 'a12345@' is set on object 'Object Repository/ProAcc_Login/input_Password_Password'

2021-02-22 16:26:32 - [MESSAGE][PASSED] - Object: 'Object Repository/ProAcc_Login/button_Sign In' is clicked on

2021-02-22 16:26:34 - [MESSAGE][PASSED] - Object: 'Object Repository/ProAcc_Pm/ProAcc_ResourceAllocation/span_Task Monitoring' is clicked on

2021-02-22 16:26:35 - [MESSAGE][PASSED] - Object: 'Object Repository/ProAcc_Pm/ProAcc_ResourceAllocation/a_Click' is clicked on

2021-02-22 16:26:37 - [MESSAGE][PASSED] - Delayed 2 second(s)

2021-02-22 16:26:38 - [MESSAGE][PASSED] - All options with label 'Post Conversion' are selected in object 'Object Repository/ProAcc_Pm/ProAcc_ResourceAllocation/PhaseName'  using regular expression

2021-02-22 16:26:39 - [MESSAGE][PASSED] - Object: 'Object Repository/ProAcc_Pm/ProAcc_ResourceAllocation/Select_Project' is clicked on

2021-02-22 16:26:40 - [MESSAGE][PASSED] - All options with label 'TestProject' are selected in object 'Object Repository/ProAcc_Pm/ProAcc_ResourceAllocation/Select_Project'  using regular expression

2021-02-22 16:26:41 - [MESSAGE][PASSED] - All options with label 'TP1' are selected in object 'Object Repository/ProAcc_Pm/ProAcc_ResourceAllocation/Select Instance'  using regular expression

2021-02-22 16:26:42 - [MESSAGE][PASSED] - Object: 'Object Repository/ProAcc_Pm/ProAcc_ResourceAllocation/Pull_Data_Btn' is clicked on

2021-02-22 16:26:43 - [MESSAGE][PASSED] - Object: 'Object Repository/ProAcc_Pm/ProAcc_ResourceAllocation/button_Bulk Allocation' is clicked on

2021-02-22 16:26:44 - [MESSAGE][PASSED] - Object: 'Object Repository/ProAcc_Pm/ProAcc_ResourceAllocation/BulkBtn_Cancel' is clicked on

2021-02-22 16:26:45 - [MESSAGE][PASSED] - Object: 'Object Repository/ProAcc_Pm/ProAcc_ResourceAllocation/button_Bulk Allocation' is clicked on

2021-02-22 16:26:45 - [MESSAGE][PASSED] - Text of object '' is: 'Basis Consultant'

2021-02-22 16:26:46 - [MESSAGE][PASSED] - All options with label 'Basis Consultant' are selected in object 'Object Repository/ProAcc_Pm/ProAcc_ResourceAllocation/Select RoleBasis'  using regular expression

2021-02-22 16:26:47 - [MESSAGE][PASSED] - Text of object '' is: 'Seena '

2021-02-22 16:26:48 - [MESSAGE][PASSED] - All options with label 'Seena ' are selected in object 'Object Repository/ProAcc_Pm/ProAcc_ResourceAllocation/Select Ownercon'  using regular expression

2021-02-22 16:26:48 - [MESSAGE][PASSED] - Object: 'Object Repository/ProAcc_Pm/ProAcc_ResourceAllocation/button_Save' is clicked on

2021-02-22 16:26:51 - [MESSAGE][PASSED] - Object: 'Object Repository/ProAcc_Pm/ProAcc_ResourceAllocation/button_Bulk Allocation' is clicked on

2021-02-22 16:26:51 - [MESSAGE][PASSED] - Text of object '' is: 'Functional Consultant'

2021-02-22 16:26:53 - [MESSAGE][PASSED] - All options with label 'Functional Consultant' are selected in object 'Object Repository/ProAcc_Pm/ProAcc_ResourceAllocation/Select RoleBasis'  using regular expression

2021-02-22 16:26:53 - [MESSAGE][PASSED] - Text of object '' is: 'Akhil '

2021-02-22 16:26:54 - [MESSAGE][PASSED] - All options with label 'Akhil ' are selected in object 'Object Repository/ProAcc_Pm/ProAcc_ResourceAllocation/Select Ownercon'  using regular expression

2021-02-22 16:26:55 - [MESSAGE][PASSED] - Object: 'Object Repository/ProAcc_Pm/ProAcc_ResourceAllocation/button_Save' is clicked on

2021-02-22 16:26:58 - [MESSAGE][PASSED] - Object: 'Object Repository/ProAcc_Pm/ProAcc_ResourceAllocation/button_Bulk Allocation' is clicked on

2021-02-22 16:26:59 - [MESSAGE][PASSED] - Text of object '' is: 'Tester'

2021-02-22 16:27:01 - [MESSAGE][PASSED] - All options with label 'Tester' are selected in object 'Object Repository/ProAcc_Pm/ProAcc_ResourceAllocation/Select RoleBasis'  using regular expression

2021-02-22 16:27:01 - [MESSAGE][PASSED] - Text of object '' is: 'Abhi'

2021-02-22 16:27:02 - [MESSAGE][PASSED] - All options with label 'Abhi' are selected in object 'Object Repository/ProAcc_Pm/ProAcc_ResourceAllocation/Select Ownercon'  using regular expression

2021-02-22 16:27:04 - [MESSAGE][PASSED] - Object: 'Object Repository/ProAcc_Pm/ProAcc_ResourceAllocation/button_Save' is clicked on

2021-02-22 16:27:04 - [MESSAGE][PASSED] - Run with 'phase_runner.ResourceAllocation_PostConversion_runner' was passed]]></system-out>
         <system-err><![CDATA[]]></system-err>
      </testcase>
      <testcase name="Test Cases/Tc_ProAcc_PM/Tc_ProgressMonitor_PostConversion" time="76.024" classname="Test Cases/Tc_ProAcc_PM/Tc_ProgressMonitor_PostConversion" status="PASSED">
         <system-out><![CDATA[2021-02-22 16:27:04 - [TEST_CASE][PASSED] - Test Cases/Tc_ProAcc_PM/Tc_ProgressMonitor_PostConversion: Test Cases/Tc_ProAcc_PM/Tc_ProgressMonitor_PostConversion

2021-02-22 16:27:04 - [TEST_STEP][PASSED] - runWithCucumberRunner(phase_runner.ProgressMonitor_Pm_PostCon_Runner): Run with 'phase_runner.ProgressMonitor_Pm_PostCon_Runner' was passed

2021-02-22 16:27:09 - [MESSAGE][PASSED] - Object: 'Object Repository/ProAcc_Pm/ProAcc_ResourceAllocation/ProgressMonitor' is clicked on

2021-02-22 16:27:12 - [MESSAGE][PASSED] - Text of object '' is: 'Seena'

2021-02-22 16:27:13 - [MESSAGE][PASSED] - Text of object '' is: 'Akhil'

2021-02-22 16:27:13 - [MESSAGE][PASSED] - Text of object '' is: 'Akhil'

2021-02-22 16:27:14 - [MESSAGE][PASSED] - Text of object '' is: 'Akhil'

2021-02-22 16:27:14 - [MESSAGE][PASSED] - Text of object '' is: 'Akhil'

2021-02-22 16:27:14 - [MESSAGE][PASSED] - Text of object '' is: 'Akhil'

2021-02-22 16:27:15 - [MESSAGE][PASSED] - Text of object '' is: 'Akhil'

2021-02-22 16:27:15 - [MESSAGE][PASSED] - Text of object '' is: 'Akhil'

2021-02-22 16:27:16 - [MESSAGE][PASSED] - Text of object '' is: 'Akhil'

2021-02-22 16:27:16 - [MESSAGE][PASSED] - Text of object '' is: 'Akhil'

2021-02-22 16:27:17 - [MESSAGE][PASSED] - Text of object '' is: 'Akhil'

2021-02-22 16:27:17 - [MESSAGE][PASSED] - Text of object '' is: 'Akhil'

2021-02-22 16:27:17 - [MESSAGE][PASSED] - Text of object '' is: 'Akhil'

2021-02-22 16:27:18 - [MESSAGE][PASSED] - Text of object '' is: 'Akhil'

2021-02-22 16:27:18 - [MESSAGE][PASSED] - Text of object '' is: 'Akhil'

2021-02-22 16:27:19 - [MESSAGE][PASSED] - Text of object '' is: 'Akhil'

2021-02-22 16:27:19 - [MESSAGE][PASSED] - Text of object '' is: 'Akhil'

2021-02-22 16:27:19 - [MESSAGE][PASSED] - Text of object '' is: 'Akhil'

2021-02-22 16:27:20 - [MESSAGE][PASSED] - Text of object '' is: 'Akhil'

2021-02-22 16:27:20 - [MESSAGE][PASSED] - Text of object '' is: 'Akhil'

2021-02-22 16:27:20 - [MESSAGE][PASSED] - Text of object '' is: 'Akhil'

2021-02-22 16:27:21 - [MESSAGE][PASSED] - Text of object '' is: 'Akhil'

2021-02-22 16:27:21 - [MESSAGE][PASSED] - Text of object '' is: 'Akhil'

2021-02-22 16:27:22 - [MESSAGE][PASSED] - Text of object '' is: 'Akhil'

2021-02-22 16:27:22 - [MESSAGE][PASSED] - Text of object '' is: 'Akhil'

2021-02-22 16:27:22 - [MESSAGE][PASSED] - Text of object '' is: 'Akhil'

2021-02-22 16:27:23 - [MESSAGE][PASSED] - Text of object '' is: 'Akhil'

2021-02-22 16:27:23 - [MESSAGE][PASSED] - Text of object '' is: 'Akhil'

2021-02-22 16:27:23 - [MESSAGE][PASSED] - Text of object '' is: 'Akhil'

2021-02-22 16:27:24 - [MESSAGE][PASSED] - Text of object '' is: 'Akhil'

2021-02-22 16:27:24 - [MESSAGE][PASSED] - Text of object '' is: 'Akhil'

2021-02-22 16:27:25 - [MESSAGE][PASSED] - Text of object '' is: 'Akhil'

2021-02-22 16:27:25 - [MESSAGE][PASSED] - Text of object '' is: 'Akhil'

2021-02-22 16:27:25 - [MESSAGE][PASSED] - Text of object '' is: 'Akhil'

2021-02-22 16:27:26 - [MESSAGE][PASSED] - Text of object '' is: 'Akhil'

2021-02-22 16:27:26 - [MESSAGE][PASSED] - Text of object '' is: 'Akhil'

2021-02-22 16:27:27 - [MESSAGE][PASSED] - Text of object '' is: 'Seena'

2021-02-22 16:27:27 - [MESSAGE][PASSED] - Text of object '' is: 'Seena'

2021-02-22 16:27:27 - [MESSAGE][PASSED] - Text of object '' is: 'Abhi'

2021-02-22 16:27:28 - [MESSAGE][PASSED] - Object: 'Object Repository/ProAcc_Pm/ProAcc_ProjectMonitor/Mail_Icon' is clicked on

2021-02-22 16:27:29 - [MESSAGE][PASSED] - Text 'sainath@promantus.com' is set on object 'Object Repository/ProAcc_Pm/ProAcc_ProjectMonitor/input__Emailid'

2021-02-22 16:27:30 - [MESSAGE][PASSED] - Text 'Test' is set on object 'Object Repository/ProAcc_Pm/ProAcc_ProjectMonitor/input__Subject'

2021-02-22 16:27:31 - [MESSAGE][PASSED] - Text 'Testing' is set on object 'Object Repository/ProAcc_Pm/ProAcc_ProjectMonitor/textarea__Body'

2021-02-22 16:27:31 - [MESSAGE][PASSED] - Object: 'Object Repository/ProAcc_Pm/ProAcc_ProjectMonitor/button_Send Mail' is clicked on

2021-02-22 16:27:32 - [MESSAGE][PASSED] - Object: 'Object Repository/ProAcc_Pm/ProAcc_ProjectMonitor/button_Add Activity' is clicked on

2021-02-22 16:27:33 - [MESSAGE][PASSED] - Object: 'Object Repository/ProAcc_Admin/ProAcc_Activity/input__txtTask' is clicked on

2021-02-22 16:27:33 - [MESSAGE][PASSED] - Text 'PreConMoni' is set on object 'Object Repository/ProAcc_Admin/ProAcc_Activity/input__txtTask'

2021-02-22 16:27:34 - [MESSAGE][PASSED] - Object: 'Object Repository/ProAcc_Admin/ProAcc_Activity/Select Application Area' is clicked on

2021-02-22 16:27:35 - [MESSAGE][PASSED] - All options with label 'Testing' are selected in object 'Object Repository/ProAcc_Admin/ProAcc_Activity/Select Application Area'  using regular expression

2021-02-22 16:27:36 - [MESSAGE][PASSED] - All options with label 'Basis Consultant' are selected in object 'Object Repository/ProAcc_Admin/ProAcc_Activity/Select Role'  using regular expression

2021-02-22 16:27:37 - [MESSAGE][PASSED] - Object: 'Object Repository/ProAcc_Pm/ProAcc_ProjectMonitor/Select_Owner' is clicked on

2021-02-22 16:27:37 - [MESSAGE][PASSED] - All options with label 'Seena' are selected in object 'Object Repository/ProAcc_Pm/ProAcc_ProjectMonitor/Select_Owner' 

2021-02-22 16:27:39 - [MESSAGE][PASSED] - All options with label 'Assessment Reports' are selected in object 'Object Repository/ProAcc_Admin/ProAcc_Activity/Select Building Block'  using regular expression

2021-02-22 16:27:39 - [MESSAGE][PASSED] - Text '11:23' is set on object 'Object Repository/ProAcc_Admin/ProAcc_Activity/input__txtEstimated'

2021-02-22 16:27:40 - [MESSAGE][PASSED] - All options with label 'Sequential' are selected in object 'Object Repository/ProAcc_Admin/ProAcc_Activity/Select Task Type'  using regular expression

2021-02-22 16:27:42 - [MESSAGE][PASSED] - Delayed 2 second(s)

2021-02-22 16:27:43 - [MESSAGE][PASSED] - Object: 'Object Repository/ProAcc_Pm/ProAcc_ProjectMonitor/button_CreateActivity' is clicked on

2021-02-22 16:27:44 - [MESSAGE][FAILED] - Unable to click on object 'Object Repository/ProAcc_Pm/ProAcc_ProjectMonitor/btnSeq' (Root cause: com.kms.katalon.core.exception.StepFailedException: Unable to click on object 'Object Repository/ProAcc_Pm/ProAcc_ProjectMonitor/btnSeq'
	at com.kms.katalon.core.webui.keyword.internal.WebUIKeywordMain.stepFailed(WebUIKeywordMain.groovy:64)
	at com.kms.katalon.core.webui.keyword.internal.WebUIKeywordMain.runKeyword(WebUIKeywordMain.groovy:26)
	at com.kms.katalon.core.webui.keyword.builtin.ClickKeyword.click(ClickKeyword.groovy:75)
	at com.kms.katalon.core.webui.keyword.builtin.ClickKeyword.execute(ClickKeyword.groovy:42)
	at com.kms.katalon.core.keyword.internal.KeywordExecutor.executeKeywordForPlatform(KeywordExecutor.groovy:73)
	at com.kms.katalon.core.webui.keyword.WebUiBuiltInKeywords.click(WebUiBuiltInKeywords.groovy:619)
	at com.kms.katalon.core.webui.keyword.WebUiBuiltInKeywords$click$3.call(Unknown Source)
	at proacc_pm.ProgressMonitor.user_can_add_activities_by_click_on_Add_Activity(ProgressMonitor.groovy:259)
	at cucumber.runtime.Utils$1.call(Utils.java:26)
	at cucumber.runtime.Timeout.timeout(Timeout.java:16)
	at cucumber.runtime.Utils.invoke(Utils.java:20)
	at cucumber.runtime.java.JavaStepDefinition.execute(JavaStepDefinition.java:48)
	at cucumber.runtime.PickleStepDefinitionMatch.runStep(PickleStepDefinitionMatch.java:50)
	at cucumber.runner.TestStep.executeStep(TestStep.java:55)
	at cucumber.runner.TestStep.run(TestStep.java:42)
	at cucumber.runner.PickleStepTestStep.run(PickleStepTestStep.java:53)
	at cucumber.runner.TestCase.run(TestCase.java:47)
	at cucumber.runner.Runner.runPickle(Runner.java:44)
	at cucumber.runtime.junit.PickleRunners$NoStepDescriptions.run(PickleRunners.java:140)
	at cucumber.runtime.junit.FeatureRunner.runChild(FeatureRunner.java:68)
	at cucumber.runtime.junit.FeatureRunner.runChild(FeatureRunner.java:23)
	at org.junit.runners.ParentRunner$4.run(ParentRunner.java:331)
	at org.junit.runners.ParentRunner$1.schedule(ParentRunner.java:79)
	at org.junit.runners.ParentRunner.runChildren(ParentRunner.java:329)
	at org.junit.runners.ParentRunner.access$100(ParentRunner.java:66)
	at org.junit.runners.ParentRunner$2.evaluate(ParentRunner.java:293)
	at org.junit.runners.ParentRunner$3.evaluate(ParentRunner.java:306)
	at org.junit.runners.ParentRunner.run(ParentRunner.java:413)
	at cucumber.runtime.junit.FeatureRunner.run(FeatureRunner.java:73)
	at cucumber.api.junit.Cucumber.runChild(Cucumber.java:98)
	at cucumber.api.junit.Cucumber.runChild(Cucumber.java:55)
	at org.junit.runners.ParentRunner$4.run(ParentRunner.java:331)
	at org.junit.runners.ParentRunner$1.schedule(ParentRunner.java:79)
	at org.junit.runners.ParentRunner.runChildren(ParentRunner.java:329)
	at org.junit.runners.ParentRunner.access$100(ParentRunner.java:66)
	at org.junit.runners.ParentRunner$2.evaluate(ParentRunner.java:293)
	at cucumber.api.junit.Cucumber$1.evaluate(Cucumber.java:107)
	at org.junit.runners.ParentRunner$3.evaluate(ParentRunner.java:306)
	at org.junit.runners.ParentRunner.run(ParentRunner.java:413)
	at org.junit.runners.Suite.runChild(Suite.java:128)
	at org.junit.runners.Suite.runChild(Suite.java:27)
	at org.junit.runners.ParentRunner$4.run(ParentRunner.java:331)
	at org.junit.runners.ParentRunner$1.schedule(ParentRunner.java:79)
	at org.junit.runners.ParentRunner.runChildren(ParentRunner.java:329)
	at org.junit.runners.ParentRunner.access$100(ParentRunner.java:66)
	at org.junit.runners.ParentRunner$2.evaluate(ParentRunner.java:293)
	at org.junit.runners.ParentRunner$3.evaluate(ParentRunner.java:306)
	at org.junit.runners.ParentRunner.run(ParentRunner.java:413)
	at org.junit.runner.JUnitCore.run(JUnitCore.java:137)
	at org.junit.runner.JUnitCore.run(JUnitCore.java:115)
	at org.junit.runner.JUnitCore.run(JUnitCore.java:105)
	at com.kms.katalon.core.cucumber.keyword.CucumberBuiltinKeywords$_runWithCucumberRunner_closure5.doCall(CucumberBuiltinKeywords.groovy:619)
	at com.kms.katalon.core.cucumber.keyword.CucumberBuiltinKeywords$_runWithCucumberRunner_closure5.doCall(CucumberBuiltinKeywords.groovy)
	at com.kms.katalon.core.keyword.internal.KeywordMain.runKeyword(KeywordMain.groovy:68)
	at com.kms.katalon.core.keyword.internal.KeywordMain$runKeyword.call(Unknown Source)
	at com.kms.katalon.core.cucumber.keyword.CucumberBuiltinKeywords.runWithCucumberRunner(CucumberBuiltinKeywords.groovy:616)
	at com.kms.katalon.core.cucumber.keyword.CucumberBuiltinKeywords$runWithCucumberRunner$0.callStatic(Unknown Source)
	at com.kms.katalon.core.cucumber.keyword.CucumberBuiltinKeywords.runWithCucumberRunner(CucumberBuiltinKeywords.groovy:716)
	at com.kms.katalon.core.cucumber.keyword.CucumberBuiltinKeywords$runWithCucumberRunner.call(Unknown Source)
	at Tc_ProgressMonitor_PostConversion.run(Tc_ProgressMonitor_PostConversion:22)
	at com.kms.katalon.core.main.ScriptEngine.run(ScriptEngine.java:194)
	at com.kms.katalon.core.main.ScriptEngine.runScriptAsRawText(ScriptEngine.java:119)
	at com.kms.katalon.core.main.TestCaseExecutor.runScript(TestCaseExecutor.java:398)
	at com.kms.katalon.core.main.TestCaseExecutor.doExecute(TestCaseExecutor.java:389)
	at com.kms.katalon.core.main.TestCaseExecutor.processExecutionPhase(TestCaseExecutor.java:368)
	at com.kms.katalon.core.main.TestCaseExecutor.accessMainPhase(TestCaseExecutor.java:360)
	at com.kms.katalon.core.main.TestCaseExecutor.execute(TestCaseExecutor.java:255)
	at com.kms.katalon.core.main.TestSuiteExecutor.accessTestCaseMainPhase(TestSuiteExecutor.java:203)
	at com.kms.katalon.core.main.TestSuiteExecutor.accessTestSuiteMainPhase(TestSuiteExecutor.java:152)
	at com.kms.katalon.core.main.TestSuiteExecutor.execute(TestSuiteExecutor.java:95)
	at com.kms.katalon.core.main.TestCaseMain.startTestSuite(TestCaseMain.java:157)
	at com.kms.katalon.core.main.TestCaseMain$startTestSuite$0.call(Unknown Source)
	at TempTestSuite1613990302296.run(TempTestSuite1613990302296.groovy:39)
Caused by: org.openqa.selenium.ElementNotInteractableException: element not interactable
  (Session info: chrome=88.0.4324.182)
Build info: version: '3.141.59', revision: 'e82be7d358', time: '2018-11-14T08:25:53'
System info: host: 'GROUP10-PC', ip: '192.168.1.3', os.name: 'Windows 7', os.arch: 'amd64', os.version: '6.1', java.version: '1.8.0_181'
Driver info: com.kms.katalon.selenium.driver.CChromeDriver
Capabilities {acceptInsecureCerts: false, browserName: chrome, browserVersion: 88.0.4324.182, chrome: {chromedriverVersion: 88.0.4324.96 (68dba2d8a0b14..., userDataDir: C:\Users\Group10\AppData\Lo...}, goog:chromeOptions: {debuggerAddress: localhost:62824}, javascriptEnabled: true, networkConnectionEnabled: false, pageLoadStrategy: normal, platform: WINDOWS, platformName: WINDOWS, proxy: Proxy(), setWindowRect: true, strictFileInteractability: false, timeouts: {implicit: 0, pageLoad: 300000, script: 30000}, unhandledPromptBehavior: dismiss and notify, webauthn:extension:largeBlob: true, webauthn:virtualAuthenticators: true}
Session ID: 545f05970558b1c79612f83b75527f47
	at org.openqa.selenium.remote.http.W3CHttpResponseCodec.createException(W3CHttpResponseCodec.java:187)
	at org.openqa.selenium.remote.http.W3CHttpResponseCodec.decode(W3CHttpResponseCodec.java:122)
	at org.openqa.selenium.remote.http.W3CHttpResponseCodec.decode(W3CHttpResponseCodec.java:49)
	at org.openqa.selenium.remote.HttpCommandExecutor.execute(HttpCommandExecutor.java:158)
	at org.openqa.selenium.remote.service.DriverCommandExecutor.execute(DriverCommandExecutor.java:83)
	at org.openqa.selenium.remote.RemoteWebDriver.execute(RemoteWebDriver.java:552)
	at com.kms.katalon.selenium.driver.CChromeDriver.execute(CChromeDriver.java:19)
	at org.openqa.selenium.remote.RemoteWebElement.execute(RemoteWebElement.java:285)
	at org.openqa.selenium.remote.RemoteWebElement.click(RemoteWebElement.java:84)
	at org.openqa.selenium.support.events.EventFiringWebDriver$EventFiringWebElement.lambda$new$0(EventFiringWebDriver.java:404)
	at com.sun.proxy.$Proxy24.click(Unknown Source)
	at org.openqa.selenium.support.events.EventFiringWebDriver$EventFiringWebElement.click(EventFiringWebDriver.java:417)
	at com.kms.katalon.core.webui.keyword.builtin.ClickKeyword$_click_closure1.doCall(ClickKeyword.groovy:68)
	at com.kms.katalon.core.webui.keyword.builtin.ClickKeyword$_click_closure1.call(ClickKeyword.groovy)
	at com.kms.katalon.core.webui.keyword.internal.WebUIKeywordMain.runKeyword(WebUIKeywordMain.groovy:20)
	at com.kms.katalon.core.webui.keyword.builtin.ClickKeyword.click(ClickKeyword.groovy:75)
	at com.kms.katalon.core.webui.keyword.builtin.ClickKeyword.execute(ClickKeyword.groovy:42)
	at com.kms.katalon.core.keyword.internal.KeywordExecutor.executeKeywordForPlatform(KeywordExecutor.groovy:73)
	at com.kms.katalon.core.webui.keyword.WebUiBuiltInKeywords.click(WebUiBuiltInKeywords.groovy:619)
	at com.kms.katalon.core.webui.keyword.WebUiBuiltInKeywords$click$3.call(Unknown Source)
	at proacc_pm.ProgressMonitor.user_can_add_activities_by_click_on_Add_Activity(ProgressMonitor.groovy:259)
	at cucumber.runtime.Utils$1.call(Utils.java:26)
	at cucumber.runtime.Timeout.timeout(Timeout.java:16)
	at cucumber.runtime.Utils.invoke(Utils.java:20)
	at cucumber.runtime.java.JavaStepDefinition.execute(JavaStepDefinition.java:48)
	at cucumber.runtime.PickleStepDefinitionMatch.runStep(PickleStepDefinitionMatch.java:50)
	at cucumber.runner.TestStep.executeStep(TestStep.java:55)
	at cucumber.runner.TestStep.run(TestStep.java:42)
	at cucumber.runner.PickleStepTestStep.run(PickleStepTestStep.java:53)
	at cucumber.runner.TestCase.run(TestCase.java:47)
	at cucumber.runner.Runner.runPickle(Runner.java:44)
	at cucumber.runtime.junit.PickleRunners$NoStepDescriptions.run(PickleRunners.java:140)
	at cucumber.runtime.junit.FeatureRunner.runChild(FeatureRunner.java:68)
	at cucumber.runtime.junit.FeatureRunner.runChild(FeatureRunner.java:23)
	at org.junit.runners.ParentRunner$4.run(ParentRunner.java:331)
	at org.junit.runners.ParentRunner$1.schedule(ParentRunner.java:79)
	at org.junit.runners.ParentRunner.runChildren(ParentRunner.java:329)
	at org.junit.runners.ParentRunner.access$100(ParentRunner.java:66)
	at org.junit.runners.ParentRunner$2.evaluate(ParentRunner.java:293)
	at org.junit.runners.ParentRunner$3.evaluate(ParentRunner.java:306)
	at org.junit.runners.ParentRunner.run(ParentRunner.java:413)
	at cucumber.runtime.junit.FeatureRunner.run(FeatureRunner.java:73)
	at cucumber.api.junit.Cucumber.runChild(Cucumber.java:98)
	at cucumber.api.junit.Cucumber.runChild(Cucumber.java:55)
	at org.junit.runners.ParentRunner$4.run(ParentRunner.java:331)
	at org.junit.runners.ParentRunner$1.schedule(ParentRunner.java:79)
	at org.junit.runners.ParentRunner.runChildren(ParentRunner.java:329)
	at org.junit.runners.ParentRunner.access$100(ParentRunner.java:66)
	at org.junit.runners.ParentRunner$2.evaluate(ParentRunner.java:293)
	at cucumber.api.junit.Cucumber$1.evaluate(Cucumber.java:107)
	at org.junit.runners.ParentRunner$3.evaluate(ParentRunner.java:306)
	at org.junit.runners.ParentRunner.run(ParentRunner.java:413)
	at org.junit.runners.Suite.runChild(Suite.java:128)
	at org.junit.runners.Suite.runChild(Suite.java:27)
	at org.junit.runners.ParentRunner$4.run(ParentRunner.java:331)
	at org.junit.runners.ParentRunner$1.schedule(ParentRunner.java:79)
	at org.junit.runners.ParentRunner.runChildren(ParentRunner.java:329)
	at org.junit.runners.ParentRunner.access$100(ParentRunner.java:66)
	at org.junit.runners.ParentRunner$2.evaluate(ParentRunner.java:293)
	at org.junit.runners.ParentRunner$3.evaluate(ParentRunner.java:306)
	at org.junit.runners.ParentRunner.run(ParentRunner.java:413)
	at org.junit.runner.JUnitCore.run(JUnitCore.java:137)
	at org.junit.runner.JUnitCore.run(JUnitCore.java:115)
	at org.junit.runner.JUnitCore.run(JUnitCore.java:105)
	at com.kms.katalon.core.cucumber.keyword.CucumberBuiltinKeywords$_runWithCucumberRunner_closure5.doCall(CucumberBuiltinKeywords.groovy:619)
	at com.kms.katalon.core.cucumber.keyword.CucumberBuiltinKeywords$_runWithCucumberRunner_closure5.doCall(CucumberBuiltinKeywords.groovy)
	at com.kms.katalon.core.keyword.internal.KeywordMain.runKeyword(KeywordMain.groovy:68)
	at com.kms.katalon.core.keyword.internal.KeywordMain$runKeyword.call(Unknown Source)
	at com.kms.katalon.core.cucumber.keyword.CucumberBuiltinKeywords.runWithCucumberRunner(CucumberBuiltinKeywords.groovy:616)
	at com.kms.katalon.core.cucumber.keyword.CucumberBuiltinKeywords$runWithCucumberRunner$0.callStatic(Unknown Source)
	at com.kms.katalon.core.cucumber.keyword.CucumberBuiltinKeywords.runWithCucumberRunner(CucumberBuiltinKeywords.groovy:716)
	at com.kms.katalon.core.cucumber.keyword.CucumberBuiltinKeywords$runWithCucumberRunner.call(Unknown Source)
	at Script1612871390269.run(Script1612871390269.groovy:22)
	... 13 more
)
[[ATTACHMENT|C:\\Users\\Group10\\Desktop\\ProAcc_Test\\ProAcc_Test_New\\Reports\\20210222_160822\\ProAcc_Suite\\20210222_160822\\1613991463758.png]]

2021-02-22 16:27:44 - [MESSAGE][PASSED] - Taking screenshot successfully
[[ATTACHMENT|C:\Users\Group10\Desktop\ProAcc_Test\ProAcc_Test_New\screenshots\Mon_Feb_22_16_27_44_IST_2021.png]]

2021-02-22 16:27:47 - [MESSAGE][PASSED] - Delayed 2 second(s)

2021-02-22 16:27:49 - [MESSAGE][FAILED] - Unable to click on object 'Object Repository/ProAcc_Pm/ProAcc_ProjectMonitor/i_Yet To Start_Edittask' (Root cause: com.kms.katalon.core.exception.StepFailedException: Unable to click on object 'Object Repository/ProAcc_Pm/ProAcc_ProjectMonitor/i_Yet To Start_Edittask'
	at com.kms.katalon.core.webui.keyword.internal.WebUIKeywordMain.stepFailed(WebUIKeywordMain.groovy:64)
	at com.kms.katalon.core.webui.keyword.internal.WebUIKeywordMain.runKeyword(WebUIKeywordMain.groovy:26)
	at com.kms.katalon.core.webui.keyword.builtin.ClickKeyword.click(ClickKeyword.groovy:75)
	at com.kms.katalon.core.webui.keyword.builtin.ClickKeyword.execute(ClickKeyword.groovy:42)
	at com.kms.katalon.core.keyword.internal.KeywordExecutor.executeKeywordForPlatform(KeywordExecutor.groovy:73)
	at com.kms.katalon.core.webui.keyword.WebUiBuiltInKeywords.click(WebUiBuiltInKeywords.groovy:619)
	at com.kms.katalon.core.webui.keyword.WebUiBuiltInKeywords$click$3.call(Unknown Source)
	at proacc_pm.ProgressMonitor.user_has_to_click_on_edit_button_to_Update_the_Status(ProgressMonitor.groovy:274)
	at cucumber.runtime.Utils$1.call(Utils.java:26)
	at cucumber.runtime.Timeout.timeout(Timeout.java:16)
	at cucumber.runtime.Utils.invoke(Utils.java:20)
	at cucumber.runtime.java.JavaStepDefinition.execute(JavaStepDefinition.java:48)
	at cucumber.runtime.PickleStepDefinitionMatch.runStep(PickleStepDefinitionMatch.java:50)
	at cucumber.runner.TestStep.executeStep(TestStep.java:55)
	at cucumber.runner.TestStep.run(TestStep.java:42)
	at cucumber.runner.PickleStepTestStep.run(PickleStepTestStep.java:53)
	at cucumber.runner.TestCase.run(TestCase.java:47)
	at cucumber.runner.Runner.runPickle(Runner.java:44)
	at cucumber.runtime.junit.PickleRunners$NoStepDescriptions.run(PickleRunners.java:140)
	at cucumber.runtime.junit.FeatureRunner.runChild(FeatureRunner.java:68)
	at cucumber.runtime.junit.FeatureRunner.runChild(FeatureRunner.java:23)
	at org.junit.runners.ParentRunner$4.run(ParentRunner.java:331)
	at org.junit.runners.ParentRunner$1.schedule(ParentRunner.java:79)
	at org.junit.runners.ParentRunner.runChildren(ParentRunner.java:329)
	at org.junit.runners.ParentRunner.access$100(ParentRunner.java:66)
	at org.junit.runners.ParentRunner$2.evaluate(ParentRunner.java:293)
	at org.junit.runners.ParentRunner$3.evaluate(ParentRunner.java:306)
	at org.junit.runners.ParentRunner.run(ParentRunner.java:413)
	at cucumber.runtime.junit.FeatureRunner.run(FeatureRunner.java:73)
	at cucumber.api.junit.Cucumber.runChild(Cucumber.java:98)
	at cucumber.api.junit.Cucumber.runChild(Cucumber.java:55)
	at org.junit.runners.ParentRunner$4.run(ParentRunner.java:331)
	at org.junit.runners.ParentRunner$1.schedule(ParentRunner.java:79)
	at org.junit.runners.ParentRunner.runChildren(ParentRunner.java:329)
	at org.junit.runners.ParentRunner.access$100(ParentRunner.java:66)
	at org.junit.runners.ParentRunner$2.evaluate(ParentRunner.java:293)
	at cucumber.api.junit.Cucumber$1.evaluate(Cucumber.java:107)
	at org.junit.runners.ParentRunner$3.evaluate(ParentRunner.java:306)
	at org.junit.runners.ParentRunner.run(ParentRunner.java:413)
	at org.junit.runners.Suite.runChild(Suite.java:128)
	at org.junit.runners.Suite.runChild(Suite.java:27)
	at org.junit.runners.ParentRunner$4.run(ParentRunner.java:331)
	at org.junit.runners.ParentRunner$1.schedule(ParentRunner.java:79)
	at org.junit.runners.ParentRunner.runChildren(ParentRunner.java:329)
	at org.junit.runners.ParentRunner.access$100(ParentRunner.java:66)
	at org.junit.runners.ParentRunner$2.evaluate(ParentRunner.java:293)
	at org.junit.runners.ParentRunner$3.evaluate(ParentRunner.java:306)
	at org.junit.runners.ParentRunner.run(ParentRunner.java:413)
	at org.junit.runner.JUnitCore.run(JUnitCore.java:137)
	at org.junit.runner.JUnitCore.run(JUnitCore.java:115)
	at org.junit.runner.JUnitCore.run(JUnitCore.java:105)
	at com.kms.katalon.core.cucumber.keyword.CucumberBuiltinKeywords$_runWithCucumberRunner_closure5.doCall(CucumberBuiltinKeywords.groovy:619)
	at com.kms.katalon.core.cucumber.keyword.CucumberBuiltinKeywords$_runWithCucumberRunner_closure5.doCall(CucumberBuiltinKeywords.groovy)
	at com.kms.katalon.core.keyword.internal.KeywordMain.runKeyword(KeywordMain.groovy:68)
	at com.kms.katalon.core.keyword.internal.KeywordMain$runKeyword.call(Unknown Source)
	at com.kms.katalon.core.cucumber.keyword.CucumberBuiltinKeywords.runWithCucumberRunner(CucumberBuiltinKeywords.groovy:616)
	at com.kms.katalon.core.cucumber.keyword.CucumberBuiltinKeywords$runWithCucumberRunner$0.callStatic(Unknown Source)
	at com.kms.katalon.core.cucumber.keyword.CucumberBuiltinKeywords.runWithCucumberRunner(CucumberBuiltinKeywords.groovy:716)
	at com.kms.katalon.core.cucumber.keyword.CucumberBuiltinKeywords$runWithCucumberRunner.call(Unknown Source)
	at Tc_ProgressMonitor_PostConversion.run(Tc_ProgressMonitor_PostConversion:22)
	at com.kms.katalon.core.main.ScriptEngine.run(ScriptEngine.java:194)
	at com.kms.katalon.core.main.ScriptEngine.runScriptAsRawText(ScriptEngine.java:119)
	at com.kms.katalon.core.main.TestCaseExecutor.runScript(TestCaseExecutor.java:398)
	at com.kms.katalon.core.main.TestCaseExecutor.doExecute(TestCaseExecutor.java:389)
	at com.kms.katalon.core.main.TestCaseExecutor.processExecutionPhase(TestCaseExecutor.java:368)
	at com.kms.katalon.core.main.TestCaseExecutor.accessMainPhase(TestCaseExecutor.java:360)
	at com.kms.katalon.core.main.TestCaseExecutor.execute(TestCaseExecutor.java:255)
	at com.kms.katalon.core.main.TestSuiteExecutor.accessTestCaseMainPhase(TestSuiteExecutor.java:203)
	at com.kms.katalon.core.main.TestSuiteExecutor.accessTestSuiteMainPhase(TestSuiteExecutor.java:152)
	at com.kms.katalon.core.main.TestSuiteExecutor.execute(TestSuiteExecutor.java:95)
	at com.kms.katalon.core.main.TestCaseMain.startTestSuite(TestCaseMain.java:157)
	at com.kms.katalon.core.main.TestCaseMain$startTestSuite$0.call(Unknown Source)
	at TempTestSuite1613990302296.run(TempTestSuite1613990302296.groovy:39)
Caused by: org.openqa.selenium.ElementClickInterceptedException: element click intercepted: Element <i class="fa fa-pencil text-dark edit_13fc7514-9cb9-4834-afdb-2bd7ac0f3cd5" id="Edittask" style="cursor:pointer;" data-toggle="tooltip" title="" data-original-title="Edit"></i> is not clickable at point (1258, 330). Other element would receive the click: <div id="addActivityTask" class="modal fade show" role="dialog" style="display: block;">...</div>
  (Session info: chrome=88.0.4324.182)
Build info: version: '3.141.59', revision: 'e82be7d358', time: '2018-11-14T08:25:53'
System info: host: 'GROUP10-PC', ip: '192.168.1.3', os.name: 'Windows 7', os.arch: 'amd64', os.version: '6.1', java.version: '1.8.0_181'
Driver info: com.kms.katalon.selenium.driver.CChromeDriver
Capabilities {acceptInsecureCerts: false, browserName: chrome, browserVersion: 88.0.4324.182, chrome: {chromedriverVersion: 88.0.4324.96 (68dba2d8a0b14..., userDataDir: C:\Users\Group10\AppData\Lo...}, goog:chromeOptions: {debuggerAddress: localhost:62824}, javascriptEnabled: true, networkConnectionEnabled: false, pageLoadStrategy: normal, platform: WINDOWS, platformName: WINDOWS, proxy: Proxy(), setWindowRect: true, strictFileInteractability: false, timeouts: {implicit: 0, pageLoad: 300000, script: 30000}, unhandledPromptBehavior: dismiss and notify, webauthn:extension:largeBlob: true, webauthn:virtualAuthenticators: true}
Session ID: 545f05970558b1c79612f83b75527f47
	at org.openqa.selenium.remote.http.W3CHttpResponseCodec.createException(W3CHttpResponseCodec.java:187)
	at org.openqa.selenium.remote.http.W3CHttpResponseCodec.decode(W3CHttpResponseCodec.java:122)
	at org.openqa.selenium.remote.http.W3CHttpResponseCodec.decode(W3CHttpResponseCodec.java:49)
	at org.openqa.selenium.remote.HttpCommandExecutor.execute(HttpCommandExecutor.java:158)
	at org.openqa.selenium.remote.service.DriverCommandExecutor.execute(DriverCommandExecutor.java:83)
	at org.openqa.selenium.remote.RemoteWebDriver.execute(RemoteWebDriver.java:552)
	at com.kms.katalon.selenium.driver.CChromeDriver.execute(CChromeDriver.java:19)
	at org.openqa.selenium.remote.RemoteWebElement.execute(RemoteWebElement.java:285)
	at org.openqa.selenium.remote.RemoteWebElement.click(RemoteWebElement.java:84)
	at org.openqa.selenium.support.events.EventFiringWebDriver$EventFiringWebElement.lambda$new$0(EventFiringWebDriver.java:404)
	at com.sun.proxy.$Proxy24.click(Unknown Source)
	at org.openqa.selenium.support.events.EventFiringWebDriver$EventFiringWebElement.click(EventFiringWebDriver.java:417)
	at com.kms.katalon.core.webui.keyword.builtin.ClickKeyword$_click_closure1.doCall(ClickKeyword.groovy:68)
	at com.kms.katalon.core.webui.keyword.builtin.ClickKeyword$_click_closure1.call(ClickKeyword.groovy)
	at com.kms.katalon.core.webui.keyword.internal.WebUIKeywordMain.runKeyword(WebUIKeywordMain.groovy:20)
	at com.kms.katalon.core.webui.keyword.builtin.ClickKeyword.click(ClickKeyword.groovy:75)
	at com.kms.katalon.core.webui.keyword.builtin.ClickKeyword.execute(ClickKeyword.groovy:42)
	at com.kms.katalon.core.keyword.internal.KeywordExecutor.executeKeywordForPlatform(KeywordExecutor.groovy:73)
	at com.kms.katalon.core.webui.keyword.WebUiBuiltInKeywords.click(WebUiBuiltInKeywords.groovy:619)
	at com.kms.katalon.core.webui.keyword.WebUiBuiltInKeywords$click$3.call(Unknown Source)
	at proacc_pm.ProgressMonitor.user_has_to_click_on_edit_button_to_Update_the_Status(ProgressMonitor.groovy:274)
	at cucumber.runtime.Utils$1.call(Utils.java:26)
	at cucumber.runtime.Timeout.timeout(Timeout.java:16)
	at cucumber.runtime.Utils.invoke(Utils.java:20)
	at cucumber.runtime.java.JavaStepDefinition.execute(JavaStepDefinition.java:48)
	at cucumber.runtime.PickleStepDefinitionMatch.runStep(PickleStepDefinitionMatch.java:50)
	at cucumber.runner.TestStep.executeStep(TestStep.java:55)
	at cucumber.runner.TestStep.run(TestStep.java:42)
	at cucumber.runner.PickleStepTestStep.run(PickleStepTestStep.java:53)
	at cucumber.runner.TestCase.run(TestCase.java:47)
	at cucumber.runner.Runner.runPickle(Runner.java:44)
	at cucumber.runtime.junit.PickleRunners$NoStepDescriptions.run(PickleRunners.java:140)
	at cucumber.runtime.junit.FeatureRunner.runChild(FeatureRunner.java:68)
	at cucumber.runtime.junit.FeatureRunner.runChild(FeatureRunner.java:23)
	at org.junit.runners.ParentRunner$4.run(ParentRunner.java:331)
	at org.junit.runners.ParentRunner$1.schedule(ParentRunner.java:79)
	at org.junit.runners.ParentRunner.runChildren(ParentRunner.java:329)
	at org.junit.runners.ParentRunner.access$100(ParentRunner.java:66)
	at org.junit.runners.ParentRunner$2.evaluate(ParentRunner.java:293)
	at org.junit.runners.ParentRunner$3.evaluate(ParentRunner.java:306)
	at org.junit.runners.ParentRunner.run(ParentRunner.java:413)
	at cucumber.runtime.junit.FeatureRunner.run(FeatureRunner.java:73)
	at cucumber.api.junit.Cucumber.runChild(Cucumber.java:98)
	at cucumber.api.junit.Cucumber.runChild(Cucumber.java:55)
	at org.junit.runners.ParentRunner$4.run(ParentRunner.java:331)
	at org.junit.runners.ParentRunner$1.schedule(ParentRunner.java:79)
	at org.junit.runners.ParentRunner.runChildren(ParentRunner.java:329)
	at org.junit.runners.ParentRunner.access$100(ParentRunner.java:66)
	at org.junit.runners.ParentRunner$2.evaluate(ParentRunner.java:293)
	at cucumber.api.junit.Cucumber$1.evaluate(Cucumber.java:107)
	at org.junit.runners.ParentRunner$3.evaluate(ParentRunner.java:306)
	at org.junit.runners.ParentRunner.run(ParentRunner.java:413)
	at org.junit.runners.Suite.runChild(Suite.java:128)
	at org.junit.runners.Suite.runChild(Suite.java:27)
	at org.junit.runners.ParentRunner$4.run(ParentRunner.java:331)
	at org.junit.runners.ParentRunner$1.schedule(ParentRunner.java:79)
	at org.junit.runners.ParentRunner.runChildren(ParentRunner.java:329)
	at org.junit.runners.ParentRunner.access$100(ParentRunner.java:66)
	at org.junit.runners.ParentRunner$2.evaluate(ParentRunner.java:293)
	at org.junit.runners.ParentRunner$3.evaluate(ParentRunner.java:306)
	at org.junit.runners.ParentRunner.run(ParentRunner.java:413)
	at org.junit.runner.JUnitCore.run(JUnitCore.java:137)
	at org.junit.runner.JUnitCore.run(JUnitCore.java:115)
	at org.junit.runner.JUnitCore.run(JUnitCore.java:105)
	at com.kms.katalon.core.cucumber.keyword.CucumberBuiltinKeywords$_runWithCucumberRunner_closure5.doCall(CucumberBuiltinKeywords.groovy:619)
	at com.kms.katalon.core.cucumber.keyword.CucumberBuiltinKeywords$_runWithCucumberRunner_closure5.doCall(CucumberBuiltinKeywords.groovy)
	at com.kms.katalon.core.keyword.internal.KeywordMain.runKeyword(KeywordMain.groovy:68)
	at com.kms.katalon.core.keyword.internal.KeywordMain$runKeyword.call(Unknown Source)
	at com.kms.katalon.core.cucumber.keyword.CucumberBuiltinKeywords.runWithCucumberRunner(CucumberBuiltinKeywords.groovy:616)
	at com.kms.katalon.core.cucumber.keyword.CucumberBuiltinKeywords$runWithCucumberRunner$0.callStatic(Unknown Source)
	at com.kms.katalon.core.cucumber.keyword.CucumberBuiltinKeywords.runWithCucumberRunner(CucumberBuiltinKeywords.groovy:716)
	at com.kms.katalon.core.cucumber.keyword.CucumberBuiltinKeywords$runWithCucumberRunner.call(Unknown Source)
	at Script1612871390269.run(Script1612871390269.groovy:22)
	... 13 more
)
[[ATTACHMENT|C:\\Users\\Group10\\Desktop\\ProAcc_Test\\ProAcc_Test_New\\Reports\\20210222_160822\\ProAcc_Suite\\20210222_160822\\1613991468689.png]]

2021-02-22 16:27:49 - [MESSAGE][PASSED] - Taking screenshot successfully
[[ATTACHMENT|C:\Users\Group10\Desktop\ProAcc_Test\ProAcc_Test_New\screenshots\Mon_Feb_22_16_27_49_IST_2021.png]]

2021-02-22 16:28:13 - [MESSAGE][PASSED] - All options with value '3' are selected in object 'Object Repository/ProAcc_Pm/ProAcc_ProjectMonitor/select_Not Applicable'  using regular expression

2021-02-22 16:28:13 - [MESSAGE][PASSED] - Object: 'Object Repository/ProAcc_Pm/ProAcc_ProjectMonitor/button_Save' is clicked on

2021-02-22 16:28:14 - [MESSAGE][PASSED] - Text 'Test' is set on object 'Object Repository/ProAcc_Pm/ProAcc_ProjectMonitor/textarea_Add Comments_Comments'

2021-02-22 16:28:15 - [MESSAGE][PASSED] - Object: 'Object Repository/ProAcc_Pm/ProAcc_ProjectMonitor/button_SaveComments' is clicked on

2021-02-22 16:28:17 - [MESSAGE][PASSED] - Delayed 2 second(s)

2021-02-22 16:28:18 - [MESSAGE][PASSED] - Text 'PreConMoni' is set on object 'Object Repository/ProAcc_Pm/ProAcc_ProjectMonitor/Search_Task'

2021-02-22 16:28:20 - [MESSAGE][PASSED] - Delayed 2 second(s)

2021-02-22 16:28:20 - [MESSAGE][PASSED] - Run with 'phase_runner.ProgressMonitor_Pm_PostCon_Runner' was passed]]></system-out>
         <system-err><![CDATA[]]></system-err>
      </testcase>
      <testcase name="Test Cases/Tc_ProAcc_Consultant/Tc_ProgressMonitorConsultant_PostConversion" time="1551.3" classname="Test Cases/Tc_ProAcc_Consultant/Tc_ProgressMonitorConsultant_PostConversion" status="PASSED">
         <system-out><![CDATA[2021-02-22 16:28:20 - [TEST_CASE][PASSED] - Test Cases/Tc_ProAcc_Consultant/Tc_ProgressMonitorConsultant_PostConversion: Test Cases/Tc_ProAcc_Consultant/Tc_ProgressMonitorConsultant_PostConversion

2021-02-22 16:28:21 - [TEST_STEP][PASSED] - runWithCucumberRunner(phase_runner.ProgressMonitor_Consultant_PostCon_Runner): Run with 'phase_runner.ProgressMonitor_Consultant_PostCon_Runner' was passed

2021-02-22 16:28:27 - [MESSAGE][PASSED] - Delayed 5 second(s)

2021-02-22 16:28:27 - [MESSAGE][WARNING] - A browser is already opened. Closing browser and opening a new one

2021-02-22 16:28:28 - [MESSAGE][INFO] - Starting 'Chrome' driver

2021-02-22 16:28:28 - [MESSAGE][INFO] - Action delay is set to 0 milliseconds

2021-02-22 16:28:30 - [MESSAGE][PASSED] - Browser is opened with url: ''

2021-02-22 16:28:31 - [MESSAGE][PASSED] - Current window maximized

2021-02-22 16:28:31 - [MESSAGE][PASSED] - Navigate to 'http://123.176.34.15:4041/ProAcc2QA' successfully

2021-02-22 16:28:32 - [MESSAGE][PASSED] - Text 'Seena' is set on object 'Object Repository/ProAcc_Login/input_User Name_Username'

2021-02-22 16:28:33 - [MESSAGE][PASSED] - Text 'a12345@' is set on object 'Object Repository/ProAcc_Login/input_Password_Password'

2021-02-22 16:28:35 - [MESSAGE][PASSED] - Object: 'Object Repository/ProAcc_Login/button_Sign In' is clicked on

2021-02-22 16:28:37 - [MESSAGE][PASSED] - Delayed 2 second(s)

2021-02-22 16:28:37 - [MESSAGE][PASSED] - Text of object '' is: 'Consultant'

2021-02-22 16:28:39 - [MESSAGE][PASSED] - Object: '' is clicked on

2021-02-22 16:28:40 - [MESSAGE][PASSED] - Object: 'Object Repository/ProAcc_Consultant/ProgressMonitor/report_Btn' is clicked on

2021-02-22 16:28:41 - [MESSAGE][PASSED] - All options with label 'Post Conversion' are selected in object 'Object Repository/ProAcc_Pm/ProAcc_ResourceAllocation/PhaseName'  using regular expression

2021-02-22 16:28:43 - [MESSAGE][PASSED] - Delayed 2 second(s)

2021-02-22 16:28:43 - [MESSAGE][PASSED] - Text of object '' is: 'Consultant'

2021-02-22 16:28:44 - [MESSAGE][PASSED] - All options with label 'Cipla Industries' are selected in object 'Object Repository/ProAcc_Consultant/ProgressMonitor/Select_Customer'  using regular expression

2021-02-22 16:28:45 - [MESSAGE][PASSED] - All options with label 'TestProject' are selected in object 'Object Repository/ProAcc_Consultant/ProgressMonitor/Select_Project'  using regular expression

2021-02-22 16:28:46 - [MESSAGE][PASSED] - All options with label 'TP1' are selected in object 'Object Repository/ProAcc_Consultant/ProgressMonitor/Select_Instance'  using regular expression

2021-02-22 16:28:48 - [MESSAGE][PASSED] - Delayed 2 second(s)

2021-02-22 16:28:49 - [MESSAGE][PASSED] - Object: 'Object Repository/ProAcc_Consultant/ProgressMonitor/edit' is clicked on

2021-02-22 16:28:51 - [MESSAGE][PASSED] - Delayed 2 second(s)

2021-02-22 16:28:54 - [MESSAGE][PASSED] - Delayed 3 second(s)

2021-02-22 16:28:55 - [MESSAGE][PASSED] - Delayed 1 second(s)

2021-02-22 16:28:56 - [MESSAGE][PASSED] - Delayed 1 second(s)

2021-02-22 16:28:57 - [MESSAGE][PASSED] - Delayed 1 second(s)

2021-02-22 16:28:58 - [MESSAGE][PASSED] - Delayed 1 second(s)

2021-02-22 16:29:02 - [MESSAGE][PASSED] - Delayed 3 second(s)

2021-02-22 16:29:04 - [MESSAGE][PASSED] - Delayed 2 second(s)

2021-02-22 16:29:05 - [MESSAGE][WARNING] - A browser is already opened. Closing browser and opening a new one

2021-02-22 16:29:06 - [MESSAGE][INFO] - Starting 'Chrome' driver

2021-02-22 16:29:06 - [MESSAGE][INFO] - Action delay is set to 0 milliseconds

2021-02-22 16:29:08 - [MESSAGE][PASSED] - Browser is opened with url: ''

2021-02-22 16:29:08 - [MESSAGE][PASSED] - Current window maximized

2021-02-22 16:29:09 - [MESSAGE][PASSED] - Navigate to 'http://123.176.34.15:4041/ProAcc2QA' successfully

2021-02-22 16:29:10 - [MESSAGE][PASSED] - Text 'Akhil' is set on object 'Object Repository/ProAcc_Login/input_User Name_Username'

2021-02-22 16:29:10 - [MESSAGE][PASSED] - Text 'a12345@' is set on object 'Object Repository/ProAcc_Login/input_Password_Password'

2021-02-22 16:29:13 - [MESSAGE][PASSED] - Object: 'Object Repository/ProAcc_Login/button_Sign In' is clicked on

2021-02-22 16:29:15 - [MESSAGE][PASSED] - Delayed 2 second(s)

2021-02-22 16:29:15 - [MESSAGE][PASSED] - Text of object '' is: 'Consultant'

2021-02-22 16:29:17 - [MESSAGE][PASSED] - Object: '' is clicked on

2021-02-22 16:29:17 - [MESSAGE][PASSED] - Object: 'Object Repository/ProAcc_Consultant/ProgressMonitor/report_Btn' is clicked on

2021-02-22 16:29:19 - [MESSAGE][PASSED] - All options with label 'Post Conversion' are selected in object 'Object Repository/ProAcc_Pm/ProAcc_ResourceAllocation/PhaseName'  using regular expression

2021-02-22 16:29:21 - [MESSAGE][PASSED] - Delayed 2 second(s)

2021-02-22 16:29:21 - [MESSAGE][PASSED] - Text of object '' is: 'Consultant'

2021-02-22 16:29:22 - [MESSAGE][PASSED] - All options with label 'Cipla Industries' are selected in object 'Object Repository/ProAcc_Consultant/ProgressMonitor/Select_Customer'  using regular expression

2021-02-22 16:29:23 - [MESSAGE][PASSED] - All options with label 'TestProject' are selected in object 'Object Repository/ProAcc_Consultant/ProgressMonitor/Select_Project'  using regular expression

2021-02-22 16:29:24 - [MESSAGE][PASSED] - All options with label 'TP1' are selected in object 'Object Repository/ProAcc_Consultant/ProgressMonitor/Select_Instance'  using regular expression

2021-02-22 16:29:26 - [MESSAGE][PASSED] - Delayed 2 second(s)

2021-02-22 16:29:27 - [MESSAGE][PASSED] - Object: 'Object Repository/ProAcc_Consultant/ProgressMonitor/edit' is clicked on

2021-02-22 16:29:29 - [MESSAGE][PASSED] - Delayed 2 second(s)

2021-02-22 16:29:32 - [MESSAGE][PASSED] - Delayed 3 second(s)

2021-02-22 16:29:33 - [MESSAGE][PASSED] - Delayed 1 second(s)

2021-02-22 16:29:34 - [MESSAGE][PASSED] - Delayed 1 second(s)

2021-02-22 16:29:35 - [MESSAGE][PASSED] - Delayed 1 second(s)

2021-02-22 16:29:36 - [MESSAGE][PASSED] - Delayed 1 second(s)

2021-02-22 16:29:40 - [MESSAGE][PASSED] - Delayed 3 second(s)

2021-02-22 16:29:42 - [MESSAGE][PASSED] - Delayed 2 second(s)

2021-02-22 16:29:43 - [MESSAGE][WARNING] - A browser is already opened. Closing browser and opening a new one

2021-02-22 16:29:44 - [MESSAGE][INFO] - Starting 'Chrome' driver

2021-02-22 16:29:44 - [MESSAGE][INFO] - Action delay is set to 0 milliseconds

2021-02-22 16:29:46 - [MESSAGE][PASSED] - Browser is opened with url: ''

2021-02-22 16:29:46 - [MESSAGE][PASSED] - Current window maximized

2021-02-22 16:29:47 - [MESSAGE][PASSED] - Navigate to 'http://123.176.34.15:4041/ProAcc2QA' successfully

2021-02-22 16:29:47 - [MESSAGE][PASSED] - Text 'Akhil' is set on object 'Object Repository/ProAcc_Login/input_User Name_Username'

2021-02-22 16:29:48 - [MESSAGE][PASSED] - Text 'a12345@' is set on object 'Object Repository/ProAcc_Login/input_Password_Password'

2021-02-22 16:29:51 - [MESSAGE][PASSED] - Object: 'Object Repository/ProAcc_Login/button_Sign In' is clicked on

2021-02-22 16:29:53 - [MESSAGE][PASSED] - Delayed 2 second(s)

2021-02-22 16:29:53 - [MESSAGE][PASSED] - Text of object '' is: 'Consultant'

2021-02-22 16:29:55 - [MESSAGE][PASSED] - Object: '' is clicked on

2021-02-22 16:29:56 - [MESSAGE][PASSED] - Object: 'Object Repository/ProAcc_Consultant/ProgressMonitor/report_Btn' is clicked on

2021-02-22 16:29:57 - [MESSAGE][PASSED] - All options with label 'Post Conversion' are selected in object 'Object Repository/ProAcc_Pm/ProAcc_ResourceAllocation/PhaseName'  using regular expression

2021-02-22 16:29:59 - [MESSAGE][PASSED] - Delayed 2 second(s)

2021-02-22 16:29:59 - [MESSAGE][PASSED] - Text of object '' is: 'Consultant'

2021-02-22 16:30:00 - [MESSAGE][PASSED] - All options with label 'Cipla Industries' are selected in object 'Object Repository/ProAcc_Consultant/ProgressMonitor/Select_Customer'  using regular expression

2021-02-22 16:30:01 - [MESSAGE][PASSED] - All options with label 'TestProject' are selected in object 'Object Repository/ProAcc_Consultant/ProgressMonitor/Select_Project'  using regular expression

2021-02-22 16:30:02 - [MESSAGE][PASSED] - All options with label 'TP1' are selected in object 'Object Repository/ProAcc_Consultant/ProgressMonitor/Select_Instance'  using regular expression

2021-02-22 16:30:04 - [MESSAGE][PASSED] - Delayed 2 second(s)

2021-02-22 16:30:05 - [MESSAGE][PASSED] - Object: 'Object Repository/ProAcc_Consultant/ProgressMonitor/edit' is clicked on

2021-02-22 16:30:07 - [MESSAGE][PASSED] - Delayed 2 second(s)

2021-02-22 16:30:10 - [MESSAGE][PASSED] - Delayed 3 second(s)

2021-02-22 16:30:11 - [MESSAGE][PASSED] - Delayed 1 second(s)

2021-02-22 16:30:12 - [MESSAGE][PASSED] - Delayed 1 second(s)

2021-02-22 16:30:13 - [MESSAGE][PASSED] - Delayed 1 second(s)

2021-02-22 16:30:14 - [MESSAGE][PASSED] - Delayed 1 second(s)

2021-02-22 16:30:18 - [MESSAGE][PASSED] - Delayed 3 second(s)

2021-02-22 16:30:20 - [MESSAGE][PASSED] - Delayed 2 second(s)

2021-02-22 16:30:21 - [MESSAGE][WARNING] - A browser is already opened. Closing browser and opening a new one

2021-02-22 16:30:22 - [MESSAGE][INFO] - Starting 'Chrome' driver

2021-02-22 16:30:22 - [MESSAGE][INFO] - Action delay is set to 0 milliseconds

2021-02-22 16:30:24 - [MESSAGE][PASSED] - Browser is opened with url: ''

2021-02-22 16:30:24 - [MESSAGE][PASSED] - Current window maximized

2021-02-22 16:30:25 - [MESSAGE][PASSED] - Navigate to 'http://123.176.34.15:4041/ProAcc2QA' successfully

2021-02-22 16:30:26 - [MESSAGE][PASSED] - Text 'Akhil' is set on object 'Object Repository/ProAcc_Login/input_User Name_Username'

2021-02-22 16:30:26 - [MESSAGE][PASSED] - Text 'a12345@' is set on object 'Object Repository/ProAcc_Login/input_Password_Password'

2021-02-22 16:30:29 - [MESSAGE][PASSED] - Object: 'Object Repository/ProAcc_Login/button_Sign In' is clicked on

2021-02-22 16:30:31 - [MESSAGE][PASSED] - Delayed 2 second(s)

2021-02-22 16:30:31 - [MESSAGE][PASSED] - Text of object '' is: 'Consultant'

2021-02-22 16:30:33 - [MESSAGE][PASSED] - Object: '' is clicked on

2021-02-22 16:30:34 - [MESSAGE][PASSED] - Object: 'Object Repository/ProAcc_Consultant/ProgressMonitor/report_Btn' is clicked on

2021-02-22 16:30:35 - [MESSAGE][PASSED] - All options with label 'Post Conversion' are selected in object 'Object Repository/ProAcc_Pm/ProAcc_ResourceAllocation/PhaseName'  using regular expression

2021-02-22 16:30:37 - [MESSAGE][PASSED] - Delayed 2 second(s)

2021-02-22 16:30:37 - [MESSAGE][PASSED] - Text of object '' is: 'Consultant'

2021-02-22 16:30:38 - [MESSAGE][PASSED] - All options with label 'Cipla Industries' are selected in object 'Object Repository/ProAcc_Consultant/ProgressMonitor/Select_Customer'  using regular expression

2021-02-22 16:30:39 - [MESSAGE][PASSED] - All options with label 'TestProject' are selected in object 'Object Repository/ProAcc_Consultant/ProgressMonitor/Select_Project'  using regular expression

2021-02-22 16:30:41 - [MESSAGE][PASSED] - All options with label 'TP1' are selected in object 'Object Repository/ProAcc_Consultant/ProgressMonitor/Select_Instance'  using regular expression

2021-02-22 16:30:43 - [MESSAGE][PASSED] - Delayed 2 second(s)

2021-02-22 16:30:43 - [MESSAGE][PASSED] - Object: 'Object Repository/ProAcc_Consultant/ProgressMonitor/edit' is clicked on

2021-02-22 16:30:45 - [MESSAGE][PASSED] - Delayed 2 second(s)

2021-02-22 16:30:48 - [MESSAGE][PASSED] - Delayed 3 second(s)

2021-02-22 16:30:49 - [MESSAGE][PASSED] - Delayed 1 second(s)

2021-02-22 16:30:50 - [MESSAGE][PASSED] - Delayed 1 second(s)

2021-02-22 16:30:51 - [MESSAGE][PASSED] - Delayed 1 second(s)

2021-02-22 16:30:53 - [MESSAGE][PASSED] - Delayed 1 second(s)

2021-02-22 16:30:56 - [MESSAGE][PASSED] - Delayed 3 second(s)

2021-02-22 16:30:58 - [MESSAGE][PASSED] - Delayed 2 second(s)

2021-02-22 16:30:59 - [MESSAGE][WARNING] - A browser is already opened. Closing browser and opening a new one

2021-02-22 16:31:00 - [MESSAGE][INFO] - Starting 'Chrome' driver

2021-02-22 16:31:00 - [MESSAGE][INFO] - Action delay is set to 0 milliseconds

2021-02-22 16:31:02 - [MESSAGE][PASSED] - Browser is opened with url: ''

2021-02-22 16:31:02 - [MESSAGE][PASSED] - Current window maximized

2021-02-22 16:31:03 - [MESSAGE][PASSED] - Navigate to 'http://123.176.34.15:4041/ProAcc2QA' successfully

2021-02-22 16:31:04 - [MESSAGE][PASSED] - Text 'Akhil' is set on object 'Object Repository/ProAcc_Login/input_User Name_Username'

2021-02-22 16:31:05 - [MESSAGE][PASSED] - Text 'a12345@' is set on object 'Object Repository/ProAcc_Login/input_Password_Password'

2021-02-22 16:31:07 - [MESSAGE][PASSED] - Object: 'Object Repository/ProAcc_Login/button_Sign In' is clicked on

2021-02-22 16:31:09 - [MESSAGE][PASSED] - Delayed 2 second(s)

2021-02-22 16:31:10 - [MESSAGE][PASSED] - Text of object '' is: 'Consultant'

2021-02-22 16:31:12 - [MESSAGE][PASSED] - Object: '' is clicked on

2021-02-22 16:31:12 - [MESSAGE][PASSED] - Object: 'Object Repository/ProAcc_Consultant/ProgressMonitor/report_Btn' is clicked on

2021-02-22 16:31:13 - [MESSAGE][PASSED] - All options with label 'Post Conversion' are selected in object 'Object Repository/ProAcc_Pm/ProAcc_ResourceAllocation/PhaseName'  using regular expression

2021-02-22 16:31:15 - [MESSAGE][PASSED] - Delayed 2 second(s)

2021-02-22 16:31:16 - [MESSAGE][PASSED] - Text of object '' is: 'Consultant'

2021-02-22 16:31:17 - [MESSAGE][PASSED] - All options with label 'Cipla Industries' are selected in object 'Object Repository/ProAcc_Consultant/ProgressMonitor/Select_Customer'  using regular expression

2021-02-22 16:31:18 - [MESSAGE][PASSED] - All options with label 'TestProject' are selected in object 'Object Repository/ProAcc_Consultant/ProgressMonitor/Select_Project'  using regular expression

2021-02-22 16:31:19 - [MESSAGE][PASSED] - All options with label 'TP1' are selected in object 'Object Repository/ProAcc_Consultant/ProgressMonitor/Select_Instance'  using regular expression

2021-02-22 16:31:21 - [MESSAGE][PASSED] - Delayed 2 second(s)

2021-02-22 16:31:21 - [MESSAGE][PASSED] - Object: 'Object Repository/ProAcc_Consultant/ProgressMonitor/edit' is clicked on

2021-02-22 16:31:23 - [MESSAGE][PASSED] - Delayed 2 second(s)

2021-02-22 16:31:27 - [MESSAGE][PASSED] - Delayed 3 second(s)

2021-02-22 16:31:28 - [MESSAGE][PASSED] - Delayed 1 second(s)

2021-02-22 16:31:29 - [MESSAGE][PASSED] - Delayed 1 second(s)

2021-02-22 16:31:30 - [MESSAGE][PASSED] - Delayed 1 second(s)

2021-02-22 16:31:31 - [MESSAGE][PASSED] - Delayed 1 second(s)

2021-02-22 16:31:35 - [MESSAGE][PASSED] - Delayed 3 second(s)

2021-02-22 16:31:37 - [MESSAGE][PASSED] - Delayed 2 second(s)

2021-02-22 16:31:38 - [MESSAGE][WARNING] - A browser is already opened. Closing browser and opening a new one

2021-02-22 16:31:39 - [MESSAGE][INFO] - Starting 'Chrome' driver

2021-02-22 16:31:39 - [MESSAGE][INFO] - Action delay is set to 0 milliseconds

2021-02-22 16:31:41 - [MESSAGE][PASSED] - Browser is opened with url: ''

2021-02-22 16:31:41 - [MESSAGE][PASSED] - Current window maximized

2021-02-22 16:31:42 - [MESSAGE][PASSED] - Navigate to 'http://123.176.34.15:4041/ProAcc2QA' successfully

2021-02-22 16:31:42 - [MESSAGE][PASSED] - Text 'Akhil' is set on object 'Object Repository/ProAcc_Login/input_User Name_Username'

2021-02-22 16:31:43 - [MESSAGE][PASSED] - Text 'a12345@' is set on object 'Object Repository/ProAcc_Login/input_Password_Password'

2021-02-22 16:31:46 - [MESSAGE][PASSED] - Object: 'Object Repository/ProAcc_Login/button_Sign In' is clicked on

2021-02-22 16:31:48 - [MESSAGE][PASSED] - Delayed 2 second(s)

2021-02-22 16:31:48 - [MESSAGE][PASSED] - Text of object '' is: 'Consultant'

2021-02-22 16:31:50 - [MESSAGE][PASSED] - Object: '' is clicked on

2021-02-22 16:31:51 - [MESSAGE][PASSED] - Object: 'Object Repository/ProAcc_Consultant/ProgressMonitor/report_Btn' is clicked on

2021-02-22 16:31:52 - [MESSAGE][PASSED] - All options with label 'Post Conversion' are selected in object 'Object Repository/ProAcc_Pm/ProAcc_ResourceAllocation/PhaseName'  using regular expression

2021-02-22 16:31:54 - [MESSAGE][PASSED] - Delayed 2 second(s)

2021-02-22 16:31:54 - [MESSAGE][PASSED] - Text of object '' is: 'Consultant'

2021-02-22 16:31:55 - [MESSAGE][PASSED] - All options with label 'Cipla Industries' are selected in object 'Object Repository/ProAcc_Consultant/ProgressMonitor/Select_Customer'  using regular expression

2021-02-22 16:31:56 - [MESSAGE][PASSED] - All options with label 'TestProject' are selected in object 'Object Repository/ProAcc_Consultant/ProgressMonitor/Select_Project'  using regular expression

2021-02-22 16:31:57 - [MESSAGE][PASSED] - All options with label 'TP1' are selected in object 'Object Repository/ProAcc_Consultant/ProgressMonitor/Select_Instance'  using regular expression

2021-02-22 16:31:59 - [MESSAGE][PASSED] - Delayed 2 second(s)

2021-02-22 16:32:00 - [MESSAGE][PASSED] - Object: 'Object Repository/ProAcc_Consultant/ProgressMonitor/edit' is clicked on

2021-02-22 16:32:02 - [MESSAGE][PASSED] - Delayed 2 second(s)

2021-02-22 16:32:05 - [MESSAGE][PASSED] - Delayed 3 second(s)

2021-02-22 16:32:06 - [MESSAGE][PASSED] - Delayed 1 second(s)

2021-02-22 16:32:07 - [MESSAGE][PASSED] - Delayed 1 second(s)

2021-02-22 16:32:08 - [MESSAGE][PASSED] - Delayed 1 second(s)

2021-02-22 16:32:10 - [MESSAGE][PASSED] - Delayed 1 second(s)

2021-02-22 16:32:13 - [MESSAGE][PASSED] - Delayed 3 second(s)

2021-02-22 16:32:15 - [MESSAGE][PASSED] - Delayed 2 second(s)

2021-02-22 16:32:16 - [MESSAGE][WARNING] - A browser is already opened. Closing browser and opening a new one

2021-02-22 16:32:17 - [MESSAGE][INFO] - Starting 'Chrome' driver

2021-02-22 16:32:17 - [MESSAGE][INFO] - Action delay is set to 0 milliseconds

2021-02-22 16:32:19 - [MESSAGE][PASSED] - Browser is opened with url: ''

2021-02-22 16:32:19 - [MESSAGE][PASSED] - Current window maximized

2021-02-22 16:32:20 - [MESSAGE][PASSED] - Navigate to 'http://123.176.34.15:4041/ProAcc2QA' successfully

2021-02-22 16:32:21 - [MESSAGE][PASSED] - Text 'Akhil' is set on object 'Object Repository/ProAcc_Login/input_User Name_Username'

2021-02-22 16:32:21 - [MESSAGE][PASSED] - Text 'a12345@' is set on object 'Object Repository/ProAcc_Login/input_Password_Password'

2021-02-22 16:32:24 - [MESSAGE][PASSED] - Object: 'Object Repository/ProAcc_Login/button_Sign In' is clicked on

2021-02-22 16:32:26 - [MESSAGE][PASSED] - Delayed 2 second(s)

2021-02-22 16:32:26 - [MESSAGE][PASSED] - Text of object '' is: 'Consultant'

2021-02-22 16:32:28 - [MESSAGE][PASSED] - Object: '' is clicked on

2021-02-22 16:32:29 - [MESSAGE][PASSED] - Object: 'Object Repository/ProAcc_Consultant/ProgressMonitor/report_Btn' is clicked on

2021-02-22 16:32:30 - [MESSAGE][PASSED] - All options with label 'Post Conversion' are selected in object 'Object Repository/ProAcc_Pm/ProAcc_ResourceAllocation/PhaseName'  using regular expression

2021-02-22 16:32:32 - [MESSAGE][PASSED] - Delayed 2 second(s)

2021-02-22 16:32:32 - [MESSAGE][PASSED] - Text of object '' is: 'Consultant'

2021-02-22 16:32:34 - [MESSAGE][PASSED] - All options with label 'Cipla Industries' are selected in object 'Object Repository/ProAcc_Consultant/ProgressMonitor/Select_Customer'  using regular expression

2021-02-22 16:32:35 - [MESSAGE][PASSED] - All options with label 'TestProject' are selected in object 'Object Repository/ProAcc_Consultant/ProgressMonitor/Select_Project'  using regular expression

2021-02-22 16:32:36 - [MESSAGE][PASSED] - All options with label 'TP1' are selected in object 'Object Repository/ProAcc_Consultant/ProgressMonitor/Select_Instance'  using regular expression

2021-02-22 16:32:38 - [MESSAGE][PASSED] - Delayed 2 second(s)

2021-02-22 16:32:38 - [MESSAGE][PASSED] - Object: 'Object Repository/ProAcc_Consultant/ProgressMonitor/edit' is clicked on

2021-02-22 16:32:40 - [MESSAGE][PASSED] - Delayed 2 second(s)

2021-02-22 16:32:43 - [MESSAGE][PASSED] - Delayed 3 second(s)

2021-02-22 16:32:44 - [MESSAGE][PASSED] - Delayed 1 second(s)

2021-02-22 16:32:45 - [MESSAGE][PASSED] - Delayed 1 second(s)

2021-02-22 16:32:46 - [MESSAGE][PASSED] - Delayed 1 second(s)

2021-02-22 16:32:48 - [MESSAGE][PASSED] - Delayed 1 second(s)

2021-02-22 16:32:51 - [MESSAGE][PASSED] - Delayed 3 second(s)

2021-02-22 16:32:53 - [MESSAGE][PASSED] - Delayed 2 second(s)

2021-02-22 16:32:54 - [MESSAGE][WARNING] - A browser is already opened. Closing browser and opening a new one

2021-02-22 16:32:55 - [MESSAGE][INFO] - Starting 'Chrome' driver

2021-02-22 16:32:55 - [MESSAGE][INFO] - Action delay is set to 0 milliseconds

2021-02-22 16:32:58 - [MESSAGE][PASSED] - Browser is opened with url: ''

2021-02-22 16:32:58 - [MESSAGE][PASSED] - Current window maximized

2021-02-22 16:32:58 - [MESSAGE][PASSED] - Navigate to 'http://123.176.34.15:4041/ProAcc2QA' successfully

2021-02-22 16:32:59 - [MESSAGE][PASSED] - Text 'Akhil' is set on object 'Object Repository/ProAcc_Login/input_User Name_Username'

2021-02-22 16:33:00 - [MESSAGE][PASSED] - Text 'a12345@' is set on object 'Object Repository/ProAcc_Login/input_Password_Password'

2021-02-22 16:33:03 - [MESSAGE][PASSED] - Object: 'Object Repository/ProAcc_Login/button_Sign In' is clicked on

2021-02-22 16:33:05 - [MESSAGE][PASSED] - Delayed 2 second(s)

2021-02-22 16:33:05 - [MESSAGE][PASSED] - Text of object '' is: 'Consultant'

2021-02-22 16:33:07 - [MESSAGE][PASSED] - Object: '' is clicked on

2021-02-22 16:33:08 - [MESSAGE][PASSED] - Object: 'Object Repository/ProAcc_Consultant/ProgressMonitor/report_Btn' is clicked on

2021-02-22 16:33:09 - [MESSAGE][PASSED] - All options with label 'Post Conversion' are selected in object 'Object Repository/ProAcc_Pm/ProAcc_ResourceAllocation/PhaseName'  using regular expression

2021-02-22 16:33:11 - [MESSAGE][PASSED] - Delayed 2 second(s)

2021-02-22 16:33:11 - [MESSAGE][PASSED] - Text of object '' is: 'Consultant'

2021-02-22 16:33:12 - [MESSAGE][PASSED] - All options with label 'Cipla Industries' are selected in object 'Object Repository/ProAcc_Consultant/ProgressMonitor/Select_Customer'  using regular expression

2021-02-22 16:33:14 - [MESSAGE][PASSED] - All options with label 'TestProject' are selected in object 'Object Repository/ProAcc_Consultant/ProgressMonitor/Select_Project'  using regular expression

2021-02-22 16:33:15 - [MESSAGE][PASSED] - All options with label 'TP1' are selected in object 'Object Repository/ProAcc_Consultant/ProgressMonitor/Select_Instance'  using regular expression

2021-02-22 16:33:17 - [MESSAGE][PASSED] - Delayed 2 second(s)

2021-02-22 16:33:17 - [MESSAGE][PASSED] - Object: 'Object Repository/ProAcc_Consultant/ProgressMonitor/edit' is clicked on

2021-02-22 16:33:19 - [MESSAGE][PASSED] - Delayed 2 second(s)

2021-02-22 16:33:22 - [MESSAGE][PASSED] - Delayed 3 second(s)

2021-02-22 16:33:23 - [MESSAGE][PASSED] - Delayed 1 second(s)

2021-02-22 16:33:24 - [MESSAGE][PASSED] - Delayed 1 second(s)

2021-02-22 16:33:25 - [MESSAGE][PASSED] - Delayed 1 second(s)

2021-02-22 16:33:27 - [MESSAGE][PASSED] - Delayed 1 second(s)

2021-02-22 16:33:30 - [MESSAGE][PASSED] - Delayed 3 second(s)

2021-02-22 16:33:32 - [MESSAGE][PASSED] - Delayed 2 second(s)

2021-02-22 16:33:33 - [MESSAGE][WARNING] - A browser is already opened. Closing browser and opening a new one

2021-02-22 16:33:34 - [MESSAGE][INFO] - Starting 'Chrome' driver

2021-02-22 16:33:34 - [MESSAGE][INFO] - Action delay is set to 0 milliseconds

2021-02-22 16:33:36 - [MESSAGE][PASSED] - Browser is opened with url: ''

2021-02-22 16:33:37 - [MESSAGE][PASSED] - Current window maximized

2021-02-22 16:33:37 - [MESSAGE][PASSED] - Navigate to 'http://123.176.34.15:4041/ProAcc2QA' successfully

2021-02-22 16:33:38 - [MESSAGE][PASSED] - Text 'Akhil' is set on object 'Object Repository/ProAcc_Login/input_User Name_Username'

2021-02-22 16:33:39 - [MESSAGE][PASSED] - Text 'a12345@' is set on object 'Object Repository/ProAcc_Login/input_Password_Password'

2021-02-22 16:33:42 - [MESSAGE][PASSED] - Object: 'Object Repository/ProAcc_Login/button_Sign In' is clicked on

2021-02-22 16:33:44 - [MESSAGE][PASSED] - Delayed 2 second(s)

2021-02-22 16:33:44 - [MESSAGE][PASSED] - Text of object '' is: 'Consultant'

2021-02-22 16:33:46 - [MESSAGE][PASSED] - Object: '' is clicked on

2021-02-22 16:33:46 - [MESSAGE][PASSED] - Object: 'Object Repository/ProAcc_Consultant/ProgressMonitor/report_Btn' is clicked on

2021-02-22 16:33:48 - [MESSAGE][PASSED] - All options with label 'Post Conversion' are selected in object 'Object Repository/ProAcc_Pm/ProAcc_ResourceAllocation/PhaseName'  using regular expression

2021-02-22 16:33:50 - [MESSAGE][PASSED] - Delayed 2 second(s)

2021-02-22 16:33:50 - [MESSAGE][PASSED] - Text of object '' is: 'Consultant'

2021-02-22 16:33:51 - [MESSAGE][PASSED] - All options with label 'Cipla Industries' are selected in object 'Object Repository/ProAcc_Consultant/ProgressMonitor/Select_Customer'  using regular expression

2021-02-22 16:33:52 - [MESSAGE][PASSED] - All options with label 'TestProject' are selected in object 'Object Repository/ProAcc_Consultant/ProgressMonitor/Select_Project'  using regular expression

2021-02-22 16:33:53 - [MESSAGE][PASSED] - All options with label 'TP1' are selected in object 'Object Repository/ProAcc_Consultant/ProgressMonitor/Select_Instance'  using regular expression

2021-02-22 16:33:55 - [MESSAGE][PASSED] - Delayed 2 second(s)

2021-02-22 16:33:56 - [MESSAGE][PASSED] - Object: 'Object Repository/ProAcc_Consultant/ProgressMonitor/edit' is clicked on

2021-02-22 16:33:58 - [MESSAGE][PASSED] - Delayed 2 second(s)

2021-02-22 16:34:01 - [MESSAGE][PASSED] - Delayed 3 second(s)

2021-02-22 16:34:02 - [MESSAGE][PASSED] - Delayed 1 second(s)

2021-02-22 16:34:03 - [MESSAGE][PASSED] - Delayed 1 second(s)

2021-02-22 16:34:04 - [MESSAGE][PASSED] - Delayed 1 second(s)

2021-02-22 16:34:05 - [MESSAGE][PASSED] - Delayed 1 second(s)

2021-02-22 16:34:09 - [MESSAGE][PASSED] - Delayed 3 second(s)

2021-02-22 16:34:11 - [MESSAGE][PASSED] - Delayed 2 second(s)

2021-02-22 16:34:12 - [MESSAGE][WARNING] - A browser is already opened. Closing browser and opening a new one

2021-02-22 16:34:13 - [MESSAGE][INFO] - Starting 'Chrome' driver

2021-02-22 16:34:13 - [MESSAGE][INFO] - Action delay is set to 0 milliseconds

2021-02-22 16:34:15 - [MESSAGE][PASSED] - Browser is opened with url: ''

2021-02-22 16:34:15 - [MESSAGE][PASSED] - Current window maximized

2021-02-22 16:34:16 - [MESSAGE][PASSED] - Navigate to 'http://123.176.34.15:4041/ProAcc2QA' successfully

2021-02-22 16:34:16 - [MESSAGE][PASSED] - Text 'Akhil' is set on object 'Object Repository/ProAcc_Login/input_User Name_Username'

2021-02-22 16:34:17 - [MESSAGE][PASSED] - Text 'a12345@' is set on object 'Object Repository/ProAcc_Login/input_Password_Password'

2021-02-22 16:34:20 - [MESSAGE][PASSED] - Object: 'Object Repository/ProAcc_Login/button_Sign In' is clicked on

2021-02-22 16:34:22 - [MESSAGE][PASSED] - Delayed 2 second(s)

2021-02-22 16:34:23 - [MESSAGE][PASSED] - Text of object '' is: 'Consultant'

2021-02-22 16:34:24 - [MESSAGE][PASSED] - Object: '' is clicked on

2021-02-22 16:34:25 - [MESSAGE][PASSED] - Object: 'Object Repository/ProAcc_Consultant/ProgressMonitor/report_Btn' is clicked on

2021-02-22 16:34:26 - [MESSAGE][PASSED] - All options with label 'Post Conversion' are selected in object 'Object Repository/ProAcc_Pm/ProAcc_ResourceAllocation/PhaseName'  using regular expression

2021-02-22 16:34:28 - [MESSAGE][PASSED] - Delayed 2 second(s)

2021-02-22 16:34:28 - [MESSAGE][PASSED] - Text of object '' is: 'Consultant'

2021-02-22 16:34:29 - [MESSAGE][PASSED] - All options with label 'Cipla Industries' are selected in object 'Object Repository/ProAcc_Consultant/ProgressMonitor/Select_Customer'  using regular expression

2021-02-22 16:34:31 - [MESSAGE][PASSED] - All options with label 'TestProject' are selected in object 'Object Repository/ProAcc_Consultant/ProgressMonitor/Select_Project'  using regular expression

2021-02-22 16:34:32 - [MESSAGE][PASSED] - All options with label 'TP1' are selected in object 'Object Repository/ProAcc_Consultant/ProgressMonitor/Select_Instance'  using regular expression

2021-02-22 16:34:34 - [MESSAGE][PASSED] - Delayed 2 second(s)

2021-02-22 16:34:34 - [MESSAGE][PASSED] - Object: 'Object Repository/ProAcc_Consultant/ProgressMonitor/edit' is clicked on

2021-02-22 16:34:36 - [MESSAGE][PASSED] - Delayed 2 second(s)

2021-02-22 16:34:39 - [MESSAGE][PASSED] - Delayed 3 second(s)

2021-02-22 16:34:40 - [MESSAGE][PASSED] - Delayed 1 second(s)

2021-02-22 16:34:41 - [MESSAGE][PASSED] - Delayed 1 second(s)

2021-02-22 16:34:42 - [MESSAGE][PASSED] - Delayed 1 second(s)

2021-02-22 16:34:44 - [MESSAGE][PASSED] - Delayed 1 second(s)

2021-02-22 16:34:47 - [MESSAGE][PASSED] - Delayed 3 second(s)

2021-02-22 16:34:49 - [MESSAGE][PASSED] - Delayed 2 second(s)

2021-02-22 16:34:50 - [MESSAGE][WARNING] - A browser is already opened. Closing browser and opening a new one

2021-02-22 16:34:51 - [MESSAGE][INFO] - Starting 'Chrome' driver

2021-02-22 16:34:51 - [MESSAGE][INFO] - Action delay is set to 0 milliseconds

2021-02-22 16:34:53 - [MESSAGE][PASSED] - Browser is opened with url: ''

2021-02-22 16:34:53 - [MESSAGE][PASSED] - Current window maximized

2021-02-22 16:34:54 - [MESSAGE][PASSED] - Navigate to 'http://123.176.34.15:4041/ProAcc2QA' successfully

2021-02-22 16:34:55 - [MESSAGE][PASSED] - Text 'Akhil' is set on object 'Object Repository/ProAcc_Login/input_User Name_Username'

2021-02-22 16:34:56 - [MESSAGE][PASSED] - Text 'a12345@' is set on object 'Object Repository/ProAcc_Login/input_Password_Password'

2021-02-22 16:34:58 - [MESSAGE][PASSED] - Object: 'Object Repository/ProAcc_Login/button_Sign In' is clicked on

2021-02-22 16:35:00 - [MESSAGE][PASSED] - Delayed 2 second(s)

2021-02-22 16:35:00 - [MESSAGE][PASSED] - Text of object '' is: 'Consultant'

2021-02-22 16:35:02 - [MESSAGE][PASSED] - Object: '' is clicked on

2021-02-22 16:35:03 - [MESSAGE][PASSED] - Object: 'Object Repository/ProAcc_Consultant/ProgressMonitor/report_Btn' is clicked on

2021-02-22 16:35:04 - [MESSAGE][PASSED] - All options with label 'Post Conversion' are selected in object 'Object Repository/ProAcc_Pm/ProAcc_ResourceAllocation/PhaseName'  using regular expression

2021-02-22 16:35:06 - [MESSAGE][PASSED] - Delayed 2 second(s)

2021-02-22 16:35:06 - [MESSAGE][PASSED] - Text of object '' is: 'Consultant'

2021-02-22 16:35:07 - [MESSAGE][PASSED] - All options with label 'Cipla Industries' are selected in object 'Object Repository/ProAcc_Consultant/ProgressMonitor/Select_Customer'  using regular expression

2021-02-22 16:35:08 - [MESSAGE][PASSED] - All options with label 'TestProject' are selected in object 'Object Repository/ProAcc_Consultant/ProgressMonitor/Select_Project'  using regular expression

2021-02-22 16:35:10 - [MESSAGE][PASSED] - All options with label 'TP1' are selected in object 'Object Repository/ProAcc_Consultant/ProgressMonitor/Select_Instance'  using regular expression

2021-02-22 16:35:12 - [MESSAGE][PASSED] - Delayed 2 second(s)

2021-02-22 16:35:12 - [MESSAGE][PASSED] - Object: 'Object Repository/ProAcc_Consultant/ProgressMonitor/edit' is clicked on

2021-02-22 16:35:14 - [MESSAGE][PASSED] - Delayed 2 second(s)

2021-02-22 16:35:17 - [MESSAGE][PASSED] - Delayed 3 second(s)

2021-02-22 16:35:18 - [MESSAGE][PASSED] - Delayed 1 second(s)

2021-02-22 16:35:19 - [MESSAGE][PASSED] - Delayed 1 second(s)

2021-02-22 16:35:20 - [MESSAGE][PASSED] - Delayed 1 second(s)

2021-02-22 16:35:22 - [MESSAGE][PASSED] - Delayed 1 second(s)

2021-02-22 16:35:25 - [MESSAGE][PASSED] - Delayed 3 second(s)

2021-02-22 16:35:27 - [MESSAGE][PASSED] - Delayed 2 second(s)

2021-02-22 16:35:28 - [MESSAGE][WARNING] - A browser is already opened. Closing browser and opening a new one

2021-02-22 16:35:29 - [MESSAGE][INFO] - Starting 'Chrome' driver

2021-02-22 16:35:29 - [MESSAGE][INFO] - Action delay is set to 0 milliseconds

2021-02-22 16:35:31 - [MESSAGE][PASSED] - Browser is opened with url: ''

2021-02-22 16:35:31 - [MESSAGE][PASSED] - Current window maximized

2021-02-22 16:35:32 - [MESSAGE][PASSED] - Navigate to 'http://123.176.34.15:4041/ProAcc2QA' successfully

2021-02-22 16:35:33 - [MESSAGE][PASSED] - Text 'Akhil' is set on object 'Object Repository/ProAcc_Login/input_User Name_Username'

2021-02-22 16:35:34 - [MESSAGE][PASSED] - Text 'a12345@' is set on object 'Object Repository/ProAcc_Login/input_Password_Password'

2021-02-22 16:35:36 - [MESSAGE][PASSED] - Object: 'Object Repository/ProAcc_Login/button_Sign In' is clicked on

2021-02-22 16:35:38 - [MESSAGE][PASSED] - Delayed 2 second(s)

2021-02-22 16:35:39 - [MESSAGE][PASSED] - Text of object '' is: 'Consultant'

2021-02-22 16:35:41 - [MESSAGE][PASSED] - Object: '' is clicked on

2021-02-22 16:35:41 - [MESSAGE][PASSED] - Object: 'Object Repository/ProAcc_Consultant/ProgressMonitor/report_Btn' is clicked on

2021-02-22 16:35:42 - [MESSAGE][PASSED] - All options with label 'Post Conversion' are selected in object 'Object Repository/ProAcc_Pm/ProAcc_ResourceAllocation/PhaseName'  using regular expression

2021-02-22 16:35:44 - [MESSAGE][PASSED] - Delayed 2 second(s)

2021-02-22 16:35:45 - [MESSAGE][PASSED] - Text of object '' is: 'Consultant'

2021-02-22 16:35:46 - [MESSAGE][PASSED] - All options with label 'Cipla Industries' are selected in object 'Object Repository/ProAcc_Consultant/ProgressMonitor/Select_Customer'  using regular expression

2021-02-22 16:35:47 - [MESSAGE][PASSED] - All options with label 'TestProject' are selected in object 'Object Repository/ProAcc_Consultant/ProgressMonitor/Select_Project'  using regular expression

2021-02-22 16:35:48 - [MESSAGE][PASSED] - All options with label 'TP1' are selected in object 'Object Repository/ProAcc_Consultant/ProgressMonitor/Select_Instance'  using regular expression

2021-02-22 16:35:50 - [MESSAGE][PASSED] - Delayed 2 second(s)

2021-02-22 16:35:50 - [MESSAGE][PASSED] - Object: 'Object Repository/ProAcc_Consultant/ProgressMonitor/edit' is clicked on

2021-02-22 16:35:52 - [MESSAGE][PASSED] - Delayed 2 second(s)

2021-02-22 16:35:55 - [MESSAGE][PASSED] - Delayed 3 second(s)

2021-02-22 16:35:56 - [MESSAGE][PASSED] - Delayed 1 second(s)

2021-02-22 16:35:58 - [MESSAGE][PASSED] - Delayed 1 second(s)

2021-02-22 16:35:59 - [MESSAGE][PASSED] - Delayed 1 second(s)

2021-02-22 16:36:00 - [MESSAGE][PASSED] - Delayed 1 second(s)

2021-02-22 16:36:03 - [MESSAGE][PASSED] - Delayed 3 second(s)

2021-02-22 16:36:05 - [MESSAGE][PASSED] - Delayed 2 second(s)

2021-02-22 16:36:07 - [MESSAGE][WARNING] - A browser is already opened. Closing browser and opening a new one

2021-02-22 16:36:07 - [MESSAGE][INFO] - Starting 'Chrome' driver

2021-02-22 16:36:07 - [MESSAGE][INFO] - Action delay is set to 0 milliseconds

2021-02-22 16:36:10 - [MESSAGE][PASSED] - Browser is opened with url: ''

2021-02-22 16:36:10 - [MESSAGE][PASSED] - Current window maximized

2021-02-22 16:36:10 - [MESSAGE][PASSED] - Navigate to 'http://123.176.34.15:4041/ProAcc2QA' successfully

2021-02-22 16:36:11 - [MESSAGE][PASSED] - Text 'Akhil' is set on object 'Object Repository/ProAcc_Login/input_User Name_Username'

2021-02-22 16:36:12 - [MESSAGE][PASSED] - Text 'a12345@' is set on object 'Object Repository/ProAcc_Login/input_Password_Password'

2021-02-22 16:36:15 - [MESSAGE][PASSED] - Object: 'Object Repository/ProAcc_Login/button_Sign In' is clicked on

2021-02-22 16:36:17 - [MESSAGE][PASSED] - Delayed 2 second(s)

2021-02-22 16:36:17 - [MESSAGE][PASSED] - Text of object '' is: 'Consultant'

2021-02-22 16:36:19 - [MESSAGE][PASSED] - Object: '' is clicked on

2021-02-22 16:36:19 - [MESSAGE][PASSED] - Object: 'Object Repository/ProAcc_Consultant/ProgressMonitor/report_Btn' is clicked on

2021-02-22 16:36:21 - [MESSAGE][PASSED] - All options with label 'Post Conversion' are selected in object 'Object Repository/ProAcc_Pm/ProAcc_ResourceAllocation/PhaseName'  using regular expression

2021-02-22 16:36:23 - [MESSAGE][PASSED] - Delayed 2 second(s)

2021-02-22 16:36:23 - [MESSAGE][PASSED] - Text of object '' is: 'Consultant'

2021-02-22 16:36:24 - [MESSAGE][PASSED] - All options with label 'Cipla Industries' are selected in object 'Object Repository/ProAcc_Consultant/ProgressMonitor/Select_Customer'  using regular expression

2021-02-22 16:36:25 - [MESSAGE][PASSED] - All options with label 'TestProject' are selected in object 'Object Repository/ProAcc_Consultant/ProgressMonitor/Select_Project'  using regular expression

2021-02-22 16:36:26 - [MESSAGE][PASSED] - All options with label 'TP1' are selected in object 'Object Repository/ProAcc_Consultant/ProgressMonitor/Select_Instance'  using regular expression

2021-02-22 16:36:28 - [MESSAGE][PASSED] - Delayed 2 second(s)

2021-02-22 16:36:29 - [MESSAGE][PASSED] - Object: 'Object Repository/ProAcc_Consultant/ProgressMonitor/edit' is clicked on

2021-02-22 16:36:31 - [MESSAGE][PASSED] - Delayed 2 second(s)

2021-02-22 16:36:34 - [MESSAGE][PASSED] - Delayed 3 second(s)

2021-02-22 16:36:35 - [MESSAGE][PASSED] - Delayed 1 second(s)

2021-02-22 16:36:36 - [MESSAGE][PASSED] - Delayed 1 second(s)

2021-02-22 16:36:37 - [MESSAGE][PASSED] - Delayed 1 second(s)

2021-02-22 16:36:38 - [MESSAGE][PASSED] - Delayed 1 second(s)

2021-02-22 16:36:42 - [MESSAGE][PASSED] - Delayed 3 second(s)

2021-02-22 16:36:44 - [MESSAGE][PASSED] - Delayed 2 second(s)

2021-02-22 16:36:45 - [MESSAGE][WARNING] - A browser is already opened. Closing browser and opening a new one

2021-02-22 16:36:46 - [MESSAGE][INFO] - Starting 'Chrome' driver

2021-02-22 16:36:46 - [MESSAGE][INFO] - Action delay is set to 0 milliseconds

2021-02-22 16:36:48 - [MESSAGE][PASSED] - Browser is opened with url: ''

2021-02-22 16:36:48 - [MESSAGE][PASSED] - Current window maximized

2021-02-22 16:36:49 - [MESSAGE][PASSED] - Navigate to 'http://123.176.34.15:4041/ProAcc2QA' successfully

2021-02-22 16:36:49 - [MESSAGE][PASSED] - Text 'Akhil' is set on object 'Object Repository/ProAcc_Login/input_User Name_Username'

2021-02-22 16:36:50 - [MESSAGE][PASSED] - Text 'a12345@' is set on object 'Object Repository/ProAcc_Login/input_Password_Password'

2021-02-22 16:36:53 - [MESSAGE][PASSED] - Object: 'Object Repository/ProAcc_Login/button_Sign In' is clicked on

2021-02-22 16:36:55 - [MESSAGE][PASSED] - Delayed 2 second(s)

2021-02-22 16:36:55 - [MESSAGE][PASSED] - Text of object '' is: 'Consultant'

2021-02-22 16:36:57 - [MESSAGE][PASSED] - Object: '' is clicked on

2021-02-22 16:36:57 - [MESSAGE][PASSED] - Object: 'Object Repository/ProAcc_Consultant/ProgressMonitor/report_Btn' is clicked on

2021-02-22 16:36:59 - [MESSAGE][PASSED] - All options with label 'Post Conversion' are selected in object 'Object Repository/ProAcc_Pm/ProAcc_ResourceAllocation/PhaseName'  using regular expression

2021-02-22 16:37:01 - [MESSAGE][PASSED] - Delayed 2 second(s)

2021-02-22 16:37:01 - [MESSAGE][PASSED] - Text of object '' is: 'Consultant'

2021-02-22 16:37:02 - [MESSAGE][PASSED] - All options with label 'Cipla Industries' are selected in object 'Object Repository/ProAcc_Consultant/ProgressMonitor/Select_Customer'  using regular expression

2021-02-22 16:37:03 - [MESSAGE][PASSED] - All options with label 'TestProject' are selected in object 'Object Repository/ProAcc_Consultant/ProgressMonitor/Select_Project'  using regular expression

2021-02-22 16:37:04 - [MESSAGE][PASSED] - All options with label 'TP1' are selected in object 'Object Repository/ProAcc_Consultant/ProgressMonitor/Select_Instance'  using regular expression

2021-02-22 16:37:06 - [MESSAGE][PASSED] - Delayed 2 second(s)

2021-02-22 16:37:07 - [MESSAGE][PASSED] - Object: 'Object Repository/ProAcc_Consultant/ProgressMonitor/edit' is clicked on

2021-02-22 16:37:09 - [MESSAGE][PASSED] - Delayed 2 second(s)

2021-02-22 16:37:12 - [MESSAGE][PASSED] - Delayed 3 second(s)

2021-02-22 16:37:13 - [MESSAGE][PASSED] - Delayed 1 second(s)

2021-02-22 16:37:14 - [MESSAGE][PASSED] - Delayed 1 second(s)

2021-02-22 16:37:15 - [MESSAGE][PASSED] - Delayed 1 second(s)

2021-02-22 16:37:16 - [MESSAGE][PASSED] - Delayed 1 second(s)

2021-02-22 16:37:20 - [MESSAGE][PASSED] - Delayed 3 second(s)

2021-02-22 16:37:22 - [MESSAGE][PASSED] - Delayed 2 second(s)

2021-02-22 16:37:23 - [MESSAGE][WARNING] - A browser is already opened. Closing browser and opening a new one

2021-02-22 16:37:24 - [MESSAGE][INFO] - Starting 'Chrome' driver

2021-02-22 16:37:24 - [MESSAGE][INFO] - Action delay is set to 0 milliseconds

2021-02-22 16:37:26 - [MESSAGE][PASSED] - Browser is opened with url: ''

2021-02-22 16:37:26 - [MESSAGE][PASSED] - Current window maximized

2021-02-22 16:37:27 - [MESSAGE][PASSED] - Navigate to 'http://123.176.34.15:4041/ProAcc2QA' successfully

2021-02-22 16:37:28 - [MESSAGE][PASSED] - Text 'Akhil' is set on object 'Object Repository/ProAcc_Login/input_User Name_Username'

2021-02-22 16:37:29 - [MESSAGE][PASSED] - Text 'a12345@' is set on object 'Object Repository/ProAcc_Login/input_Password_Password'

2021-02-22 16:37:31 - [MESSAGE][PASSED] - Object: 'Object Repository/ProAcc_Login/button_Sign In' is clicked on

2021-02-22 16:37:33 - [MESSAGE][PASSED] - Delayed 2 second(s)

2021-02-22 16:37:34 - [MESSAGE][PASSED] - Text of object '' is: 'Consultant'

2021-02-22 16:37:35 - [MESSAGE][PASSED] - Object: '' is clicked on

2021-02-22 16:37:36 - [MESSAGE][PASSED] - Object: 'Object Repository/ProAcc_Consultant/ProgressMonitor/report_Btn' is clicked on

2021-02-22 16:37:37 - [MESSAGE][PASSED] - All options with label 'Post Conversion' are selected in object 'Object Repository/ProAcc_Pm/ProAcc_ResourceAllocation/PhaseName'  using regular expression

2021-02-22 16:37:39 - [MESSAGE][PASSED] - Delayed 2 second(s)

2021-02-22 16:37:39 - [MESSAGE][PASSED] - Text of object '' is: 'Consultant'

2021-02-22 16:37:40 - [MESSAGE][PASSED] - All options with label 'Cipla Industries' are selected in object 'Object Repository/ProAcc_Consultant/ProgressMonitor/Select_Customer'  using regular expression

2021-02-22 16:37:42 - [MESSAGE][PASSED] - All options with label 'TestProject' are selected in object 'Object Repository/ProAcc_Consultant/ProgressMonitor/Select_Project'  using regular expression

2021-02-22 16:37:43 - [MESSAGE][PASSED] - All options with label 'TP1' are selected in object 'Object Repository/ProAcc_Consultant/ProgressMonitor/Select_Instance'  using regular expression

2021-02-22 16:37:45 - [MESSAGE][PASSED] - Delayed 2 second(s)

2021-02-22 16:37:45 - [MESSAGE][PASSED] - Object: 'Object Repository/ProAcc_Consultant/ProgressMonitor/edit' is clicked on

2021-02-22 16:37:47 - [MESSAGE][PASSED] - Delayed 2 second(s)

2021-02-22 16:37:50 - [MESSAGE][PASSED] - Delayed 3 second(s)

2021-02-22 16:37:51 - [MESSAGE][PASSED] - Delayed 1 second(s)

2021-02-22 16:37:52 - [MESSAGE][PASSED] - Delayed 1 second(s)

2021-02-22 16:37:53 - [MESSAGE][PASSED] - Delayed 1 second(s)

2021-02-22 16:37:55 - [MESSAGE][PASSED] - Delayed 1 second(s)

2021-02-22 16:37:58 - [MESSAGE][PASSED] - Delayed 3 second(s)

2021-02-22 16:38:00 - [MESSAGE][PASSED] - Delayed 2 second(s)

2021-02-22 16:38:01 - [MESSAGE][WARNING] - A browser is already opened. Closing browser and opening a new one

2021-02-22 16:38:02 - [MESSAGE][INFO] - Starting 'Chrome' driver

2021-02-22 16:38:02 - [MESSAGE][INFO] - Action delay is set to 0 milliseconds

2021-02-22 16:38:05 - [MESSAGE][PASSED] - Browser is opened with url: ''

2021-02-22 16:38:05 - [MESSAGE][PASSED] - Current window maximized

2021-02-22 16:38:05 - [MESSAGE][PASSED] - Navigate to 'http://123.176.34.15:4041/ProAcc2QA' successfully

2021-02-22 16:38:06 - [MESSAGE][PASSED] - Text 'Akhil' is set on object 'Object Repository/ProAcc_Login/input_User Name_Username'

2021-02-22 16:38:07 - [MESSAGE][PASSED] - Text 'a12345@' is set on object 'Object Repository/ProAcc_Login/input_Password_Password'

2021-02-22 16:38:10 - [MESSAGE][PASSED] - Object: 'Object Repository/ProAcc_Login/button_Sign In' is clicked on

2021-02-22 16:38:12 - [MESSAGE][PASSED] - Delayed 2 second(s)

2021-02-22 16:38:12 - [MESSAGE][PASSED] - Text of object '' is: 'Consultant'

2021-02-22 16:38:14 - [MESSAGE][PASSED] - Object: '' is clicked on

2021-02-22 16:38:15 - [MESSAGE][PASSED] - Object: 'Object Repository/ProAcc_Consultant/ProgressMonitor/report_Btn' is clicked on

2021-02-22 16:38:16 - [MESSAGE][PASSED] - All options with label 'Post Conversion' are selected in object 'Object Repository/ProAcc_Pm/ProAcc_ResourceAllocation/PhaseName'  using regular expression

2021-02-22 16:38:18 - [MESSAGE][PASSED] - Delayed 2 second(s)

2021-02-22 16:38:18 - [MESSAGE][PASSED] - Text of object '' is: 'Consultant'

2021-02-22 16:38:20 - [MESSAGE][PASSED] - All options with label 'Cipla Industries' are selected in object 'Object Repository/ProAcc_Consultant/ProgressMonitor/Select_Customer'  using regular expression

2021-02-22 16:38:21 - [MESSAGE][PASSED] - All options with label 'TestProject' are selected in object 'Object Repository/ProAcc_Consultant/ProgressMonitor/Select_Project'  using regular expression

2021-02-22 16:38:22 - [MESSAGE][PASSED] - All options with label 'TP1' are selected in object 'Object Repository/ProAcc_Consultant/ProgressMonitor/Select_Instance'  using regular expression

2021-02-22 16:38:24 - [MESSAGE][PASSED] - Delayed 2 second(s)

2021-02-22 16:38:24 - [MESSAGE][PASSED] - Object: 'Object Repository/ProAcc_Consultant/ProgressMonitor/edit' is clicked on

2021-02-22 16:38:26 - [MESSAGE][PASSED] - Delayed 2 second(s)

2021-02-22 16:38:29 - [MESSAGE][PASSED] - Delayed 3 second(s)

2021-02-22 16:38:30 - [MESSAGE][PASSED] - Delayed 1 second(s)

2021-02-22 16:38:31 - [MESSAGE][PASSED] - Delayed 1 second(s)

2021-02-22 16:38:32 - [MESSAGE][PASSED] - Delayed 1 second(s)

2021-02-22 16:38:34 - [MESSAGE][PASSED] - Delayed 1 second(s)

2021-02-22 16:38:37 - [MESSAGE][PASSED] - Delayed 3 second(s)

2021-02-22 16:38:39 - [MESSAGE][PASSED] - Delayed 2 second(s)

2021-02-22 16:38:40 - [MESSAGE][WARNING] - A browser is already opened. Closing browser and opening a new one

2021-02-22 16:38:41 - [MESSAGE][INFO] - Starting 'Chrome' driver

2021-02-22 16:38:41 - [MESSAGE][INFO] - Action delay is set to 0 milliseconds

2021-02-22 16:38:44 - [MESSAGE][PASSED] - Browser is opened with url: ''

2021-02-22 16:38:44 - [MESSAGE][PASSED] - Current window maximized

2021-02-22 16:38:44 - [MESSAGE][PASSED] - Navigate to 'http://123.176.34.15:4041/ProAcc2QA' successfully

2021-02-22 16:38:45 - [MESSAGE][PASSED] - Text 'Akhil' is set on object 'Object Repository/ProAcc_Login/input_User Name_Username'

2021-02-22 16:38:46 - [MESSAGE][PASSED] - Text 'a12345@' is set on object 'Object Repository/ProAcc_Login/input_Password_Password'

2021-02-22 16:38:49 - [MESSAGE][PASSED] - Object: 'Object Repository/ProAcc_Login/button_Sign In' is clicked on

2021-02-22 16:38:51 - [MESSAGE][PASSED] - Delayed 2 second(s)

2021-02-22 16:38:51 - [MESSAGE][PASSED] - Text of object '' is: 'Consultant'

2021-02-22 16:38:53 - [MESSAGE][PASSED] - Object: '' is clicked on

2021-02-22 16:38:54 - [MESSAGE][PASSED] - Object: 'Object Repository/ProAcc_Consultant/ProgressMonitor/report_Btn' is clicked on

2021-02-22 16:38:55 - [MESSAGE][PASSED] - All options with label 'Post Conversion' are selected in object 'Object Repository/ProAcc_Pm/ProAcc_ResourceAllocation/PhaseName'  using regular expression

2021-02-22 16:38:57 - [MESSAGE][PASSED] - Delayed 2 second(s)

2021-02-22 16:38:57 - [MESSAGE][PASSED] - Text of object '' is: 'Consultant'

2021-02-22 16:38:58 - [MESSAGE][PASSED] - All options with label 'Cipla Industries' are selected in object 'Object Repository/ProAcc_Consultant/ProgressMonitor/Select_Customer'  using regular expression

2021-02-22 16:38:59 - [MESSAGE][PASSED] - All options with label 'TestProject' are selected in object 'Object Repository/ProAcc_Consultant/ProgressMonitor/Select_Project'  using regular expression

2021-02-22 16:39:00 - [MESSAGE][PASSED] - All options with label 'TP1' are selected in object 'Object Repository/ProAcc_Consultant/ProgressMonitor/Select_Instance'  using regular expression

2021-02-22 16:39:02 - [MESSAGE][PASSED] - Delayed 2 second(s)

2021-02-22 16:39:03 - [MESSAGE][PASSED] - Object: 'Object Repository/ProAcc_Consultant/ProgressMonitor/edit' is clicked on

2021-02-22 16:39:05 - [MESSAGE][PASSED] - Delayed 2 second(s)

2021-02-22 16:39:08 - [MESSAGE][PASSED] - Delayed 3 second(s)

2021-02-22 16:39:09 - [MESSAGE][PASSED] - Delayed 1 second(s)

2021-02-22 16:39:10 - [MESSAGE][PASSED] - Delayed 1 second(s)

2021-02-22 16:39:11 - [MESSAGE][PASSED] - Delayed 1 second(s)

2021-02-22 16:39:12 - [MESSAGE][PASSED] - Delayed 1 second(s)

2021-02-22 16:39:16 - [MESSAGE][PASSED] - Delayed 3 second(s)

2021-02-22 16:39:18 - [MESSAGE][PASSED] - Delayed 2 second(s)

2021-02-22 16:39:19 - [MESSAGE][WARNING] - A browser is already opened. Closing browser and opening a new one

2021-02-22 16:39:20 - [MESSAGE][INFO] - Starting 'Chrome' driver

2021-02-22 16:39:20 - [MESSAGE][INFO] - Action delay is set to 0 milliseconds

2021-02-22 16:39:22 - [MESSAGE][PASSED] - Browser is opened with url: ''

2021-02-22 16:39:22 - [MESSAGE][PASSED] - Current window maximized

2021-02-22 16:39:23 - [MESSAGE][PASSED] - Navigate to 'http://123.176.34.15:4041/ProAcc2QA' successfully

2021-02-22 16:39:23 - [MESSAGE][PASSED] - Text 'Akhil' is set on object 'Object Repository/ProAcc_Login/input_User Name_Username'

2021-02-22 16:39:24 - [MESSAGE][PASSED] - Text 'a12345@' is set on object 'Object Repository/ProAcc_Login/input_Password_Password'

2021-02-22 16:39:27 - [MESSAGE][PASSED] - Object: 'Object Repository/ProAcc_Login/button_Sign In' is clicked on

2021-02-22 16:39:29 - [MESSAGE][PASSED] - Delayed 2 second(s)

2021-02-22 16:39:29 - [MESSAGE][PASSED] - Text of object '' is: 'Consultant'

2021-02-22 16:39:31 - [MESSAGE][PASSED] - Object: '' is clicked on

2021-02-22 16:39:32 - [MESSAGE][PASSED] - Object: 'Object Repository/ProAcc_Consultant/ProgressMonitor/report_Btn' is clicked on

2021-02-22 16:39:33 - [MESSAGE][PASSED] - All options with label 'Post Conversion' are selected in object 'Object Repository/ProAcc_Pm/ProAcc_ResourceAllocation/PhaseName'  using regular expression

2021-02-22 16:39:35 - [MESSAGE][PASSED] - Delayed 2 second(s)

2021-02-22 16:39:35 - [MESSAGE][PASSED] - Text of object '' is: 'Consultant'

2021-02-22 16:39:36 - [MESSAGE][PASSED] - All options with label 'Cipla Industries' are selected in object 'Object Repository/ProAcc_Consultant/ProgressMonitor/Select_Customer'  using regular expression

2021-02-22 16:39:38 - [MESSAGE][PASSED] - All options with label 'TestProject' are selected in object 'Object Repository/ProAcc_Consultant/ProgressMonitor/Select_Project'  using regular expression

2021-02-22 16:39:39 - [MESSAGE][PASSED] - All options with label 'TP1' are selected in object 'Object Repository/ProAcc_Consultant/ProgressMonitor/Select_Instance'  using regular expression

2021-02-22 16:39:41 - [MESSAGE][PASSED] - Delayed 2 second(s)

2021-02-22 16:39:41 - [MESSAGE][PASSED] - Object: 'Object Repository/ProAcc_Consultant/ProgressMonitor/edit' is clicked on

2021-02-22 16:39:43 - [MESSAGE][PASSED] - Delayed 2 second(s)

2021-02-22 16:39:46 - [MESSAGE][PASSED] - Delayed 3 second(s)

2021-02-22 16:39:47 - [MESSAGE][PASSED] - Delayed 1 second(s)

2021-02-22 16:39:48 - [MESSAGE][PASSED] - Delayed 1 second(s)

2021-02-22 16:39:49 - [MESSAGE][PASSED] - Delayed 1 second(s)

2021-02-22 16:39:51 - [MESSAGE][PASSED] - Delayed 1 second(s)

2021-02-22 16:39:54 - [MESSAGE][PASSED] - Delayed 3 second(s)

2021-02-22 16:39:56 - [MESSAGE][PASSED] - Delayed 2 second(s)

2021-02-22 16:39:57 - [MESSAGE][WARNING] - A browser is already opened. Closing browser and opening a new one

2021-02-22 16:39:58 - [MESSAGE][INFO] - Starting 'Chrome' driver

2021-02-22 16:39:58 - [MESSAGE][INFO] - Action delay is set to 0 milliseconds

2021-02-22 16:40:00 - [MESSAGE][PASSED] - Browser is opened with url: ''

2021-02-22 16:40:01 - [MESSAGE][PASSED] - Current window maximized

2021-02-22 16:40:01 - [MESSAGE][PASSED] - Navigate to 'http://123.176.34.15:4041/ProAcc2QA' successfully

2021-02-22 16:40:02 - [MESSAGE][PASSED] - Text 'Akhil' is set on object 'Object Repository/ProAcc_Login/input_User Name_Username'

2021-02-22 16:40:03 - [MESSAGE][PASSED] - Text 'a12345@' is set on object 'Object Repository/ProAcc_Login/input_Password_Password'

2021-02-22 16:40:06 - [MESSAGE][PASSED] - Object: 'Object Repository/ProAcc_Login/button_Sign In' is clicked on

2021-02-22 16:40:08 - [MESSAGE][PASSED] - Delayed 2 second(s)

2021-02-22 16:40:08 - [MESSAGE][PASSED] - Text of object '' is: 'Consultant'

2021-02-22 16:40:10 - [MESSAGE][PASSED] - Object: '' is clicked on

2021-02-22 16:40:11 - [MESSAGE][PASSED] - Object: 'Object Repository/ProAcc_Consultant/ProgressMonitor/report_Btn' is clicked on

2021-02-22 16:40:12 - [MESSAGE][PASSED] - All options with label 'Post Conversion' are selected in object 'Object Repository/ProAcc_Pm/ProAcc_ResourceAllocation/PhaseName'  using regular expression

2021-02-22 16:40:14 - [MESSAGE][PASSED] - Delayed 2 second(s)

2021-02-22 16:40:14 - [MESSAGE][PASSED] - Text of object '' is: 'Consultant'

2021-02-22 16:40:15 - [MESSAGE][PASSED] - All options with label 'Cipla Industries' are selected in object 'Object Repository/ProAcc_Consultant/ProgressMonitor/Select_Customer'  using regular expression

2021-02-22 16:40:17 - [MESSAGE][PASSED] - All options with label 'TestProject' are selected in object 'Object Repository/ProAcc_Consultant/ProgressMonitor/Select_Project'  using regular expression

2021-02-22 16:40:18 - [MESSAGE][PASSED] - All options with label 'TP1' are selected in object 'Object Repository/ProAcc_Consultant/ProgressMonitor/Select_Instance'  using regular expression

2021-02-22 16:40:20 - [MESSAGE][PASSED] - Delayed 2 second(s)

2021-02-22 16:40:20 - [MESSAGE][PASSED] - Object: 'Object Repository/ProAcc_Consultant/ProgressMonitor/edit' is clicked on

2021-02-22 16:40:22 - [MESSAGE][PASSED] - Delayed 2 second(s)

2021-02-22 16:40:25 - [MESSAGE][PASSED] - Delayed 3 second(s)

2021-02-22 16:40:26 - [MESSAGE][PASSED] - Delayed 1 second(s)

2021-02-22 16:40:27 - [MESSAGE][PASSED] - Delayed 1 second(s)

2021-02-22 16:40:28 - [MESSAGE][PASSED] - Delayed 1 second(s)

2021-02-22 16:40:30 - [MESSAGE][PASSED] - Delayed 1 second(s)

2021-02-22 16:40:33 - [MESSAGE][PASSED] - Delayed 3 second(s)

2021-02-22 16:40:35 - [MESSAGE][PASSED] - Delayed 2 second(s)

2021-02-22 16:40:36 - [MESSAGE][WARNING] - A browser is already opened. Closing browser and opening a new one

2021-02-22 16:40:37 - [MESSAGE][INFO] - Starting 'Chrome' driver

2021-02-22 16:40:37 - [MESSAGE][INFO] - Action delay is set to 0 milliseconds

2021-02-22 16:40:39 - [MESSAGE][PASSED] - Browser is opened with url: ''

2021-02-22 16:40:40 - [MESSAGE][PASSED] - Current window maximized

2021-02-22 16:40:40 - [MESSAGE][PASSED] - Navigate to 'http://123.176.34.15:4041/ProAcc2QA' successfully

2021-02-22 16:40:41 - [MESSAGE][PASSED] - Text 'Akhil' is set on object 'Object Repository/ProAcc_Login/input_User Name_Username'

2021-02-22 16:40:42 - [MESSAGE][PASSED] - Text 'a12345@' is set on object 'Object Repository/ProAcc_Login/input_Password_Password'

2021-02-22 16:40:45 - [MESSAGE][PASSED] - Object: 'Object Repository/ProAcc_Login/button_Sign In' is clicked on

2021-02-22 16:40:47 - [MESSAGE][PASSED] - Delayed 2 second(s)

2021-02-22 16:40:47 - [MESSAGE][PASSED] - Text of object '' is: 'Consultant'

2021-02-22 16:40:49 - [MESSAGE][PASSED] - Object: '' is clicked on

2021-02-22 16:40:50 - [MESSAGE][PASSED] - Object: 'Object Repository/ProAcc_Consultant/ProgressMonitor/report_Btn' is clicked on

2021-02-22 16:40:51 - [MESSAGE][PASSED] - All options with label 'Post Conversion' are selected in object 'Object Repository/ProAcc_Pm/ProAcc_ResourceAllocation/PhaseName'  using regular expression

2021-02-22 16:40:53 - [MESSAGE][PASSED] - Delayed 2 second(s)

2021-02-22 16:40:53 - [MESSAGE][PASSED] - Text of object '' is: 'Consultant'

2021-02-22 16:40:54 - [MESSAGE][PASSED] - All options with label 'Cipla Industries' are selected in object 'Object Repository/ProAcc_Consultant/ProgressMonitor/Select_Customer'  using regular expression

2021-02-22 16:40:55 - [MESSAGE][PASSED] - All options with label 'TestProject' are selected in object 'Object Repository/ProAcc_Consultant/ProgressMonitor/Select_Project'  using regular expression

2021-02-22 16:40:56 - [MESSAGE][PASSED] - All options with label 'TP1' are selected in object 'Object Repository/ProAcc_Consultant/ProgressMonitor/Select_Instance'  using regular expression

2021-02-22 16:40:58 - [MESSAGE][PASSED] - Delayed 2 second(s)

2021-02-22 16:40:59 - [MESSAGE][PASSED] - Object: 'Object Repository/ProAcc_Consultant/ProgressMonitor/edit' is clicked on

2021-02-22 16:41:01 - [MESSAGE][PASSED] - Delayed 2 second(s)

2021-02-22 16:41:04 - [MESSAGE][PASSED] - Delayed 3 second(s)

2021-02-22 16:41:05 - [MESSAGE][PASSED] - Delayed 1 second(s)

2021-02-22 16:41:06 - [MESSAGE][PASSED] - Delayed 1 second(s)

2021-02-22 16:41:07 - [MESSAGE][PASSED] - Delayed 1 second(s)

2021-02-22 16:41:08 - [MESSAGE][PASSED] - Delayed 1 second(s)

2021-02-22 16:41:12 - [MESSAGE][PASSED] - Delayed 3 second(s)

2021-02-22 16:41:14 - [MESSAGE][PASSED] - Delayed 2 second(s)

2021-02-22 16:41:15 - [MESSAGE][WARNING] - A browser is already opened. Closing browser and opening a new one

2021-02-22 16:41:16 - [MESSAGE][INFO] - Starting 'Chrome' driver

2021-02-22 16:41:16 - [MESSAGE][INFO] - Action delay is set to 0 milliseconds

2021-02-22 16:41:18 - [MESSAGE][PASSED] - Browser is opened with url: ''

2021-02-22 16:41:18 - [MESSAGE][PASSED] - Current window maximized

2021-02-22 16:41:19 - [MESSAGE][PASSED] - Navigate to 'http://123.176.34.15:4041/ProAcc2QA' successfully

2021-02-22 16:41:20 - [MESSAGE][PASSED] - Text 'Akhil' is set on object 'Object Repository/ProAcc_Login/input_User Name_Username'

2021-02-22 16:41:20 - [MESSAGE][PASSED] - Text 'a12345@' is set on object 'Object Repository/ProAcc_Login/input_Password_Password'

2021-02-22 16:41:23 - [MESSAGE][PASSED] - Object: 'Object Repository/ProAcc_Login/button_Sign In' is clicked on

2021-02-22 16:41:25 - [MESSAGE][PASSED] - Delayed 2 second(s)

2021-02-22 16:41:25 - [MESSAGE][PASSED] - Text of object '' is: 'Consultant'

2021-02-22 16:41:27 - [MESSAGE][PASSED] - Object: '' is clicked on

2021-02-22 16:41:28 - [MESSAGE][PASSED] - Object: 'Object Repository/ProAcc_Consultant/ProgressMonitor/report_Btn' is clicked on

2021-02-22 16:41:29 - [MESSAGE][PASSED] - All options with label 'Post Conversion' are selected in object 'Object Repository/ProAcc_Pm/ProAcc_ResourceAllocation/PhaseName'  using regular expression

2021-02-22 16:41:31 - [MESSAGE][PASSED] - Delayed 2 second(s)

2021-02-22 16:41:31 - [MESSAGE][PASSED] - Text of object '' is: 'Consultant'

2021-02-22 16:41:32 - [MESSAGE][PASSED] - All options with label 'Cipla Industries' are selected in object 'Object Repository/ProAcc_Consultant/ProgressMonitor/Select_Customer'  using regular expression

2021-02-22 16:41:34 - [MESSAGE][PASSED] - All options with label 'TestProject' are selected in object 'Object Repository/ProAcc_Consultant/ProgressMonitor/Select_Project'  using regular expression

2021-02-22 16:41:35 - [MESSAGE][PASSED] - All options with label 'TP1' are selected in object 'Object Repository/ProAcc_Consultant/ProgressMonitor/Select_Instance'  using regular expression

2021-02-22 16:41:37 - [MESSAGE][PASSED] - Delayed 2 second(s)

2021-02-22 16:41:37 - [MESSAGE][PASSED] - Object: 'Object Repository/ProAcc_Consultant/ProgressMonitor/edit' is clicked on

2021-02-22 16:41:39 - [MESSAGE][PASSED] - Delayed 2 second(s)

2021-02-22 16:41:42 - [MESSAGE][PASSED] - Delayed 3 second(s)

2021-02-22 16:41:43 - [MESSAGE][PASSED] - Delayed 1 second(s)

2021-02-22 16:41:44 - [MESSAGE][PASSED] - Delayed 1 second(s)

2021-02-22 16:41:45 - [MESSAGE][PASSED] - Delayed 1 second(s)

2021-02-22 16:41:47 - [MESSAGE][PASSED] - Delayed 1 second(s)

2021-02-22 16:41:50 - [MESSAGE][PASSED] - Delayed 3 second(s)

2021-02-22 16:41:52 - [MESSAGE][PASSED] - Delayed 2 second(s)

2021-02-22 16:41:53 - [MESSAGE][WARNING] - A browser is already opened. Closing browser and opening a new one

2021-02-22 16:41:54 - [MESSAGE][INFO] - Starting 'Chrome' driver

2021-02-22 16:41:54 - [MESSAGE][INFO] - Action delay is set to 0 milliseconds

2021-02-22 16:41:56 - [MESSAGE][PASSED] - Browser is opened with url: ''

2021-02-22 16:41:57 - [MESSAGE][PASSED] - Current window maximized

2021-02-22 16:41:57 - [MESSAGE][PASSED] - Navigate to 'http://123.176.34.15:4041/ProAcc2QA' successfully

2021-02-22 16:41:58 - [MESSAGE][PASSED] - Text 'Akhil' is set on object 'Object Repository/ProAcc_Login/input_User Name_Username'

2021-02-22 16:41:59 - [MESSAGE][PASSED] - Text 'a12345@' is set on object 'Object Repository/ProAcc_Login/input_Password_Password'

2021-02-22 16:42:02 - [MESSAGE][PASSED] - Object: 'Object Repository/ProAcc_Login/button_Sign In' is clicked on

2021-02-22 16:42:04 - [MESSAGE][PASSED] - Delayed 2 second(s)

2021-02-22 16:42:04 - [MESSAGE][PASSED] - Text of object '' is: 'Consultant'

2021-02-22 16:42:06 - [MESSAGE][PASSED] - Object: '' is clicked on

2021-02-22 16:42:07 - [MESSAGE][PASSED] - Object: 'Object Repository/ProAcc_Consultant/ProgressMonitor/report_Btn' is clicked on

2021-02-22 16:42:08 - [MESSAGE][PASSED] - All options with label 'Post Conversion' are selected in object 'Object Repository/ProAcc_Pm/ProAcc_ResourceAllocation/PhaseName'  using regular expression

2021-02-22 16:42:10 - [MESSAGE][PASSED] - Delayed 2 second(s)

2021-02-22 16:42:10 - [MESSAGE][PASSED] - Text of object '' is: 'Consultant'

2021-02-22 16:42:11 - [MESSAGE][PASSED] - All options with label 'Cipla Industries' are selected in object 'Object Repository/ProAcc_Consultant/ProgressMonitor/Select_Customer'  using regular expression

2021-02-22 16:42:13 - [MESSAGE][PASSED] - All options with label 'TestProject' are selected in object 'Object Repository/ProAcc_Consultant/ProgressMonitor/Select_Project'  using regular expression

2021-02-22 16:42:14 - [MESSAGE][PASSED] - All options with label 'TP1' are selected in object 'Object Repository/ProAcc_Consultant/ProgressMonitor/Select_Instance'  using regular expression

2021-02-22 16:42:16 - [MESSAGE][PASSED] - Delayed 2 second(s)

2021-02-22 16:42:16 - [MESSAGE][PASSED] - Object: 'Object Repository/ProAcc_Consultant/ProgressMonitor/edit' is clicked on

2021-02-22 16:42:18 - [MESSAGE][PASSED] - Delayed 2 second(s)

2021-02-22 16:42:21 - [MESSAGE][PASSED] - Delayed 3 second(s)

2021-02-22 16:42:22 - [MESSAGE][PASSED] - Delayed 1 second(s)

2021-02-22 16:42:23 - [MESSAGE][PASSED] - Delayed 1 second(s)

2021-02-22 16:42:24 - [MESSAGE][PASSED] - Delayed 1 second(s)

2021-02-22 16:42:26 - [MESSAGE][PASSED] - Delayed 1 second(s)

2021-02-22 16:42:29 - [MESSAGE][PASSED] - Delayed 3 second(s)

2021-02-22 16:42:31 - [MESSAGE][PASSED] - Delayed 2 second(s)

2021-02-22 16:42:32 - [MESSAGE][WARNING] - A browser is already opened. Closing browser and opening a new one

2021-02-22 16:42:33 - [MESSAGE][INFO] - Starting 'Chrome' driver

2021-02-22 16:42:33 - [MESSAGE][INFO] - Action delay is set to 0 milliseconds

2021-02-22 16:42:35 - [MESSAGE][PASSED] - Browser is opened with url: ''

2021-02-22 16:42:35 - [MESSAGE][PASSED] - Current window maximized

2021-02-22 16:42:36 - [MESSAGE][PASSED] - Navigate to 'http://123.176.34.15:4041/ProAcc2QA' successfully

2021-02-22 16:42:37 - [MESSAGE][PASSED] - Text 'Akhil' is set on object 'Object Repository/ProAcc_Login/input_User Name_Username'

2021-02-22 16:42:37 - [MESSAGE][PASSED] - Text 'a12345@' is set on object 'Object Repository/ProAcc_Login/input_Password_Password'

2021-02-22 16:42:40 - [MESSAGE][PASSED] - Object: 'Object Repository/ProAcc_Login/button_Sign In' is clicked on

2021-02-22 16:42:42 - [MESSAGE][PASSED] - Delayed 2 second(s)

2021-02-22 16:42:43 - [MESSAGE][PASSED] - Text of object '' is: 'Consultant'

2021-02-22 16:42:45 - [MESSAGE][PASSED] - Object: '' is clicked on

2021-02-22 16:42:45 - [MESSAGE][PASSED] - Object: 'Object Repository/ProAcc_Consultant/ProgressMonitor/report_Btn' is clicked on

2021-02-22 16:42:46 - [MESSAGE][PASSED] - All options with label 'Post Conversion' are selected in object 'Object Repository/ProAcc_Pm/ProAcc_ResourceAllocation/PhaseName'  using regular expression

2021-02-22 16:42:48 - [MESSAGE][PASSED] - Delayed 2 second(s)

2021-02-22 16:42:49 - [MESSAGE][PASSED] - Text of object '' is: 'Consultant'

2021-02-22 16:42:50 - [MESSAGE][PASSED] - All options with label 'Cipla Industries' are selected in object 'Object Repository/ProAcc_Consultant/ProgressMonitor/Select_Customer'  using regular expression

2021-02-22 16:42:51 - [MESSAGE][PASSED] - All options with label 'TestProject' are selected in object 'Object Repository/ProAcc_Consultant/ProgressMonitor/Select_Project'  using regular expression

2021-02-22 16:42:52 - [MESSAGE][PASSED] - All options with label 'TP1' are selected in object 'Object Repository/ProAcc_Consultant/ProgressMonitor/Select_Instance'  using regular expression

2021-02-22 16:42:54 - [MESSAGE][PASSED] - Delayed 2 second(s)

2021-02-22 16:42:55 - [MESSAGE][PASSED] - Object: 'Object Repository/ProAcc_Consultant/ProgressMonitor/edit' is clicked on

2021-02-22 16:42:57 - [MESSAGE][PASSED] - Delayed 2 second(s)

2021-02-22 16:43:00 - [MESSAGE][PASSED] - Delayed 3 second(s)

2021-02-22 16:43:01 - [MESSAGE][PASSED] - Delayed 1 second(s)

2021-02-22 16:43:02 - [MESSAGE][PASSED] - Delayed 1 second(s)

2021-02-22 16:43:03 - [MESSAGE][PASSED] - Delayed 1 second(s)

2021-02-22 16:43:04 - [MESSAGE][PASSED] - Delayed 1 second(s)

2021-02-22 16:43:08 - [MESSAGE][PASSED] - Delayed 3 second(s)

2021-02-22 16:43:10 - [MESSAGE][PASSED] - Delayed 2 second(s)

2021-02-22 16:43:11 - [MESSAGE][WARNING] - A browser is already opened. Closing browser and opening a new one

2021-02-22 16:43:12 - [MESSAGE][INFO] - Starting 'Chrome' driver

2021-02-22 16:43:12 - [MESSAGE][INFO] - Action delay is set to 0 milliseconds

2021-02-22 16:43:13 - [MESSAGE][PASSED] - Browser is opened with url: ''

2021-02-22 16:43:14 - [MESSAGE][PASSED] - Current window maximized

2021-02-22 16:43:14 - [MESSAGE][PASSED] - Navigate to 'http://123.176.34.15:4041/ProAcc2QA' successfully

2021-02-22 16:43:15 - [MESSAGE][PASSED] - Text 'Akhil' is set on object 'Object Repository/ProAcc_Login/input_User Name_Username'

2021-02-22 16:43:16 - [MESSAGE][PASSED] - Text 'a12345@' is set on object 'Object Repository/ProAcc_Login/input_Password_Password'

2021-02-22 16:43:18 - [MESSAGE][PASSED] - Object: 'Object Repository/ProAcc_Login/button_Sign In' is clicked on

2021-02-22 16:43:20 - [MESSAGE][PASSED] - Delayed 2 second(s)

2021-02-22 16:43:21 - [MESSAGE][PASSED] - Text of object '' is: 'Consultant'

2021-02-22 16:43:23 - [MESSAGE][PASSED] - Object: '' is clicked on

2021-02-22 16:43:23 - [MESSAGE][PASSED] - Object: 'Object Repository/ProAcc_Consultant/ProgressMonitor/report_Btn' is clicked on

2021-02-22 16:43:25 - [MESSAGE][PASSED] - All options with label 'Post Conversion' are selected in object 'Object Repository/ProAcc_Pm/ProAcc_ResourceAllocation/PhaseName'  using regular expression

2021-02-22 16:43:27 - [MESSAGE][PASSED] - Delayed 2 second(s)

2021-02-22 16:43:27 - [MESSAGE][PASSED] - Text of object '' is: 'Consultant'

2021-02-22 16:43:28 - [MESSAGE][PASSED] - All options with label 'Cipla Industries' are selected in object 'Object Repository/ProAcc_Consultant/ProgressMonitor/Select_Customer'  using regular expression

2021-02-22 16:43:29 - [MESSAGE][PASSED] - All options with label 'TestProject' are selected in object 'Object Repository/ProAcc_Consultant/ProgressMonitor/Select_Project'  using regular expression

2021-02-22 16:43:30 - [MESSAGE][PASSED] - All options with label 'TP1' are selected in object 'Object Repository/ProAcc_Consultant/ProgressMonitor/Select_Instance'  using regular expression

2021-02-22 16:43:32 - [MESSAGE][PASSED] - Delayed 2 second(s)

2021-02-22 16:43:33 - [MESSAGE][PASSED] - Object: 'Object Repository/ProAcc_Consultant/ProgressMonitor/edit' is clicked on

2021-02-22 16:43:35 - [MESSAGE][PASSED] - Delayed 2 second(s)

2021-02-22 16:43:38 - [MESSAGE][PASSED] - Delayed 3 second(s)

2021-02-22 16:43:39 - [MESSAGE][PASSED] - Delayed 1 second(s)

2021-02-22 16:43:40 - [MESSAGE][PASSED] - Delayed 1 second(s)

2021-02-22 16:43:41 - [MESSAGE][PASSED] - Delayed 1 second(s)

2021-02-22 16:43:42 - [MESSAGE][PASSED] - Delayed 1 second(s)

2021-02-22 16:43:46 - [MESSAGE][PASSED] - Delayed 3 second(s)

2021-02-22 16:43:48 - [MESSAGE][PASSED] - Delayed 2 second(s)

2021-02-22 16:43:49 - [MESSAGE][WARNING] - A browser is already opened. Closing browser and opening a new one

2021-02-22 16:43:49 - [MESSAGE][INFO] - Starting 'Chrome' driver

2021-02-22 16:43:49 - [MESSAGE][INFO] - Action delay is set to 0 milliseconds

2021-02-22 16:43:52 - [MESSAGE][PASSED] - Browser is opened with url: ''

2021-02-22 16:43:52 - [MESSAGE][PASSED] - Current window maximized

2021-02-22 16:43:53 - [MESSAGE][PASSED] - Navigate to 'http://123.176.34.15:4041/ProAcc2QA' successfully

2021-02-22 16:43:53 - [MESSAGE][PASSED] - Text 'Akhil' is set on object 'Object Repository/ProAcc_Login/input_User Name_Username'

2021-02-22 16:43:54 - [MESSAGE][PASSED] - Text 'a12345@' is set on object 'Object Repository/ProAcc_Login/input_Password_Password'

2021-02-22 16:43:57 - [MESSAGE][PASSED] - Object: 'Object Repository/ProAcc_Login/button_Sign In' is clicked on

2021-02-22 16:43:59 - [MESSAGE][PASSED] - Delayed 2 second(s)

2021-02-22 16:43:59 - [MESSAGE][PASSED] - Text of object '' is: 'Consultant'

2021-02-22 16:44:01 - [MESSAGE][PASSED] - Object: '' is clicked on

2021-02-22 16:44:02 - [MESSAGE][PASSED] - Object: 'Object Repository/ProAcc_Consultant/ProgressMonitor/report_Btn' is clicked on

2021-02-22 16:44:03 - [MESSAGE][PASSED] - All options with label 'Post Conversion' are selected in object 'Object Repository/ProAcc_Pm/ProAcc_ResourceAllocation/PhaseName'  using regular expression

2021-02-22 16:44:05 - [MESSAGE][PASSED] - Delayed 2 second(s)

2021-02-22 16:44:05 - [MESSAGE][PASSED] - Text of object '' is: 'Consultant'

2021-02-22 16:44:06 - [MESSAGE][PASSED] - All options with label 'Cipla Industries' are selected in object 'Object Repository/ProAcc_Consultant/ProgressMonitor/Select_Customer'  using regular expression

2021-02-22 16:44:07 - [MESSAGE][PASSED] - All options with label 'TestProject' are selected in object 'Object Repository/ProAcc_Consultant/ProgressMonitor/Select_Project'  using regular expression

2021-02-22 16:44:08 - [MESSAGE][PASSED] - All options with label 'TP1' are selected in object 'Object Repository/ProAcc_Consultant/ProgressMonitor/Select_Instance'  using regular expression

2021-02-22 16:44:10 - [MESSAGE][PASSED] - Delayed 2 second(s)

2021-02-22 16:44:11 - [MESSAGE][PASSED] - Object: 'Object Repository/ProAcc_Consultant/ProgressMonitor/edit' is clicked on

2021-02-22 16:44:13 - [MESSAGE][PASSED] - Delayed 2 second(s)

2021-02-22 16:44:16 - [MESSAGE][PASSED] - Delayed 3 second(s)

2021-02-22 16:44:17 - [MESSAGE][PASSED] - Delayed 1 second(s)

2021-02-22 16:44:18 - [MESSAGE][PASSED] - Delayed 1 second(s)

2021-02-22 16:44:19 - [MESSAGE][PASSED] - Delayed 1 second(s)

2021-02-22 16:44:20 - [MESSAGE][PASSED] - Delayed 1 second(s)

2021-02-22 16:44:24 - [MESSAGE][PASSED] - Delayed 3 second(s)

2021-02-22 16:44:26 - [MESSAGE][PASSED] - Delayed 2 second(s)

2021-02-22 16:44:27 - [MESSAGE][WARNING] - A browser is already opened. Closing browser and opening a new one

2021-02-22 16:44:28 - [MESSAGE][INFO] - Starting 'Chrome' driver

2021-02-22 16:44:28 - [MESSAGE][INFO] - Action delay is set to 0 milliseconds

2021-02-22 16:44:30 - [MESSAGE][PASSED] - Browser is opened with url: ''

2021-02-22 16:44:30 - [MESSAGE][PASSED] - Current window maximized

2021-02-22 16:44:31 - [MESSAGE][PASSED] - Navigate to 'http://123.176.34.15:4041/ProAcc2QA' successfully

2021-02-22 16:44:32 - [MESSAGE][PASSED] - Text 'Akhil' is set on object 'Object Repository/ProAcc_Login/input_User Name_Username'

2021-02-22 16:44:32 - [MESSAGE][PASSED] - Text 'a12345@' is set on object 'Object Repository/ProAcc_Login/input_Password_Password'

2021-02-22 16:44:36 - [MESSAGE][PASSED] - Object: 'Object Repository/ProAcc_Login/button_Sign In' is clicked on

2021-02-22 16:44:38 - [MESSAGE][PASSED] - Delayed 2 second(s)

2021-02-22 16:44:38 - [MESSAGE][PASSED] - Text of object '' is: 'Consultant'

2021-02-22 16:44:40 - [MESSAGE][PASSED] - Object: '' is clicked on

2021-02-22 16:44:41 - [MESSAGE][PASSED] - Object: 'Object Repository/ProAcc_Consultant/ProgressMonitor/report_Btn' is clicked on

2021-02-22 16:44:42 - [MESSAGE][PASSED] - All options with label 'Post Conversion' are selected in object 'Object Repository/ProAcc_Pm/ProAcc_ResourceAllocation/PhaseName'  using regular expression

2021-02-22 16:44:44 - [MESSAGE][PASSED] - Delayed 2 second(s)

2021-02-22 16:44:44 - [MESSAGE][PASSED] - Text of object '' is: 'Consultant'

2021-02-22 16:44:45 - [MESSAGE][PASSED] - All options with label 'Cipla Industries' are selected in object 'Object Repository/ProAcc_Consultant/ProgressMonitor/Select_Customer'  using regular expression

2021-02-22 16:44:46 - [MESSAGE][PASSED] - All options with label 'TestProject' are selected in object 'Object Repository/ProAcc_Consultant/ProgressMonitor/Select_Project'  using regular expression

2021-02-22 16:44:47 - [MESSAGE][PASSED] - All options with label 'TP1' are selected in object 'Object Repository/ProAcc_Consultant/ProgressMonitor/Select_Instance'  using regular expression

2021-02-22 16:44:49 - [MESSAGE][PASSED] - Delayed 2 second(s)

2021-02-22 16:44:50 - [MESSAGE][PASSED] - Object: 'Object Repository/ProAcc_Consultant/ProgressMonitor/edit' is clicked on

2021-02-22 16:44:52 - [MESSAGE][PASSED] - Delayed 2 second(s)

2021-02-22 16:44:55 - [MESSAGE][PASSED] - Delayed 3 second(s)

2021-02-22 16:44:56 - [MESSAGE][PASSED] - Delayed 1 second(s)

2021-02-22 16:44:57 - [MESSAGE][PASSED] - Delayed 1 second(s)

2021-02-22 16:44:58 - [MESSAGE][PASSED] - Delayed 1 second(s)

2021-02-22 16:45:00 - [MESSAGE][PASSED] - Delayed 1 second(s)

2021-02-22 16:45:03 - [MESSAGE][PASSED] - Delayed 3 second(s)

2021-02-22 16:45:05 - [MESSAGE][PASSED] - Delayed 2 second(s)

2021-02-22 16:45:06 - [MESSAGE][WARNING] - A browser is already opened. Closing browser and opening a new one

2021-02-22 16:45:07 - [MESSAGE][INFO] - Starting 'Chrome' driver

2021-02-22 16:45:07 - [MESSAGE][INFO] - Action delay is set to 0 milliseconds

2021-02-22 16:45:09 - [MESSAGE][PASSED] - Browser is opened with url: ''

2021-02-22 16:45:09 - [MESSAGE][PASSED] - Current window maximized

2021-02-22 16:45:10 - [MESSAGE][PASSED] - Navigate to 'http://123.176.34.15:4041/ProAcc2QA' successfully

2021-02-22 16:45:11 - [MESSAGE][PASSED] - Text 'Akhil' is set on object 'Object Repository/ProAcc_Login/input_User Name_Username'

2021-02-22 16:45:11 - [MESSAGE][PASSED] - Text 'a12345@' is set on object 'Object Repository/ProAcc_Login/input_Password_Password'

2021-02-22 16:45:14 - [MESSAGE][PASSED] - Object: 'Object Repository/ProAcc_Login/button_Sign In' is clicked on

2021-02-22 16:45:16 - [MESSAGE][PASSED] - Delayed 2 second(s)

2021-02-22 16:45:16 - [MESSAGE][PASSED] - Text of object '' is: 'Consultant'

2021-02-22 16:45:18 - [MESSAGE][PASSED] - Object: '' is clicked on

2021-02-22 16:45:19 - [MESSAGE][PASSED] - Object: 'Object Repository/ProAcc_Consultant/ProgressMonitor/report_Btn' is clicked on

2021-02-22 16:45:20 - [MESSAGE][PASSED] - All options with label 'Post Conversion' are selected in object 'Object Repository/ProAcc_Pm/ProAcc_ResourceAllocation/PhaseName'  using regular expression

2021-02-22 16:45:22 - [MESSAGE][PASSED] - Delayed 2 second(s)

2021-02-22 16:45:22 - [MESSAGE][PASSED] - Text of object '' is: 'Consultant'

2021-02-22 16:45:24 - [MESSAGE][PASSED] - All options with label 'Cipla Industries' are selected in object 'Object Repository/ProAcc_Consultant/ProgressMonitor/Select_Customer'  using regular expression

2021-02-22 16:45:25 - [MESSAGE][PASSED] - All options with label 'TestProject' are selected in object 'Object Repository/ProAcc_Consultant/ProgressMonitor/Select_Project'  using regular expression

2021-02-22 16:45:26 - [MESSAGE][PASSED] - All options with label 'TP1' are selected in object 'Object Repository/ProAcc_Consultant/ProgressMonitor/Select_Instance'  using regular expression

2021-02-22 16:45:28 - [MESSAGE][PASSED] - Delayed 2 second(s)

2021-02-22 16:45:28 - [MESSAGE][PASSED] - Object: 'Object Repository/ProAcc_Consultant/ProgressMonitor/edit' is clicked on

2021-02-22 16:45:30 - [MESSAGE][PASSED] - Delayed 2 second(s)

2021-02-22 16:45:33 - [MESSAGE][PASSED] - Delayed 3 second(s)

2021-02-22 16:45:34 - [MESSAGE][PASSED] - Delayed 1 second(s)

2021-02-22 16:45:35 - [MESSAGE][PASSED] - Delayed 1 second(s)

2021-02-22 16:45:36 - [MESSAGE][PASSED] - Delayed 1 second(s)

2021-02-22 16:45:38 - [MESSAGE][PASSED] - Delayed 1 second(s)

2021-02-22 16:45:41 - [MESSAGE][PASSED] - Delayed 3 second(s)

2021-02-22 16:45:43 - [MESSAGE][PASSED] - Delayed 2 second(s)

2021-02-22 16:45:44 - [MESSAGE][WARNING] - A browser is already opened. Closing browser and opening a new one

2021-02-22 16:45:45 - [MESSAGE][INFO] - Starting 'Chrome' driver

2021-02-22 16:45:45 - [MESSAGE][INFO] - Action delay is set to 0 milliseconds

2021-02-22 16:45:48 - [MESSAGE][PASSED] - Browser is opened with url: ''

2021-02-22 16:45:48 - [MESSAGE][PASSED] - Current window maximized

2021-02-22 16:45:48 - [MESSAGE][PASSED] - Navigate to 'http://123.176.34.15:4041/ProAcc2QA' successfully

2021-02-22 16:45:49 - [MESSAGE][PASSED] - Text 'Akhil' is set on object 'Object Repository/ProAcc_Login/input_User Name_Username'

2021-02-22 16:45:50 - [MESSAGE][PASSED] - Text 'a12345@' is set on object 'Object Repository/ProAcc_Login/input_Password_Password'

2021-02-22 16:45:52 - [MESSAGE][PASSED] - Object: 'Object Repository/ProAcc_Login/button_Sign In' is clicked on

2021-02-22 16:45:55 - [MESSAGE][PASSED] - Delayed 2 second(s)

2021-02-22 16:45:55 - [MESSAGE][PASSED] - Text of object '' is: 'Consultant'

2021-02-22 16:45:57 - [MESSAGE][PASSED] - Object: '' is clicked on

2021-02-22 16:45:57 - [MESSAGE][PASSED] - Object: 'Object Repository/ProAcc_Consultant/ProgressMonitor/report_Btn' is clicked on

2021-02-22 16:45:59 - [MESSAGE][PASSED] - All options with label 'Post Conversion' are selected in object 'Object Repository/ProAcc_Pm/ProAcc_ResourceAllocation/PhaseName'  using regular expression

2021-02-22 16:46:01 - [MESSAGE][PASSED] - Delayed 2 second(s)

2021-02-22 16:46:01 - [MESSAGE][PASSED] - Text of object '' is: 'Consultant'

2021-02-22 16:46:02 - [MESSAGE][PASSED] - All options with label 'Cipla Industries' are selected in object 'Object Repository/ProAcc_Consultant/ProgressMonitor/Select_Customer'  using regular expression

2021-02-22 16:46:03 - [MESSAGE][PASSED] - All options with label 'TestProject' are selected in object 'Object Repository/ProAcc_Consultant/ProgressMonitor/Select_Project'  using regular expression

2021-02-22 16:46:04 - [MESSAGE][PASSED] - All options with label 'TP1' are selected in object 'Object Repository/ProAcc_Consultant/ProgressMonitor/Select_Instance'  using regular expression

2021-02-22 16:46:06 - [MESSAGE][PASSED] - Delayed 2 second(s)

2021-02-22 16:46:07 - [MESSAGE][PASSED] - Object: 'Object Repository/ProAcc_Consultant/ProgressMonitor/edit' is clicked on

2021-02-22 16:46:09 - [MESSAGE][PASSED] - Delayed 2 second(s)

2021-02-22 16:46:12 - [MESSAGE][PASSED] - Delayed 3 second(s)

2021-02-22 16:46:13 - [MESSAGE][PASSED] - Delayed 1 second(s)

2021-02-22 16:46:14 - [MESSAGE][PASSED] - Delayed 1 second(s)

2021-02-22 16:46:15 - [MESSAGE][PASSED] - Delayed 1 second(s)

2021-02-22 16:46:16 - [MESSAGE][PASSED] - Delayed 1 second(s)

2021-02-22 16:46:20 - [MESSAGE][PASSED] - Delayed 3 second(s)

2021-02-22 16:46:22 - [MESSAGE][PASSED] - Delayed 2 second(s)

2021-02-22 16:46:23 - [MESSAGE][WARNING] - A browser is already opened. Closing browser and opening a new one

2021-02-22 16:46:24 - [MESSAGE][INFO] - Starting 'Chrome' driver

2021-02-22 16:46:24 - [MESSAGE][INFO] - Action delay is set to 0 milliseconds

2021-02-22 16:46:26 - [MESSAGE][PASSED] - Browser is opened with url: ''

2021-02-22 16:46:26 - [MESSAGE][PASSED] - Current window maximized

2021-02-22 16:46:26 - [MESSAGE][PASSED] - Navigate to 'http://123.176.34.15:4041/ProAcc2QA' successfully

2021-02-22 16:46:27 - [MESSAGE][PASSED] - Text 'Akhil' is set on object 'Object Repository/ProAcc_Login/input_User Name_Username'

2021-02-22 16:46:28 - [MESSAGE][PASSED] - Text 'a12345@' is set on object 'Object Repository/ProAcc_Login/input_Password_Password'

2021-02-22 16:46:30 - [MESSAGE][PASSED] - Object: 'Object Repository/ProAcc_Login/button_Sign In' is clicked on

2021-02-22 16:46:32 - [MESSAGE][PASSED] - Delayed 2 second(s)

2021-02-22 16:46:33 - [MESSAGE][PASSED] - Text of object '' is: 'Consultant'

2021-02-22 16:46:35 - [MESSAGE][PASSED] - Object: '' is clicked on

2021-02-22 16:46:35 - [MESSAGE][PASSED] - Object: 'Object Repository/ProAcc_Consultant/ProgressMonitor/report_Btn' is clicked on

2021-02-22 16:46:37 - [MESSAGE][PASSED] - All options with label 'Post Conversion' are selected in object 'Object Repository/ProAcc_Pm/ProAcc_ResourceAllocation/PhaseName'  using regular expression

2021-02-22 16:46:39 - [MESSAGE][PASSED] - Delayed 2 second(s)

2021-02-22 16:46:39 - [MESSAGE][PASSED] - Text of object '' is: 'Consultant'

2021-02-22 16:46:40 - [MESSAGE][PASSED] - All options with label 'Cipla Industries' are selected in object 'Object Repository/ProAcc_Consultant/ProgressMonitor/Select_Customer'  using regular expression

2021-02-22 16:46:41 - [MESSAGE][PASSED] - All options with label 'TestProject' are selected in object 'Object Repository/ProAcc_Consultant/ProgressMonitor/Select_Project'  using regular expression

2021-02-22 16:46:42 - [MESSAGE][PASSED] - All options with label 'TP1' are selected in object 'Object Repository/ProAcc_Consultant/ProgressMonitor/Select_Instance'  using regular expression

2021-02-22 16:46:44 - [MESSAGE][PASSED] - Delayed 2 second(s)

2021-02-22 16:46:45 - [MESSAGE][PASSED] - Object: 'Object Repository/ProAcc_Consultant/ProgressMonitor/edit' is clicked on

2021-02-22 16:46:47 - [MESSAGE][PASSED] - Delayed 2 second(s)

2021-02-22 16:46:50 - [MESSAGE][PASSED] - Delayed 3 second(s)

2021-02-22 16:46:51 - [MESSAGE][PASSED] - Delayed 1 second(s)

2021-02-22 16:46:52 - [MESSAGE][PASSED] - Delayed 1 second(s)

2021-02-22 16:46:53 - [MESSAGE][PASSED] - Delayed 1 second(s)

2021-02-22 16:46:54 - [MESSAGE][PASSED] - Delayed 1 second(s)

2021-02-22 16:46:58 - [MESSAGE][PASSED] - Delayed 3 second(s)

2021-02-22 16:47:00 - [MESSAGE][PASSED] - Delayed 2 second(s)

2021-02-22 16:47:01 - [MESSAGE][WARNING] - A browser is already opened. Closing browser and opening a new one

2021-02-22 16:47:02 - [MESSAGE][INFO] - Starting 'Chrome' driver

2021-02-22 16:47:02 - [MESSAGE][INFO] - Action delay is set to 0 milliseconds

2021-02-22 16:47:04 - [MESSAGE][PASSED] - Browser is opened with url: ''

2021-02-22 16:47:04 - [MESSAGE][PASSED] - Current window maximized

2021-02-22 16:47:05 - [MESSAGE][PASSED] - Navigate to 'http://123.176.34.15:4041/ProAcc2QA' successfully

2021-02-22 16:47:05 - [MESSAGE][PASSED] - Text 'Akhil' is set on object 'Object Repository/ProAcc_Login/input_User Name_Username'

2021-02-22 16:47:06 - [MESSAGE][PASSED] - Text 'a12345@' is set on object 'Object Repository/ProAcc_Login/input_Password_Password'

2021-02-22 16:47:10 - [MESSAGE][PASSED] - Object: 'Object Repository/ProAcc_Login/button_Sign In' is clicked on

2021-02-22 16:47:12 - [MESSAGE][PASSED] - Delayed 2 second(s)

2021-02-22 16:47:12 - [MESSAGE][PASSED] - Text of object '' is: 'Consultant'

2021-02-22 16:47:14 - [MESSAGE][PASSED] - Object: '' is clicked on

2021-02-22 16:47:14 - [MESSAGE][PASSED] - Object: 'Object Repository/ProAcc_Consultant/ProgressMonitor/report_Btn' is clicked on

2021-02-22 16:47:15 - [MESSAGE][PASSED] - All options with label 'Post Conversion' are selected in object 'Object Repository/ProAcc_Pm/ProAcc_ResourceAllocation/PhaseName'  using regular expression

2021-02-22 16:47:17 - [MESSAGE][PASSED] - Delayed 2 second(s)

2021-02-22 16:47:18 - [MESSAGE][PASSED] - Text of object '' is: 'Consultant'

2021-02-22 16:47:19 - [MESSAGE][PASSED] - All options with label 'Cipla Industries' are selected in object 'Object Repository/ProAcc_Consultant/ProgressMonitor/Select_Customer'  using regular expression

2021-02-22 16:47:20 - [MESSAGE][PASSED] - All options with label 'TestProject' are selected in object 'Object Repository/ProAcc_Consultant/ProgressMonitor/Select_Project'  using regular expression

2021-02-22 16:47:21 - [MESSAGE][PASSED] - All options with label 'TP1' are selected in object 'Object Repository/ProAcc_Consultant/ProgressMonitor/Select_Instance'  using regular expression

2021-02-22 16:47:23 - [MESSAGE][PASSED] - Delayed 2 second(s)

2021-02-22 16:47:23 - [MESSAGE][PASSED] - Object: 'Object Repository/ProAcc_Consultant/ProgressMonitor/edit' is clicked on

2021-02-22 16:47:25 - [MESSAGE][PASSED] - Delayed 2 second(s)

2021-02-22 16:47:28 - [MESSAGE][PASSED] - Delayed 3 second(s)

2021-02-22 16:47:30 - [MESSAGE][PASSED] - Delayed 1 second(s)

2021-02-22 16:47:31 - [MESSAGE][PASSED] - Delayed 1 second(s)

2021-02-22 16:47:32 - [MESSAGE][PASSED] - Delayed 1 second(s)

2021-02-22 16:47:33 - [MESSAGE][PASSED] - Delayed 1 second(s)

2021-02-22 16:47:37 - [MESSAGE][PASSED] - Delayed 3 second(s)

2021-02-22 16:47:39 - [MESSAGE][PASSED] - Delayed 2 second(s)

2021-02-22 16:47:40 - [MESSAGE][WARNING] - A browser is already opened. Closing browser and opening a new one

2021-02-22 16:47:40 - [MESSAGE][INFO] - Starting 'Chrome' driver

2021-02-22 16:47:40 - [MESSAGE][INFO] - Action delay is set to 0 milliseconds

2021-02-22 16:47:43 - [MESSAGE][PASSED] - Browser is opened with url: ''

2021-02-22 16:47:43 - [MESSAGE][PASSED] - Current window maximized

2021-02-22 16:47:43 - [MESSAGE][PASSED] - Navigate to 'http://123.176.34.15:4041/ProAcc2QA' successfully

2021-02-22 16:47:44 - [MESSAGE][PASSED] - Text 'Akhil' is set on object 'Object Repository/ProAcc_Login/input_User Name_Username'

2021-02-22 16:47:45 - [MESSAGE][PASSED] - Text 'a12345@' is set on object 'Object Repository/ProAcc_Login/input_Password_Password'

2021-02-22 16:47:48 - [MESSAGE][PASSED] - Object: 'Object Repository/ProAcc_Login/button_Sign In' is clicked on

2021-02-22 16:47:50 - [MESSAGE][PASSED] - Delayed 2 second(s)

2021-02-22 16:47:50 - [MESSAGE][PASSED] - Text of object '' is: 'Consultant'

2021-02-22 16:47:52 - [MESSAGE][PASSED] - Object: '' is clicked on

2021-02-22 16:47:52 - [MESSAGE][PASSED] - Object: 'Object Repository/ProAcc_Consultant/ProgressMonitor/report_Btn' is clicked on

2021-02-22 16:47:54 - [MESSAGE][PASSED] - All options with label 'Post Conversion' are selected in object 'Object Repository/ProAcc_Pm/ProAcc_ResourceAllocation/PhaseName'  using regular expression

2021-02-22 16:47:56 - [MESSAGE][PASSED] - Delayed 2 second(s)

2021-02-22 16:47:56 - [MESSAGE][PASSED] - Text of object '' is: 'Consultant'

2021-02-22 16:47:57 - [MESSAGE][PASSED] - All options with label 'Cipla Industries' are selected in object 'Object Repository/ProAcc_Consultant/ProgressMonitor/Select_Customer'  using regular expression

2021-02-22 16:47:58 - [MESSAGE][PASSED] - All options with label 'TestProject' are selected in object 'Object Repository/ProAcc_Consultant/ProgressMonitor/Select_Project'  using regular expression

2021-02-22 16:47:59 - [MESSAGE][PASSED] - All options with label 'TP1' are selected in object 'Object Repository/ProAcc_Consultant/ProgressMonitor/Select_Instance'  using regular expression

2021-02-22 16:48:01 - [MESSAGE][PASSED] - Delayed 2 second(s)

2021-02-22 16:48:02 - [MESSAGE][PASSED] - Object: 'Object Repository/ProAcc_Consultant/ProgressMonitor/edit' is clicked on

2021-02-22 16:48:04 - [MESSAGE][PASSED] - Delayed 2 second(s)

2021-02-22 16:48:07 - [MESSAGE][PASSED] - Delayed 3 second(s)

2021-02-22 16:48:08 - [MESSAGE][PASSED] - Delayed 1 second(s)

2021-02-22 16:48:09 - [MESSAGE][PASSED] - Delayed 1 second(s)

2021-02-22 16:48:10 - [MESSAGE][PASSED] - Delayed 1 second(s)

2021-02-22 16:48:11 - [MESSAGE][PASSED] - Delayed 1 second(s)

2021-02-22 16:48:15 - [MESSAGE][PASSED] - Delayed 3 second(s)

2021-02-22 16:48:17 - [MESSAGE][PASSED] - Delayed 2 second(s)

2021-02-22 16:48:18 - [MESSAGE][WARNING] - A browser is already opened. Closing browser and opening a new one

2021-02-22 16:48:19 - [MESSAGE][INFO] - Starting 'Chrome' driver

2021-02-22 16:48:19 - [MESSAGE][INFO] - Action delay is set to 0 milliseconds

2021-02-22 16:48:21 - [MESSAGE][PASSED] - Browser is opened with url: ''

2021-02-22 16:48:21 - [MESSAGE][PASSED] - Current window maximized

2021-02-22 16:48:22 - [MESSAGE][PASSED] - Navigate to 'http://123.176.34.15:4041/ProAcc2QA' successfully

2021-02-22 16:48:23 - [MESSAGE][PASSED] - Text 'Akhil' is set on object 'Object Repository/ProAcc_Login/input_User Name_Username'

2021-02-22 16:48:23 - [MESSAGE][PASSED] - Text 'a12345@' is set on object 'Object Repository/ProAcc_Login/input_Password_Password'

2021-02-22 16:48:27 - [MESSAGE][PASSED] - Object: 'Object Repository/ProAcc_Login/button_Sign In' is clicked on

2021-02-22 16:48:29 - [MESSAGE][PASSED] - Delayed 2 second(s)

2021-02-22 16:49:00 - [MESSAGE][PASSED] - Text of object '' is: 'Consultant'

2021-02-22 16:49:17 - [MESSAGE][PASSED] - Object: '' is clicked on

2021-02-22 16:49:18 - [MESSAGE][PASSED] - Object: 'Object Repository/ProAcc_Consultant/ProgressMonitor/report_Btn' is clicked on

2021-02-22 16:49:19 - [MESSAGE][PASSED] - All options with label 'Post Conversion' are selected in object 'Object Repository/ProAcc_Pm/ProAcc_ResourceAllocation/PhaseName'  using regular expression

2021-02-22 16:49:21 - [MESSAGE][PASSED] - Delayed 2 second(s)

2021-02-22 16:49:22 - [MESSAGE][PASSED] - Text of object '' is: 'Consultant'

2021-02-22 16:49:23 - [MESSAGE][PASSED] - All options with label 'Cipla Industries' are selected in object 'Object Repository/ProAcc_Consultant/ProgressMonitor/Select_Customer'  using regular expression

2021-02-22 16:49:26 - [MESSAGE][PASSED] - All options with label 'TestProject' are selected in object 'Object Repository/ProAcc_Consultant/ProgressMonitor/Select_Project'  using regular expression

2021-02-22 16:49:27 - [MESSAGE][PASSED] - All options with label 'TP1' are selected in object 'Object Repository/ProAcc_Consultant/ProgressMonitor/Select_Instance'  using regular expression

2021-02-22 16:49:29 - [MESSAGE][PASSED] - Delayed 2 second(s)

2021-02-22 16:49:29 - [MESSAGE][PASSED] - Object: 'Object Repository/ProAcc_Consultant/ProgressMonitor/edit' is clicked on

2021-02-22 16:49:31 - [MESSAGE][PASSED] - Delayed 2 second(s)

2021-02-22 16:49:34 - [MESSAGE][PASSED] - Delayed 3 second(s)

2021-02-22 16:49:35 - [MESSAGE][PASSED] - Delayed 1 second(s)

2021-02-22 16:49:36 - [MESSAGE][PASSED] - Delayed 1 second(s)

2021-02-22 16:49:37 - [MESSAGE][PASSED] - Delayed 1 second(s)

2021-02-22 16:49:39 - [MESSAGE][PASSED] - Delayed 1 second(s)

2021-02-22 16:49:42 - [MESSAGE][PASSED] - Delayed 3 second(s)

2021-02-22 16:49:44 - [MESSAGE][PASSED] - Delayed 2 second(s)

2021-02-22 16:49:45 - [MESSAGE][WARNING] - A browser is already opened. Closing browser and opening a new one

2021-02-22 16:49:46 - [MESSAGE][INFO] - Starting 'Chrome' driver

2021-02-22 16:49:46 - [MESSAGE][INFO] - Action delay is set to 0 milliseconds

2021-02-22 16:49:48 - [MESSAGE][PASSED] - Browser is opened with url: ''

2021-02-22 16:49:48 - [MESSAGE][PASSED] - Current window maximized

2021-02-22 16:49:49 - [MESSAGE][PASSED] - Navigate to 'http://123.176.34.15:4041/ProAcc2QA' successfully

2021-02-22 16:49:50 - [MESSAGE][PASSED] - Text 'Akhil' is set on object 'Object Repository/ProAcc_Login/input_User Name_Username'

2021-02-22 16:49:50 - [MESSAGE][PASSED] - Text 'a12345@' is set on object 'Object Repository/ProAcc_Login/input_Password_Password'

2021-02-22 16:49:53 - [MESSAGE][PASSED] - Object: 'Object Repository/ProAcc_Login/button_Sign In' is clicked on

2021-02-22 16:49:55 - [MESSAGE][PASSED] - Delayed 2 second(s)

2021-02-22 16:49:55 - [MESSAGE][PASSED] - Text of object '' is: 'Consultant'

2021-02-22 16:49:57 - [MESSAGE][PASSED] - Object: '' is clicked on

2021-02-22 16:49:58 - [MESSAGE][PASSED] - Object: 'Object Repository/ProAcc_Consultant/ProgressMonitor/report_Btn' is clicked on

2021-02-22 16:49:59 - [MESSAGE][PASSED] - All options with label 'Post Conversion' are selected in object 'Object Repository/ProAcc_Pm/ProAcc_ResourceAllocation/PhaseName'  using regular expression

2021-02-22 16:50:01 - [MESSAGE][PASSED] - Delayed 2 second(s)

2021-02-22 16:50:01 - [MESSAGE][PASSED] - Text of object '' is: 'Consultant'

2021-02-22 16:50:02 - [MESSAGE][PASSED] - All options with label 'Cipla Industries' are selected in object 'Object Repository/ProAcc_Consultant/ProgressMonitor/Select_Customer'  using regular expression

2021-02-22 16:50:03 - [MESSAGE][PASSED] - All options with label 'TestProject' are selected in object 'Object Repository/ProAcc_Consultant/ProgressMonitor/Select_Project'  using regular expression

2021-02-22 16:50:04 - [MESSAGE][PASSED] - All options with label 'TP1' are selected in object 'Object Repository/ProAcc_Consultant/ProgressMonitor/Select_Instance'  using regular expression

2021-02-22 16:50:06 - [MESSAGE][PASSED] - Delayed 2 second(s)

2021-02-22 16:50:07 - [MESSAGE][PASSED] - Object: 'Object Repository/ProAcc_Consultant/ProgressMonitor/edit' is clicked on

2021-02-22 16:50:09 - [MESSAGE][PASSED] - Delayed 2 second(s)

2021-02-22 16:50:12 - [MESSAGE][PASSED] - Delayed 3 second(s)

2021-02-22 16:50:13 - [MESSAGE][PASSED] - Delayed 1 second(s)

2021-02-22 16:50:14 - [MESSAGE][PASSED] - Delayed 1 second(s)

2021-02-22 16:50:15 - [MESSAGE][PASSED] - Delayed 1 second(s)

2021-02-22 16:50:16 - [MESSAGE][PASSED] - Delayed 1 second(s)

2021-02-22 16:50:20 - [MESSAGE][PASSED] - Delayed 3 second(s)

2021-02-22 16:50:22 - [MESSAGE][PASSED] - Delayed 2 second(s)

2021-02-22 16:50:23 - [MESSAGE][WARNING] - A browser is already opened. Closing browser and opening a new one

2021-02-22 16:50:23 - [MESSAGE][INFO] - Starting 'Chrome' driver

2021-02-22 16:50:23 - [MESSAGE][INFO] - Action delay is set to 0 milliseconds

2021-02-22 16:50:26 - [MESSAGE][PASSED] - Browser is opened with url: ''

2021-02-22 16:50:26 - [MESSAGE][PASSED] - Current window maximized

2021-02-22 16:50:26 - [MESSAGE][PASSED] - Navigate to 'http://123.176.34.15:4041/ProAcc2QA' successfully

2021-02-22 16:50:27 - [MESSAGE][PASSED] - Text 'Akhil' is set on object 'Object Repository/ProAcc_Login/input_User Name_Username'

2021-02-22 16:50:28 - [MESSAGE][PASSED] - Text 'a12345@' is set on object 'Object Repository/ProAcc_Login/input_Password_Password'

2021-02-22 16:50:30 - [MESSAGE][PASSED] - Object: 'Object Repository/ProAcc_Login/button_Sign In' is clicked on

2021-02-22 16:50:32 - [MESSAGE][PASSED] - Delayed 2 second(s)

2021-02-22 16:50:33 - [MESSAGE][PASSED] - Text of object '' is: 'Consultant'

2021-02-22 16:50:34 - [MESSAGE][PASSED] - Object: '' is clicked on

2021-02-22 16:50:35 - [MESSAGE][PASSED] - Object: 'Object Repository/ProAcc_Consultant/ProgressMonitor/report_Btn' is clicked on

2021-02-22 16:50:36 - [MESSAGE][PASSED] - All options with label 'Post Conversion' are selected in object 'Object Repository/ProAcc_Pm/ProAcc_ResourceAllocation/PhaseName'  using regular expression

2021-02-22 16:50:38 - [MESSAGE][PASSED] - Delayed 2 second(s)

2021-02-22 16:50:38 - [MESSAGE][PASSED] - Text of object '' is: 'Consultant'

2021-02-22 16:50:39 - [MESSAGE][PASSED] - All options with label 'Cipla Industries' are selected in object 'Object Repository/ProAcc_Consultant/ProgressMonitor/Select_Customer'  using regular expression

2021-02-22 16:50:41 - [MESSAGE][PASSED] - All options with label 'TestProject' are selected in object 'Object Repository/ProAcc_Consultant/ProgressMonitor/Select_Project'  using regular expression

2021-02-22 16:50:42 - [MESSAGE][PASSED] - All options with label 'TP1' are selected in object 'Object Repository/ProAcc_Consultant/ProgressMonitor/Select_Instance'  using regular expression

2021-02-22 16:50:44 - [MESSAGE][PASSED] - Delayed 2 second(s)

2021-02-22 16:50:44 - [MESSAGE][PASSED] - Object: 'Object Repository/ProAcc_Consultant/ProgressMonitor/edit' is clicked on

2021-02-22 16:50:46 - [MESSAGE][PASSED] - Delayed 2 second(s)

2021-02-22 16:50:49 - [MESSAGE][PASSED] - Delayed 3 second(s)

2021-02-22 16:50:50 - [MESSAGE][PASSED] - Delayed 1 second(s)

2021-02-22 16:50:51 - [MESSAGE][PASSED] - Delayed 1 second(s)

2021-02-22 16:50:52 - [MESSAGE][PASSED] - Delayed 1 second(s)

2021-02-22 16:50:54 - [MESSAGE][PASSED] - Delayed 1 second(s)

2021-02-22 16:50:57 - [MESSAGE][PASSED] - Delayed 3 second(s)

2021-02-22 16:50:59 - [MESSAGE][PASSED] - Delayed 2 second(s)

2021-02-22 16:51:00 - [MESSAGE][WARNING] - A browser is already opened. Closing browser and opening a new one

2021-02-22 16:51:01 - [MESSAGE][INFO] - Starting 'Chrome' driver

2021-02-22 16:51:01 - [MESSAGE][INFO] - Action delay is set to 0 milliseconds

2021-02-22 16:51:03 - [MESSAGE][PASSED] - Browser is opened with url: ''

2021-02-22 16:51:03 - [MESSAGE][PASSED] - Current window maximized

2021-02-22 16:51:04 - [MESSAGE][PASSED] - Navigate to 'http://123.176.34.15:4041/ProAcc2QA' successfully

2021-02-22 16:51:05 - [MESSAGE][PASSED] - Text 'Akhil' is set on object 'Object Repository/ProAcc_Login/input_User Name_Username'

2021-02-22 16:51:05 - [MESSAGE][PASSED] - Text 'a12345@' is set on object 'Object Repository/ProAcc_Login/input_Password_Password'

2021-02-22 16:51:08 - [MESSAGE][PASSED] - Object: 'Object Repository/ProAcc_Login/button_Sign In' is clicked on

2021-02-22 16:51:10 - [MESSAGE][PASSED] - Delayed 2 second(s)

2021-02-22 16:51:11 - [MESSAGE][PASSED] - Text of object '' is: 'Consultant'

2021-02-22 16:51:13 - [MESSAGE][PASSED] - Object: '' is clicked on

2021-02-22 16:51:13 - [MESSAGE][PASSED] - Object: 'Object Repository/ProAcc_Consultant/ProgressMonitor/report_Btn' is clicked on

2021-02-22 16:51:14 - [MESSAGE][PASSED] - All options with label 'Post Conversion' are selected in object 'Object Repository/ProAcc_Pm/ProAcc_ResourceAllocation/PhaseName'  using regular expression

2021-02-22 16:51:16 - [MESSAGE][PASSED] - Delayed 2 second(s)

2021-02-22 16:51:17 - [MESSAGE][PASSED] - Text of object '' is: 'Consultant'

2021-02-22 16:51:18 - [MESSAGE][PASSED] - All options with label 'Cipla Industries' are selected in object 'Object Repository/ProAcc_Consultant/ProgressMonitor/Select_Customer'  using regular expression

2021-02-22 16:51:19 - [MESSAGE][PASSED] - All options with label 'TestProject' are selected in object 'Object Repository/ProAcc_Consultant/ProgressMonitor/Select_Project'  using regular expression

2021-02-22 16:51:20 - [MESSAGE][PASSED] - All options with label 'TP1' are selected in object 'Object Repository/ProAcc_Consultant/ProgressMonitor/Select_Instance'  using regular expression

2021-02-22 16:51:22 - [MESSAGE][PASSED] - Delayed 2 second(s)

2021-02-22 16:51:22 - [MESSAGE][PASSED] - Object: 'Object Repository/ProAcc_Consultant/ProgressMonitor/edit' is clicked on

2021-02-22 16:51:24 - [MESSAGE][PASSED] - Delayed 2 second(s)

2021-02-22 16:51:27 - [MESSAGE][PASSED] - Delayed 3 second(s)

2021-02-22 16:51:28 - [MESSAGE][PASSED] - Delayed 1 second(s)

2021-02-22 16:51:29 - [MESSAGE][PASSED] - Delayed 1 second(s)

2021-02-22 16:51:30 - [MESSAGE][PASSED] - Delayed 1 second(s)

2021-02-22 16:51:32 - [MESSAGE][PASSED] - Delayed 1 second(s)

2021-02-22 16:51:35 - [MESSAGE][PASSED] - Delayed 3 second(s)

2021-02-22 16:51:37 - [MESSAGE][PASSED] - Delayed 2 second(s)

2021-02-22 16:51:39 - [MESSAGE][WARNING] - A browser is already opened. Closing browser and opening a new one

2021-02-22 16:51:39 - [MESSAGE][INFO] - Starting 'Chrome' driver

2021-02-22 16:51:39 - [MESSAGE][INFO] - Action delay is set to 0 milliseconds

2021-02-22 16:51:42 - [MESSAGE][PASSED] - Browser is opened with url: ''

2021-02-22 16:51:42 - [MESSAGE][PASSED] - Current window maximized

2021-02-22 16:51:42 - [MESSAGE][PASSED] - Navigate to 'http://123.176.34.15:4041/ProAcc2QA' successfully

2021-02-22 16:51:43 - [MESSAGE][PASSED] - Text 'Akhil' is set on object 'Object Repository/ProAcc_Login/input_User Name_Username'

2021-02-22 16:51:44 - [MESSAGE][PASSED] - Text 'a12345@' is set on object 'Object Repository/ProAcc_Login/input_Password_Password'

2021-02-22 16:51:47 - [MESSAGE][PASSED] - Object: 'Object Repository/ProAcc_Login/button_Sign In' is clicked on

2021-02-22 16:51:49 - [MESSAGE][PASSED] - Delayed 2 second(s)

2021-02-22 16:51:49 - [MESSAGE][PASSED] - Text of object '' is: 'Consultant'

2021-02-22 16:51:51 - [MESSAGE][PASSED] - Object: '' is clicked on

2021-02-22 16:51:52 - [MESSAGE][PASSED] - Object: 'Object Repository/ProAcc_Consultant/ProgressMonitor/report_Btn' is clicked on

2021-02-22 16:51:53 - [MESSAGE][PASSED] - All options with label 'Post Conversion' are selected in object 'Object Repository/ProAcc_Pm/ProAcc_ResourceAllocation/PhaseName'  using regular expression

2021-02-22 16:51:55 - [MESSAGE][PASSED] - Delayed 2 second(s)

2021-02-22 16:51:55 - [MESSAGE][PASSED] - Text of object '' is: 'Consultant'

2021-02-22 16:51:56 - [MESSAGE][PASSED] - All options with label 'Cipla Industries' are selected in object 'Object Repository/ProAcc_Consultant/ProgressMonitor/Select_Customer'  using regular expression

2021-02-22 16:51:58 - [MESSAGE][PASSED] - All options with label 'TestProject' are selected in object 'Object Repository/ProAcc_Consultant/ProgressMonitor/Select_Project'  using regular expression

2021-02-22 16:51:59 - [MESSAGE][PASSED] - All options with label 'TP1' are selected in object 'Object Repository/ProAcc_Consultant/ProgressMonitor/Select_Instance'  using regular expression

2021-02-22 16:52:01 - [MESSAGE][PASSED] - Delayed 2 second(s)

2021-02-22 16:52:01 - [MESSAGE][PASSED] - Object: 'Object Repository/ProAcc_Consultant/ProgressMonitor/edit' is clicked on

2021-02-22 16:52:03 - [MESSAGE][PASSED] - Delayed 2 second(s)

2021-02-22 16:52:06 - [MESSAGE][PASSED] - Delayed 3 second(s)

2021-02-22 16:52:07 - [MESSAGE][PASSED] - Delayed 1 second(s)

2021-02-22 16:52:08 - [MESSAGE][PASSED] - Delayed 1 second(s)

2021-02-22 16:52:09 - [MESSAGE][PASSED] - Delayed 1 second(s)

2021-02-22 16:52:11 - [MESSAGE][PASSED] - Delayed 1 second(s)

2021-02-22 16:52:14 - [MESSAGE][PASSED] - Delayed 3 second(s)

2021-02-22 16:52:16 - [MESSAGE][PASSED] - Delayed 2 second(s)

2021-02-22 16:52:17 - [MESSAGE][WARNING] - A browser is already opened. Closing browser and opening a new one

2021-02-22 16:52:18 - [MESSAGE][INFO] - Starting 'Chrome' driver

2021-02-22 16:52:18 - [MESSAGE][INFO] - Action delay is set to 0 milliseconds

2021-02-22 16:52:20 - [MESSAGE][PASSED] - Browser is opened with url: ''

2021-02-22 16:52:20 - [MESSAGE][PASSED] - Current window maximized

2021-02-22 16:52:21 - [MESSAGE][PASSED] - Navigate to 'http://123.176.34.15:4041/ProAcc2QA' successfully

2021-02-22 16:52:22 - [MESSAGE][PASSED] - Text 'Seena' is set on object 'Object Repository/ProAcc_Login/input_User Name_Username'

2021-02-22 16:52:23 - [MESSAGE][PASSED] - Text 'a12345@' is set on object 'Object Repository/ProAcc_Login/input_Password_Password'

2021-02-22 16:52:25 - [MESSAGE][PASSED] - Object: 'Object Repository/ProAcc_Login/button_Sign In' is clicked on

2021-02-22 16:52:27 - [MESSAGE][PASSED] - Delayed 2 second(s)

2021-02-22 16:52:27 - [MESSAGE][PASSED] - Text of object '' is: 'Consultant'

2021-02-22 16:52:29 - [MESSAGE][PASSED] - Object: '' is clicked on

2021-02-22 16:52:30 - [MESSAGE][PASSED] - Object: 'Object Repository/ProAcc_Consultant/ProgressMonitor/report_Btn' is clicked on

2021-02-22 16:52:31 - [MESSAGE][PASSED] - All options with label 'Post Conversion' are selected in object 'Object Repository/ProAcc_Pm/ProAcc_ResourceAllocation/PhaseName'  using regular expression

2021-02-22 16:52:33 - [MESSAGE][PASSED] - Delayed 2 second(s)

2021-02-22 16:52:33 - [MESSAGE][PASSED] - Text of object '' is: 'Consultant'

2021-02-22 16:52:34 - [MESSAGE][PASSED] - All options with label 'Cipla Industries' are selected in object 'Object Repository/ProAcc_Consultant/ProgressMonitor/Select_Customer'  using regular expression

2021-02-22 16:52:36 - [MESSAGE][PASSED] - All options with label 'TestProject' are selected in object 'Object Repository/ProAcc_Consultant/ProgressMonitor/Select_Project'  using regular expression

2021-02-22 16:52:37 - [MESSAGE][PASSED] - All options with label 'TP1' are selected in object 'Object Repository/ProAcc_Consultant/ProgressMonitor/Select_Instance'  using regular expression

2021-02-22 16:52:39 - [MESSAGE][PASSED] - Delayed 2 second(s)

2021-02-22 16:52:39 - [MESSAGE][PASSED] - Object: 'Object Repository/ProAcc_Consultant/ProgressMonitor/edit' is clicked on

2021-02-22 16:52:41 - [MESSAGE][PASSED] - Delayed 2 second(s)

2021-02-22 16:52:44 - [MESSAGE][PASSED] - Delayed 3 second(s)

2021-02-22 16:52:45 - [MESSAGE][PASSED] - Delayed 1 second(s)

2021-02-22 16:52:46 - [MESSAGE][PASSED] - Delayed 1 second(s)

2021-02-22 16:52:47 - [MESSAGE][PASSED] - Delayed 1 second(s)

2021-02-22 16:52:49 - [MESSAGE][PASSED] - Delayed 1 second(s)

2021-02-22 16:52:52 - [MESSAGE][PASSED] - Delayed 3 second(s)

2021-02-22 16:52:54 - [MESSAGE][PASSED] - Delayed 2 second(s)

2021-02-22 16:52:55 - [MESSAGE][WARNING] - A browser is already opened. Closing browser and opening a new one

2021-02-22 16:52:56 - [MESSAGE][INFO] - Starting 'Chrome' driver

2021-02-22 16:52:56 - [MESSAGE][INFO] - Action delay is set to 0 milliseconds

2021-02-22 16:52:59 - [MESSAGE][PASSED] - Browser is opened with url: ''

2021-02-22 16:52:59 - [MESSAGE][PASSED] - Current window maximized

2021-02-22 16:52:59 - [MESSAGE][PASSED] - Navigate to 'http://123.176.34.15:4041/ProAcc2QA' successfully

2021-02-22 16:53:00 - [MESSAGE][PASSED] - Text 'Seena' is set on object 'Object Repository/ProAcc_Login/input_User Name_Username'

2021-02-22 16:53:01 - [MESSAGE][PASSED] - Text 'a12345@' is set on object 'Object Repository/ProAcc_Login/input_Password_Password'

2021-02-22 16:53:04 - [MESSAGE][PASSED] - Object: 'Object Repository/ProAcc_Login/button_Sign In' is clicked on

2021-02-22 16:53:06 - [MESSAGE][PASSED] - Delayed 2 second(s)

2021-02-22 16:53:06 - [MESSAGE][PASSED] - Text of object '' is: 'Consultant'

2021-02-22 16:53:08 - [MESSAGE][PASSED] - Object: '' is clicked on

2021-02-22 16:53:08 - [MESSAGE][PASSED] - Object: 'Object Repository/ProAcc_Consultant/ProgressMonitor/report_Btn' is clicked on

2021-02-22 16:53:10 - [MESSAGE][PASSED] - All options with label 'Post Conversion' are selected in object 'Object Repository/ProAcc_Pm/ProAcc_ResourceAllocation/PhaseName'  using regular expression

2021-02-22 16:53:12 - [MESSAGE][PASSED] - Delayed 2 second(s)

2021-02-22 16:53:12 - [MESSAGE][PASSED] - Text of object '' is: 'Consultant'

2021-02-22 16:53:13 - [MESSAGE][PASSED] - All options with label 'Cipla Industries' are selected in object 'Object Repository/ProAcc_Consultant/ProgressMonitor/Select_Customer'  using regular expression

2021-02-22 16:53:14 - [MESSAGE][PASSED] - All options with label 'TestProject' are selected in object 'Object Repository/ProAcc_Consultant/ProgressMonitor/Select_Project'  using regular expression

2021-02-22 16:53:15 - [MESSAGE][PASSED] - All options with label 'TP1' are selected in object 'Object Repository/ProAcc_Consultant/ProgressMonitor/Select_Instance'  using regular expression

2021-02-22 16:53:17 - [MESSAGE][PASSED] - Delayed 2 second(s)

2021-02-22 16:53:17 - [MESSAGE][PASSED] - Object: 'Object Repository/ProAcc_Consultant/ProgressMonitor/edit' is clicked on

2021-02-22 16:53:19 - [MESSAGE][PASSED] - Delayed 2 second(s)

2021-02-22 16:53:22 - [MESSAGE][PASSED] - Delayed 3 second(s)

2021-02-22 16:53:23 - [MESSAGE][PASSED] - Delayed 1 second(s)

2021-02-22 16:53:25 - [MESSAGE][PASSED] - Delayed 1 second(s)

2021-02-22 16:53:26 - [MESSAGE][PASSED] - Delayed 1 second(s)

2021-02-22 16:53:27 - [MESSAGE][PASSED] - Delayed 1 second(s)

2021-02-22 16:53:30 - [MESSAGE][PASSED] - Delayed 3 second(s)

2021-02-22 16:53:32 - [MESSAGE][PASSED] - Delayed 2 second(s)

2021-02-22 16:53:33 - [MESSAGE][WARNING] - A browser is already opened. Closing browser and opening a new one

2021-02-22 16:53:34 - [MESSAGE][INFO] - Starting 'Chrome' driver

2021-02-22 16:53:34 - [MESSAGE][INFO] - Action delay is set to 0 milliseconds

2021-02-22 16:53:36 - [MESSAGE][PASSED] - Browser is opened with url: ''

2021-02-22 16:53:37 - [MESSAGE][PASSED] - Current window maximized

2021-02-22 16:53:37 - [MESSAGE][PASSED] - Navigate to 'http://123.176.34.15:4041/ProAcc2QA' successfully

2021-02-22 16:53:38 - [MESSAGE][PASSED] - Text 'Abhi' is set on object 'Object Repository/ProAcc_Login/input_User Name_Username'

2021-02-22 16:53:39 - [MESSAGE][PASSED] - Text 'a12345@' is set on object 'Object Repository/ProAcc_Login/input_Password_Password'

2021-02-22 16:53:41 - [MESSAGE][PASSED] - Object: 'Object Repository/ProAcc_Login/button_Sign In' is clicked on

2021-02-22 16:53:43 - [MESSAGE][PASSED] - Delayed 2 second(s)

2021-02-22 16:53:43 - [MESSAGE][PASSED] - Text of object '' is: 'Consultant'

2021-02-22 16:53:45 - [MESSAGE][PASSED] - Object: '' is clicked on

2021-02-22 16:53:46 - [MESSAGE][PASSED] - Object: 'Object Repository/ProAcc_Consultant/ProgressMonitor/report_Btn' is clicked on

2021-02-22 16:53:47 - [MESSAGE][PASSED] - All options with label 'Post Conversion' are selected in object 'Object Repository/ProAcc_Pm/ProAcc_ResourceAllocation/PhaseName'  using regular expression

2021-02-22 16:53:49 - [MESSAGE][PASSED] - Delayed 2 second(s)

2021-02-22 16:53:49 - [MESSAGE][PASSED] - Text of object '' is: 'Consultant'

2021-02-22 16:53:50 - [MESSAGE][PASSED] - All options with label 'Cipla Industries' are selected in object 'Object Repository/ProAcc_Consultant/ProgressMonitor/Select_Customer'  using regular expression

2021-02-22 16:53:51 - [MESSAGE][PASSED] - All options with label 'TestProject' are selected in object 'Object Repository/ProAcc_Consultant/ProgressMonitor/Select_Project'  using regular expression

2021-02-22 16:53:53 - [MESSAGE][PASSED] - All options with label 'TP1' are selected in object 'Object Repository/ProAcc_Consultant/ProgressMonitor/Select_Instance'  using regular expression

2021-02-22 16:53:55 - [MESSAGE][PASSED] - Delayed 2 second(s)

2021-02-22 16:53:55 - [MESSAGE][PASSED] - Object: 'Object Repository/ProAcc_Consultant/ProgressMonitor/edit' is clicked on

2021-02-22 16:53:57 - [MESSAGE][PASSED] - Delayed 2 second(s)

2021-02-22 16:54:00 - [MESSAGE][PASSED] - Delayed 3 second(s)

2021-02-22 16:54:01 - [MESSAGE][PASSED] - Delayed 1 second(s)

2021-02-22 16:54:02 - [MESSAGE][PASSED] - Delayed 1 second(s)

2021-02-22 16:54:03 - [MESSAGE][PASSED] - Delayed 1 second(s)

2021-02-22 16:54:05 - [MESSAGE][PASSED] - Delayed 1 second(s)

2021-02-22 16:54:08 - [MESSAGE][PASSED] - Delayed 3 second(s)

2021-02-22 16:54:10 - [MESSAGE][PASSED] - Delayed 2 second(s)

2021-02-22 16:54:11 - [MESSAGE][PASSED] - Run with 'phase_runner.ProgressMonitor_Consultant_PostCon_Runner' was passed]]></system-out>
         <system-err><![CDATA[]]></system-err>
      </testcase>
      <system-out><![CDATA[2021-02-22 16:08:28 - [TEST_SUITE][PASSED] - ProAcc_Suite: Test Cases/Tc_ProAcc_Consultant/Tc_ProgressMonitorConsultant_PostConversion]]></system-out>
      <system-err><![CDATA[]]></system-err>
   </testsuite>
</testsuites>
